This file contains any messages produced by compilers while
running configure, to aid debugging if configure makes a mistake.

It was created by yp-tools configure 2.14, which was
generated by GNU Autoconf 2.69.  Invocation command line was

  $ ./configure --prefix=/usr --libdir=/usr/lib64 --disable-domainname x86_64-slackware-linux

## --------- ##
## Platform. ##
## --------- ##

hostname = srv-x230
uname -m = x86_64
uname -r = 5.7.12_1
uname -s = Linux
uname -v = #1 SMP Sat Aug 1 07:52:51 UTC 2020

/usr/bin/uname -p = unknown
/bin/uname -X     = unknown

/bin/arch              = x86_64
/usr/bin/arch -k       = unknown
/usr/convex/getsysinfo = unknown
/usr/bin/hostinfo      = unknown
/bin/machine           = unknown
/usr/bin/oslevel       = unknown
/bin/universe          = unknown

PATH: /usr/bin
PATH: /bin
PATH: /usr/sbin
PATH: /sbin
PATH: /usr/local/sbin
PATH: /usr/local/bin
PATH: /home/nikosc/.bin
PATH: /home/nikosc/.help
PATH: /usr/pkg/bin
PATH: /usr/pkg/sbin
PATH: /root/.bin
PATH: /root/.help


## ----------- ##
## Core tests. ##
## ----------- ##

configure:2246: checking for a BSD-compatible install
configure:2314: result: /usr/bin/install -c
configure:2325: checking whether build environment is sane
configure:2380: result: yes
configure:2531: checking for a thread-safe mkdir -p
configure:2570: result: /usr/bin/mkdir -p
configure:2577: checking for gawk
configure:2593: found /usr/bin/gawk
configure:2604: result: gawk
configure:2615: checking whether make sets $(MAKE)
configure:2637: result: yes
configure:2789: checking for x86_64-slackware-linux-gcc
configure:2819: result: no
configure:2829: checking for gcc
configure:2845: found /usr/bin/gcc
configure:2856: result: gcc
configure:3085: checking for C compiler version
configure:3094: gcc --version >&5
gcc (GCC) 9.3.0
Copyright (C) 2019 Free Software Foundation, Inc.
This is free software; see the source for copying conditions.  There is NO
warranty; not even for MERCHANTABILITY or FITNESS FOR A PARTICULAR PURPOSE.

configure:3105: $? = 0
configure:3094: gcc -v >&5
Using built-in specs.
COLLECT_GCC=gcc
COLLECT_LTO_WRAPPER=/usr/lib/gcc/x86_64-unknown-linux-gnu/9.3.0/lto-wrapper
Target: x86_64-unknown-linux-gnu
Configured with: /builddir/gcc-9.3.0/configure --build=x86_64-unknown-linux-gnu --enable-fast-character --enable-vtable-verify --prefix=/usr --mandir=/usr/share/man --infodir=/usr/share/info --libexecdir=/usr/lib --libdir=/usr/lib --enable-threads=posix --enable-__cxa_atexit --disable-multilib --with-system-zlib --enable-shared --enable-lto --enable-plugins --enable-linker-build-id --disable-werror --disable-nls --enable-default-pie --enable-default-ssp --enable-checking=release --disable-libstdcxx-pch --with-isl --with-linker-hash-style=gnu --disable-libunwind-exceptions --disable-target-libiberty --enable-serial-configure --enable-languages=c,c++,objc,obj-c++,fortran,lto,go,ada
Thread model: posix
gcc version 9.3.0 (GCC) 
configure:3105: $? = 0
configure:3094: gcc -V >&5
gcc: error: unrecognized command line option '-V'
gcc: fatal error: no input files
compilation terminated.
configure:3105: $? = 1
configure:3094: gcc -qversion >&5
gcc: error: unrecognized command line option '-qversion'; did you mean '--version'?
gcc: fatal error: no input files
compilation terminated.
configure:3105: $? = 1
configure:3125: checking whether the C compiler works
configure:3147: gcc    conftest.c  >&5
configure:3151: $? = 0
configure:3199: result: yes
configure:3202: checking for C compiler default output file name
configure:3204: result: a.out
configure:3210: checking for suffix of executables
configure:3217: gcc -o conftest    conftest.c  >&5
configure:3221: $? = 0
configure:3243: result: 
configure:3265: checking whether we are cross compiling
configure:3273: gcc -o conftest    conftest.c  >&5
configure:3277: $? = 0
configure:3284: ./conftest
configure:3288: $? = 0
configure:3303: result: no
configure:3308: checking for suffix of object files
configure:3330: gcc -c   conftest.c >&5
configure:3334: $? = 0
configure:3355: result: o
configure:3359: checking whether we are using the GNU C compiler
configure:3378: gcc -c   conftest.c >&5
configure:3378: $? = 0
configure:3387: result: yes
configure:3396: checking whether gcc accepts -g
configure:3416: gcc -c -g  conftest.c >&5
configure:3416: $? = 0
configure:3457: result: yes
configure:3474: checking for gcc option to accept ISO C89
configure:3537: gcc  -c -g -O2  conftest.c >&5
configure:3537: $? = 0
configure:3550: result: none needed
configure:3581: checking for style of include used by make
configure:3609: result: GNU
configure:3635: checking dependency style of gcc
configure:3746: result: gcc3
configure:3762: checking whether gcc and cc understand -c and -o together
configure:3793: gcc -c conftest.c -o conftest2.o >&5
configure:3797: $? = 0
configure:3803: gcc -c conftest.c -o conftest2.o >&5
configure:3807: $? = 0
configure:3818: cc -c conftest.c >&5
configure:3822: $? = 0
configure:3830: cc -c conftest.c -o conftest2.o >&5
configure:3834: $? = 0
configure:3840: cc -c conftest.c -o conftest2.o >&5
configure:3844: $? = 0
configure:3862: result: yes
configure:3894: checking how to run the C preprocessor
configure:3925: gcc -E  conftest.c
configure:3925: $? = 0
configure:3939: gcc -E  conftest.c
conftest.c:11:10: fatal error: ac_nonexistent.h: No such file or directory
   11 | #include <ac_nonexistent.h>
      |          ^~~~~~~~~~~~~~~~~~
compilation terminated.
configure:3939: $? = 1
configure: failed program was:
| /* confdefs.h */
| #define PACKAGE_NAME "yp-tools"
| #define PACKAGE_TARNAME "yp-tools"
| #define PACKAGE_VERSION "2.14"
| #define PACKAGE_STRING "yp-tools 2.14"
| #define PACKAGE_BUGREPORT "kukuk@linux-nis.org"
| #define PACKAGE_URL ""
| #define PACKAGE "yp-tools"
| #define VERSION "2.14"
| /* end confdefs.h.  */
| #include <ac_nonexistent.h>
configure:3964: result: gcc -E
configure:3984: gcc -E  conftest.c
configure:3984: $? = 0
configure:3998: gcc -E  conftest.c
conftest.c:11:10: fatal error: ac_nonexistent.h: No such file or directory
   11 | #include <ac_nonexistent.h>
      |          ^~~~~~~~~~~~~~~~~~
compilation terminated.
configure:3998: $? = 1
configure: failed program was:
| /* confdefs.h */
| #define PACKAGE_NAME "yp-tools"
| #define PACKAGE_TARNAME "yp-tools"
| #define PACKAGE_VERSION "2.14"
| #define PACKAGE_STRING "yp-tools 2.14"
| #define PACKAGE_BUGREPORT "kukuk@linux-nis.org"
| #define PACKAGE_URL ""
| #define PACKAGE "yp-tools"
| #define VERSION "2.14"
| /* end confdefs.h.  */
| #include <ac_nonexistent.h>
configure:4028: checking for strerror in -lcposix
configure:4053: gcc -o conftest -g -O2   conftest.c -lcposix   >&5
/usr/bin/ld: cannot find -lcposix
collect2: error: ld returned 1 exit status
configure:4053: $? = 1
configure: failed program was:
| /* confdefs.h */
| #define PACKAGE_NAME "yp-tools"
| #define PACKAGE_TARNAME "yp-tools"
| #define PACKAGE_VERSION "2.14"
| #define PACKAGE_STRING "yp-tools 2.14"
| #define PACKAGE_BUGREPORT "kukuk@linux-nis.org"
| #define PACKAGE_URL ""
| #define PACKAGE "yp-tools"
| #define VERSION "2.14"
| /* end confdefs.h.  */
| 
| /* Override any GCC internal prototype to avoid an error.
|    Use char because int might match the return type of a GCC
|    builtin and then its argument prototype would still apply.  */
| #ifdef __cplusplus
| extern "C"
| #endif
| char strerror ();
| int
| main ()
| {
| return strerror ();
|   ;
|   return 0;
| }
configure:4062: result: no
configure:4071: checking whether make sets $(MAKE)
configure:4093: result: yes
configure:4105: checking for x86_64-slackware-linux-ranlib
configure:4135: result: no
configure:4145: checking for ranlib
configure:4161: found /usr/bin/ranlib
configure:4172: result: ranlib
configure:4321: checking for yp_get_default_domain in -lnsl
configure:4346: gcc -o conftest -g -O2   conftest.c -lnsl   >&5
configure:4346: $? = 0
configure:4355: result: yes
configure:4367: checking for crypt in -lxcrypt
configure:4392: gcc -o conftest -g -O2   conftest.c -lxcrypt  -lnsl  >&5
/usr/bin/ld: cannot find -lxcrypt
collect2: error: ld returned 1 exit status
configure:4392: $? = 1
configure: failed program was:
| /* confdefs.h */
| #define PACKAGE_NAME "yp-tools"
| #define PACKAGE_TARNAME "yp-tools"
| #define PACKAGE_VERSION "2.14"
| #define PACKAGE_STRING "yp-tools 2.14"
| #define PACKAGE_BUGREPORT "kukuk@linux-nis.org"
| #define PACKAGE_URL ""
| #define PACKAGE "yp-tools"
| #define VERSION "2.14"
| #define HAVE_LIBNSL 1
| /* end confdefs.h.  */
| 
| /* Override any GCC internal prototype to avoid an error.
|    Use char because int might match the return type of a GCC
|    builtin and then its argument prototype would still apply.  */
| #ifdef __cplusplus
| extern "C"
| #endif
| char crypt ();
| int
| main ()
| {
| return crypt ();
|   ;
|   return 0;
| }
configure:4401: result: no
configure:4410: checking for crypt in -lcrypt
configure:4435: gcc -o conftest -g -O2   conftest.c -lcrypt  -lnsl  >&5
configure:4435: $? = 0
configure:4444: result: yes
configure:4453: checking for grep that handles long lines and -e
configure:4511: result: /usr/bin/grep
configure:4516: checking for egrep
configure:4578: result: /usr/bin/grep -E
configure:4583: checking for ANSI C header files
configure:4603: gcc -c -g -O2  conftest.c >&5
configure:4603: $? = 0
configure:4676: gcc -o conftest -g -O2   conftest.c -lnsl  >&5
configure:4676: $? = 0
configure:4676: ./conftest
configure:4676: $? = 0
configure:4687: result: yes
configure:4700: checking for sys/types.h
configure:4700: gcc -c -g -O2  conftest.c >&5
configure:4700: $? = 0
configure:4700: result: yes
configure:4700: checking for sys/stat.h
configure:4700: gcc -c -g -O2  conftest.c >&5
configure:4700: $? = 0
configure:4700: result: yes
configure:4700: checking for stdlib.h
configure:4700: gcc -c -g -O2  conftest.c >&5
configure:4700: $? = 0
configure:4700: result: yes
configure:4700: checking for string.h
configure:4700: gcc -c -g -O2  conftest.c >&5
configure:4700: $? = 0
configure:4700: result: yes
configure:4700: checking for memory.h
configure:4700: gcc -c -g -O2  conftest.c >&5
configure:4700: $? = 0
configure:4700: result: yes
configure:4700: checking for strings.h
configure:4700: gcc -c -g -O2  conftest.c >&5
configure:4700: $? = 0
configure:4700: result: yes
configure:4700: checking for inttypes.h
configure:4700: gcc -c -g -O2  conftest.c >&5
configure:4700: $? = 0
configure:4700: result: yes
configure:4700: checking for stdint.h
configure:4700: gcc -c -g -O2  conftest.c >&5
configure:4700: $? = 0
configure:4700: result: yes
configure:4700: checking for unistd.h
configure:4700: gcc -c -g -O2  conftest.c >&5
configure:4700: $? = 0
configure:4700: result: yes
configure:4714: checking crypt.h usability
configure:4714: gcc -c -g -O2  conftest.c >&5
configure:4714: $? = 0
configure:4714: result: yes
configure:4714: checking crypt.h presence
configure:4714: gcc -E  conftest.c
configure:4714: $? = 0
configure:4714: result: yes
configure:4714: checking for crypt.h
configure:4714: result: yes
configure:4787: checking for ANSI C header files
configure:4891: result: yes
configure:4902: checking getopt.h usability
configure:4902: gcc -c -g -O2  conftest.c >&5
configure:4902: $? = 0
configure:4902: result: yes
configure:4902: checking getopt.h presence
configure:4902: gcc -E  conftest.c
configure:4902: $? = 0
configure:4902: result: yes
configure:4902: checking for getopt.h
configure:4902: result: yes
configure:4902: checking rpc/clnt_soc.h usability
configure:4902: gcc -c -g -O2  conftest.c >&5
conftest.c:58:10: fatal error: rpc/clnt_soc.h: No such file or directory
   58 | #include <rpc/clnt_soc.h>
      |          ^~~~~~~~~~~~~~~~
compilation terminated.
configure:4902: $? = 1
configure: failed program was:
| /* confdefs.h */
| #define PACKAGE_NAME "yp-tools"
| #define PACKAGE_TARNAME "yp-tools"
| #define PACKAGE_VERSION "2.14"
| #define PACKAGE_STRING "yp-tools 2.14"
| #define PACKAGE_BUGREPORT "kukuk@linux-nis.org"
| #define PACKAGE_URL ""
| #define PACKAGE "yp-tools"
| #define VERSION "2.14"
| #define HAVE_LIBNSL 1
| #define STDC_HEADERS 1
| #define HAVE_SYS_TYPES_H 1
| #define HAVE_SYS_STAT_H 1
| #define HAVE_STDLIB_H 1
| #define HAVE_STRING_H 1
| #define HAVE_MEMORY_H 1
| #define HAVE_STRINGS_H 1
| #define HAVE_INTTYPES_H 1
| #define HAVE_STDINT_H 1
| #define HAVE_UNISTD_H 1
| #define HAVE_CRYPT_H 1
| #define STDC_HEADERS 1
| #define HAVE_GETOPT_H 1
| /* end confdefs.h.  */
| #include <stdio.h>
| #ifdef HAVE_SYS_TYPES_H
| # include <sys/types.h>
| #endif
| #ifdef HAVE_SYS_STAT_H
| # include <sys/stat.h>
| #endif
| #ifdef STDC_HEADERS
| # include <stdlib.h>
| # include <stddef.h>
| #else
| # ifdef HAVE_STDLIB_H
| #  include <stdlib.h>
| # endif
| #endif
| #ifdef HAVE_STRING_H
| # if !defined STDC_HEADERS && defined HAVE_MEMORY_H
| #  include <memory.h>
| # endif
| # include <string.h>
| #endif
| #ifdef HAVE_STRINGS_H
| # include <strings.h>
| #endif
| #ifdef HAVE_INTTYPES_H
| # include <inttypes.h>
| #endif
| #ifdef HAVE_STDINT_H
| # include <stdint.h>
| #endif
| #ifdef HAVE_UNISTD_H
| # include <unistd.h>
| #endif
| #include <rpc/clnt_soc.h>
configure:4902: result: no
configure:4902: checking rpc/clnt_soc.h presence
configure:4902: gcc -E  conftest.c
conftest.c:25:10: fatal error: rpc/clnt_soc.h: No such file or directory
   25 | #include <rpc/clnt_soc.h>
      |          ^~~~~~~~~~~~~~~~
compilation terminated.
configure:4902: $? = 1
configure: failed program was:
| /* confdefs.h */
| #define PACKAGE_NAME "yp-tools"
| #define PACKAGE_TARNAME "yp-tools"
| #define PACKAGE_VERSION "2.14"
| #define PACKAGE_STRING "yp-tools 2.14"
| #define PACKAGE_BUGREPORT "kukuk@linux-nis.org"
| #define PACKAGE_URL ""
| #define PACKAGE "yp-tools"
| #define VERSION "2.14"
| #define HAVE_LIBNSL 1
| #define STDC_HEADERS 1
| #define HAVE_SYS_TYPES_H 1
| #define HAVE_SYS_STAT_H 1
| #define HAVE_STDLIB_H 1
| #define HAVE_STRING_H 1
| #define HAVE_MEMORY_H 1
| #define HAVE_STRINGS_H 1
| #define HAVE_INTTYPES_H 1
| #define HAVE_STDINT_H 1
| #define HAVE_UNISTD_H 1
| #define HAVE_CRYPT_H 1
| #define STDC_HEADERS 1
| #define HAVE_GETOPT_H 1
| /* end confdefs.h.  */
| #include <rpc/clnt_soc.h>
configure:4902: result: no
configure:4902: checking for rpc/clnt_soc.h
configure:4902: result: no
configure:4913: checking for an ANSI C-conforming const
configure:4979: gcc -c -g -O2  conftest.c >&5
configure:4979: $? = 0
configure:4986: result: yes
configure:4995: checking for getopt_long
configure:4995: gcc -o conftest -g -O2   conftest.c -lnsl  >&5
configure:4995: $? = 0
configure:4995: result: yes
configure:5013: checking for ypbinderr_string
configure:5013: gcc -o conftest -g -O2   conftest.c -lnsl  >&5
configure:5013: $? = 0
configure:5013: result: yes
configure:5029: checking for getline
configure:5029: gcc -o conftest -g -O2   conftest.c -lnsl  >&5
configure:5029: $? = 0
configure:5029: result: yes
configure:5039: checking for string.h
configure:5039: result: yes
configure:5049: checking for working getline function
configure:5079: gcc -o conftest -g -O2   conftest.c -lnsl  >&5
conftest.c: In function 'main':
conftest.c:42:7: warning: implicit declaration of function 'exit' [-Wimplicit-function-declaration]
   42 |       exit ((len == 4 && line && strcmp (line, "foo\n") == 0) ? 0 : 1);
      |       ^~~~
conftest.c:42:7: warning: incompatible implicit declaration of built-in function 'exit'
conftest.c:32:1: note: include '<stdlib.h>' or provide a declaration of 'exit'
   31 | #     include <string.h>
  +++ |+#include <stdlib.h>
   32 | #    endif
configure:5079: $? = 0
configure:5079: ./conftest
configure:5079: $? = 0
configure:5089: result: yes
configure:5117: checking for getline
configure:5117: result: yes
configure:5137: checking whether NLS is requested
configure:5146: result: yes
configure:5187: checking for msgfmt
configure: trying /usr/bin/msgfmt...
0 translated messages.
configure:5219: result: /usr/bin/msgfmt
configure:5228: checking for gmsgfmt
configure:5259: result: /usr/bin/msgfmt
configure:5310: checking for xgettext
configure: trying /usr/bin/xgettext...
/usr/bin/xgettext: warning: file '/dev/null' extension '' is unknown; will try C
configure:5342: result: /usr/bin/xgettext
configure:5388: checking for msgmerge
configure: trying /usr/bin/msgmerge...
configure:5419: result: /usr/bin/msgmerge
configure:5456: checking build system type
configure:5470: result: x86_64-slackware-linux-gnu
configure:5490: checking host system type
configure:5503: result: x86_64-slackware-linux-gnu
configure:5547: checking for ld used by GCC
configure:5611: result: /usr/bin/ld
configure:5618: checking if the linker (/usr/bin/ld) is GNU ld
configure:5631: result: yes
configure:5638: checking for shared library run path origin
configure:5651: result: done
configure:6152: checking for CFPreferencesCopyAppValue
configure:6170: gcc -o conftest -g -O2   conftest.c -lnsl  -Wl,-framework -Wl,CoreFoundation >&5
conftest.c:28:10: fatal error: CoreFoundation/CFPreferences.h: No such file or directory
   28 | #include <CoreFoundation/CFPreferences.h>
      |          ^~~~~~~~~~~~~~~~~~~~~~~~~~~~~~~~
compilation terminated.
configure:6170: $? = 1
configure: failed program was:
| /* confdefs.h */
| #define PACKAGE_NAME "yp-tools"
| #define PACKAGE_TARNAME "yp-tools"
| #define PACKAGE_VERSION "2.14"
| #define PACKAGE_STRING "yp-tools 2.14"
| #define PACKAGE_BUGREPORT "kukuk@linux-nis.org"
| #define PACKAGE_URL ""
| #define PACKAGE "yp-tools"
| #define VERSION "2.14"
| #define HAVE_LIBNSL 1
| #define STDC_HEADERS 1
| #define HAVE_SYS_TYPES_H 1
| #define HAVE_SYS_STAT_H 1
| #define HAVE_STDLIB_H 1
| #define HAVE_STRING_H 1
| #define HAVE_MEMORY_H 1
| #define HAVE_STRINGS_H 1
| #define HAVE_INTTYPES_H 1
| #define HAVE_STDINT_H 1
| #define HAVE_UNISTD_H 1
| #define HAVE_CRYPT_H 1
| #define STDC_HEADERS 1
| #define HAVE_GETOPT_H 1
| #define HAVE_YPBINDERR_STRING 1
| #define HAVE_STRING_H 1
| #define HAVE_GETLINE 1
| /* end confdefs.h.  */
| #include <CoreFoundation/CFPreferences.h>
| int
| main ()
| {
| CFPreferencesCopyAppValue(NULL, NULL)
|   ;
|   return 0;
| }
configure:6179: result: no
configure:6186: checking for CFLocaleCopyCurrent
configure:6204: gcc -o conftest -g -O2   conftest.c -lnsl  -Wl,-framework -Wl,CoreFoundation >&5
conftest.c:28:10: fatal error: CoreFoundation/CFLocale.h: No such file or directory
   28 | #include <CoreFoundation/CFLocale.h>
      |          ^~~~~~~~~~~~~~~~~~~~~~~~~~~
compilation terminated.
configure:6204: $? = 1
configure: failed program was:
| /* confdefs.h */
| #define PACKAGE_NAME "yp-tools"
| #define PACKAGE_TARNAME "yp-tools"
| #define PACKAGE_VERSION "2.14"
| #define PACKAGE_STRING "yp-tools 2.14"
| #define PACKAGE_BUGREPORT "kukuk@linux-nis.org"
| #define PACKAGE_URL ""
| #define PACKAGE "yp-tools"
| #define VERSION "2.14"
| #define HAVE_LIBNSL 1
| #define STDC_HEADERS 1
| #define HAVE_SYS_TYPES_H 1
| #define HAVE_SYS_STAT_H 1
| #define HAVE_STDLIB_H 1
| #define HAVE_STRING_H 1
| #define HAVE_MEMORY_H 1
| #define HAVE_STRINGS_H 1
| #define HAVE_INTTYPES_H 1
| #define HAVE_STDINT_H 1
| #define HAVE_UNISTD_H 1
| #define HAVE_CRYPT_H 1
| #define STDC_HEADERS 1
| #define HAVE_GETOPT_H 1
| #define HAVE_YPBINDERR_STRING 1
| #define HAVE_STRING_H 1
| #define HAVE_GETLINE 1
| /* end confdefs.h.  */
| #include <CoreFoundation/CFLocale.h>
| int
| main ()
| {
| CFLocaleCopyCurrent();
|   ;
|   return 0;
| }
configure:6213: result: no
configure:6262: checking for GNU gettext in libc
configure:6282: gcc -o conftest -g -O2   conftest.c -lnsl  >&5
configure:6282: $? = 0
configure:6291: result: yes
configure:7037: checking whether to use NLS
configure:7039: result: yes
configure:7042: checking where the gettext function comes from
configure:7053: result: libc
configure:7222: checking that generated files are newer than configure
configure:7228: result: done
configure:7251: creating ./config.status

## ---------------------- ##
## Running config.status. ##
## ---------------------- ##

This file was extended by yp-tools config.status 2.14, which was
generated by GNU Autoconf 2.69.  Invocation command line was

  CONFIG_FILES    = 
  CONFIG_HEADERS  = 
  CONFIG_LINKS    = 
  CONFIG_COMMANDS = 
  $ ./config.status 

on srv-x230

config.status:914: creating Makefile
config.status:914: creating lib/Makefile
config.status:914: creating src/Makefile
config.status:914: creating man/Makefile
config.status:914: creating etc/Makefile
config.status:914: creating po/Makefile.in
config.status:914: creating man/domainname.8
config.status:914: creating man/nicknames.5
config.status:914: creating man/ypcat.1
config.status:914: creating man/ypmatch.1
config.status:914: creating man/yppasswd.1
config.status:914: creating man/yppoll.8
config.status:914: creating man/ypset.8
config.status:914: creating man/yptest.8
config.status:914: creating man/ypwhich.1
config.status:914: creating config.h
config.status:1095: config.h is unchanged
config.status:1143: executing depfiles commands
config.status:1143: executing po-directories commands

## ---------------- ##
## Cache variables. ##
## ---------------- ##

ac_cv_build='x86_64-slackware-linux-gnu'
ac_cv_c_compiler_gnu='yes'
ac_cv_c_const='yes'
ac_cv_env_CC_set=''
ac_cv_env_CC_value=''
ac_cv_env_CFLAGS_set=''
ac_cv_env_CFLAGS_value=''
ac_cv_env_CPPFLAGS_set=''
ac_cv_env_CPPFLAGS_value=''
ac_cv_env_CPP_set=''
ac_cv_env_CPP_value=''
ac_cv_env_LDFLAGS_set=''
ac_cv_env_LDFLAGS_value=''
ac_cv_env_LIBS_set=''
ac_cv_env_LIBS_value=''
ac_cv_env_build_alias_set='set'
ac_cv_env_build_alias_value='x86_64-slackware-linux'
ac_cv_env_host_alias_set='set'
ac_cv_env_host_alias_value='x86_64-slackware-linux'
ac_cv_env_target_alias_set='set'
ac_cv_env_target_alias_value='x86_64-slackware-linux'
ac_cv_func_getline='yes'
ac_cv_func_getopt_long='yes'
ac_cv_func_ypbinderr_string='yes'
ac_cv_header_crypt_h='yes'
ac_cv_header_getopt_h='yes'
ac_cv_header_inttypes_h='yes'
ac_cv_header_memory_h='yes'
ac_cv_header_rpc_clnt_soc_h='no'
ac_cv_header_stdc='yes'
ac_cv_header_stdint_h='yes'
ac_cv_header_stdlib_h='yes'
ac_cv_header_string_h='yes'
ac_cv_header_strings_h='yes'
ac_cv_header_sys_stat_h='yes'
ac_cv_header_sys_types_h='yes'
ac_cv_header_unistd_h='yes'
ac_cv_host='x86_64-slackware-linux-gnu'
ac_cv_lib_cposix_strerror='no'
ac_cv_lib_crypt_crypt='yes'
ac_cv_lib_nsl_yp_get_default_domain='yes'
ac_cv_lib_xcrypt_crypt='no'
ac_cv_objext='o'
ac_cv_path_EGREP='/usr/bin/grep -E'
ac_cv_path_GMSGFMT='/usr/bin/msgfmt'
ac_cv_path_GREP='/usr/bin/grep'
ac_cv_path_MSGFMT='/usr/bin/msgfmt'
ac_cv_path_MSGMERGE='/usr/bin/msgmerge'
ac_cv_path_XGETTEXT='/usr/bin/xgettext'
ac_cv_path_install='/usr/bin/install -c'
ac_cv_path_mkdir='/usr/bin/mkdir'
ac_cv_prog_AWK='gawk'
ac_cv_prog_CPP='gcc -E'
ac_cv_prog_ac_ct_CC='gcc'
ac_cv_prog_ac_ct_RANLIB='ranlib'
ac_cv_prog_cc_c89=''
ac_cv_prog_cc_g='yes'
ac_cv_prog_cc_gcc_c_o='yes'
ac_cv_prog_make_make_set='yes'
acl_cv_hardcode_direct='no'
acl_cv_hardcode_libdir_flag_spec='${wl}-rpath ${wl}$libdir'
acl_cv_hardcode_libdir_separator=''
acl_cv_hardcode_minus_L='no'
acl_cv_libext='a'
acl_cv_libname_spec='lib$name'
acl_cv_library_names_spec='$libname$shrext'
acl_cv_path_LD='/usr/bin/ld'
acl_cv_prog_gnu_ld='yes'
acl_cv_rpath='done'
acl_cv_shlibext='so'
acl_cv_wl='-Wl,'
am_cv_CC_dependencies_compiler_type='gcc3'
am_cv_func_working_getline='yes'
gt_cv_func_CFLocaleCopyCurrent='no'
gt_cv_func_CFPreferencesCopyAppValue='no'
gt_cv_func_gnugettext1_libc='yes'

## ----------------- ##
## Output variables. ##
## ----------------- ##

ACLOCAL='${SHELL} /root/src/void-extra/yp/yp-tools-2.14/missing --run aclocal-1.12'
AMDEPBACKSLASH='\'
AMDEP_FALSE='#'
AMDEP_TRUE=''
AMTAR='$${TAR-tar}'
AUTOCONF='${SHELL} /root/src/void-extra/yp/yp-tools-2.14/missing --run autoconf'
AUTOHEADER='${SHELL} /root/src/void-extra/yp/yp-tools-2.14/missing --run autoheader'
AUTOMAKE='${SHELL} /root/src/void-extra/yp/yp-tools-2.14/missing --run automake-1.12'
AWK='gawk'
CC='gcc'
CCDEPMODE='depmode=gcc3'
CFLAGS='-g -O2'
CHFN_PROG=''
CHSH_PROG=''
CPP='gcc -E'
CPPFLAGS=''
CYGPATH_W='echo'
DEFS='-DHAVE_CONFIG_H'
DEPDIR='.deps'
DOMAINNAME=''
ECHO_C=''
ECHO_N='-n'
ECHO_T=''
EGREP='/usr/bin/grep -E'
EXEEXT=''
GETTEXT_MACRO_VERSION='0.17'
GMSGFMT='/usr/bin/msgfmt'
GMSGFMT_015='/usr/bin/msgfmt'
GREP='/usr/bin/grep'
INSTALL_DATA='${INSTALL} -m 644'
INSTALL_PROGRAM='${INSTALL}'
INSTALL_SCRIPT='${INSTALL}'
INSTALL_STRIP_PROGRAM='$(install_sh) -c -s'
INTLLIBS=''
INTL_MACOSX_LIBS=''
LDFLAGS=''
LIBCRACK=''
LIBCRYPT='-lcrypt'
LIBICONV='-liconv'
LIBINTL=''
LIBOBJS=''
LIBS='-lnsl '
LTLIBICONV='-liconv'
LTLIBINTL=''
LTLIBOBJS=''
MAKEINFO='${SHELL} /root/src/void-extra/yp/yp-tools-2.14/missing --run makeinfo'
MAN_DOMAINNAME=''
MKDIR_P='/usr/bin/mkdir -p'
MSGFMT='/usr/bin/msgfmt'
MSGFMT_015='/usr/bin/msgfmt'
MSGMERGE='/usr/bin/msgmerge'
OBJEXT='o'
PACKAGE='yp-tools'
PACKAGE_BUGREPORT='kukuk@linux-nis.org'
PACKAGE_NAME='yp-tools'
PACKAGE_STRING='yp-tools 2.14'
PACKAGE_TARNAME='yp-tools'
PACKAGE_URL=''
PACKAGE_VERSION='2.14'
PASSWD_PROG=''
PATH_SEPARATOR=':'
POSUB='po'
RANLIB='ranlib'
SET_MAKE=''
SHELL='/bin/sh'
STRIP=''
USE_NLS='yes'
VERSION='2.14'
WARNFLAGS='-W -Wall -Wbad-function-cast -Wcast-align -Winline -Wmissing-declarations -Wmissing-prototypes -Wnested-externs -Wshadow -Wstrict-prototypes -Wundef'
XGETTEXT='/usr/bin/xgettext'
XGETTEXT_015='/usr/bin/xgettext'
XGETTEXT_EXTRA_OPTIONS=''
ac_ct_CC='gcc'
am__EXEEXT_FALSE=''
am__EXEEXT_TRUE='#'
am__fastdepCC_FALSE='#'
am__fastdepCC_TRUE=''
am__include='include'
am__isrc=''
am__leading_dot='.'
am__nodep='_no'
am__quote=''
am__tar='$${TAR-tar} chof - "$$tardir"'
am__untar='$${TAR-tar} xf -'
bindir='${exec_prefix}/bin'
build='x86_64-slackware-linux-gnu'
build_alias='x86_64-slackware-linux'
build_cpu='x86_64'
build_os='linux-gnu'
build_vendor='slackware'
datadir='${datarootdir}'
datarootdir='${prefix}/share'
docdir='${datarootdir}/doc/${PACKAGE_TARNAME}'
dvidir='${docdir}'
exec_prefix='${prefix}'
host='x86_64-slackware-linux-gnu'
host_alias='x86_64-slackware-linux'
host_cpu='x86_64'
host_os='linux-gnu'
host_vendor='slackware'
htmldir='${docdir}'
includedir='${prefix}/include'
infodir='${datarootdir}/info'
install_sh='${SHELL} /root/src/void-extra/yp/yp-tools-2.14/install-sh'
libdir='/usr/lib64'
libexecdir='${exec_prefix}/lib/yp'
localedir='${datarootdir}/locale'
localstatedir='${prefix}/var'
mandir='${datarootdir}/man'
mkdir_p='/usr/bin/mkdir -p'
oldincludedir='/usr/include'
pdfdir='${docdir}'
prefix='/usr'
program_transform_name='s,x,x,'
psdir='${docdir}'
sbindir='${exec_prefix}/sbin'
sharedstatedir='${prefix}/com'
sysconfdir='${prefix}/etc'
target_alias='x86_64-slackware-linux'

## ----------- ##
## confdefs.h. ##
## ----------- ##

/* confdefs.h */
#define PACKAGE_NAME "yp-tools"
#define PACKAGE_TARNAME "yp-tools"
#define PACKAGE_VERSION "2.14"
#define PACKAGE_STRING "yp-tools 2.14"
#define PACKAGE_BUGREPORT "kukuk@linux-nis.org"
#define PACKAGE_URL ""
#define PACKAGE "yp-tools"
#define VERSION "2.14"
#define HAVE_LIBNSL 1
#define STDC_HEADERS 1
#define HAVE_SYS_TYPES_H 1
#define HAVE_SYS_STAT_H 1
#define HAVE_STDLIB_H 1
#define HAVE_STRING_H 1
#define HAVE_MEMORY_H 1
#define HAVE_STRINGS_H 1
#define HAVE_INTTYPES_H 1
#define HAVE_STDINT_H 1
#define HAVE_UNISTD_H 1
#define HAVE_CRYPT_H 1
#define STDC_HEADERS 1
#define HAVE_GETOPT_H 1
#define HAVE_YPBINDERR_STRING 1
#define HAVE_STRING_H 1
#define HAVE_GETLINE 1
#define ENABLE_NLS 1
#define HAVE_GETTEXT 1
#define HAVE_DCGETTEXT 1

configure: exit 0
