This file contains any messages produced by compilers while
running configure, to aid debugging if configure makes a mistake.

It was created by ypserv configure 4.0, which was
generated by GNU Autoconf 2.69.  Invocation command line was

  $ ./configure --prefix=/usr

## --------- ##
## Platform. ##
## --------- ##

hostname = quicksand64.local
uname -m = x86_64
uname -r = 5.7.13_1
uname -s = Linux
uname -v = #1 SMP Wed Aug 5 09:23:30 UTC 2020

/usr/bin/uname -p = unknown
/bin/uname -X     = unknown

/bin/arch              = x86_64
/usr/bin/arch -k       = unknown
/usr/convex/getsysinfo = unknown
/usr/bin/hostinfo      = unknown
/bin/machine           = unknown
/usr/bin/oslevel       = unknown
/bin/universe          = unknown

PATH: /usr/local/bin
PATH: /usr/bin
PATH: /bin
PATH: /usr/local/sbin
PATH: /usr/sbin
PATH: /sbin
PATH: /opt/texlive/2020/bin/x86_64-linux
PATH: /home/nikosc/.bin
PATH: /home/nikosc/.help
PATH: /root/.bin
PATH: /root/.help


## ----------- ##
## Core tests. ##
## ----------- ##

configure:2446: checking for a BSD-compatible install
configure:2514: result: /usr/bin/install -c
configure:2525: checking whether build environment is sane
configure:2580: result: yes
configure:2731: checking for a thread-safe mkdir -p
configure:2770: result: /usr/bin/mkdir -p
configure:2777: checking for gawk
configure:2793: found /usr/bin/gawk
configure:2804: result: gawk
configure:2815: checking whether make sets $(MAKE)
configure:2837: result: yes
configure:2866: checking whether make supports nested variables
configure:2883: result: yes
configure:3115: checking for gcc
configure:3131: found /usr/bin/gcc
configure:3142: result: gcc
configure:3371: checking for C compiler version
configure:3380: gcc --version >&5
gcc (GCC) 9.3.0
Copyright (C) 2019 Free Software Foundation, Inc.
This is free software; see the source for copying conditions.  There is NO
warranty; not even for MERCHANTABILITY or FITNESS FOR A PARTICULAR PURPOSE.

configure:3391: $? = 0
configure:3380: gcc -v >&5
Using built-in specs.
COLLECT_GCC=gcc
COLLECT_LTO_WRAPPER=/usr/lib/gcc/x86_64-unknown-linux-gnu/9.3.0/lto-wrapper
Target: x86_64-unknown-linux-gnu
Configured with: /builddir/gcc-9.3.0/configure --build=x86_64-unknown-linux-gnu --enable-fast-character --enable-vtable-verify --prefix=/usr --mandir=/usr/share/man --infodir=/usr/share/info --libexecdir=/usr/lib --libdir=/usr/lib --enable-threads=posix --enable-__cxa_atexit --disable-multilib --with-system-zlib --enable-shared --enable-lto --enable-plugins --enable-linker-build-id --disable-werror --disable-nls --enable-default-pie --enable-default-ssp --enable-checking=release --disable-libstdcxx-pch --with-isl --with-linker-hash-style=gnu --disable-libunwind-exceptions --disable-target-libiberty --enable-serial-configure --enable-languages=c,c++,objc,obj-c++,fortran,lto,go,ada
Thread model: posix
gcc version 9.3.0 (GCC) 
configure:3391: $? = 0
configure:3380: gcc -V >&5
gcc: error: unrecognized command line option '-V'
gcc: fatal error: no input files
compilation terminated.
configure:3391: $? = 1
configure:3380: gcc -qversion >&5
gcc: error: unrecognized command line option '-qversion'; did you mean '--version'?
gcc: fatal error: no input files
compilation terminated.
configure:3391: $? = 1
configure:3411: checking whether the C compiler works
configure:3433: gcc    conftest.c  >&5
configure:3437: $? = 0
configure:3485: result: yes
configure:3488: checking for C compiler default output file name
configure:3490: result: a.out
configure:3496: checking for suffix of executables
configure:3503: gcc -o conftest    conftest.c  >&5
configure:3507: $? = 0
configure:3529: result: 
configure:3551: checking whether we are cross compiling
configure:3559: gcc -o conftest    conftest.c  >&5
configure:3563: $? = 0
configure:3570: ./conftest
configure:3574: $? = 0
configure:3589: result: no
configure:3594: checking for suffix of object files
configure:3616: gcc -c   conftest.c >&5
configure:3620: $? = 0
configure:3641: result: o
configure:3645: checking whether we are using the GNU C compiler
configure:3664: gcc -c   conftest.c >&5
configure:3664: $? = 0
configure:3673: result: yes
configure:3682: checking whether gcc accepts -g
configure:3702: gcc -c -g  conftest.c >&5
configure:3702: $? = 0
configure:3743: result: yes
configure:3760: checking for gcc option to accept ISO C89
configure:3823: gcc  -c -g -O2  conftest.c >&5
configure:3823: $? = 0
configure:3836: result: none needed
configure:3861: checking whether gcc understands -c and -o together
configure:3883: gcc -c conftest.c -o conftest2.o
configure:3886: $? = 0
configure:3883: gcc -c conftest.c -o conftest2.o
configure:3886: $? = 0
configure:3898: result: yes
configure:3918: checking whether make supports the include directive
configure:3933: make -f confmf.GNU && cat confinc.out
this is the am__doit target
configure:3936: $? = 0
configure:3955: result: yes (GNU style)
configure:3980: checking dependency style of gcc
configure:4091: result: gcc3
configure:4107: checking for library containing strerror
configure:4138: gcc -o conftest -g -O2   conftest.c  >&5
configure:4138: $? = 0
configure:4155: result: none required
configure:4168: checking how to run the C preprocessor
configure:4199: gcc -E  conftest.c
configure:4199: $? = 0
configure:4213: gcc -E  conftest.c
conftest.c:11:10: fatal error: ac_nonexistent.h: No such file or directory
   11 | #include <ac_nonexistent.h>
      |          ^~~~~~~~~~~~~~~~~~
compilation terminated.
configure:4213: $? = 1
configure: failed program was:
| /* confdefs.h */
| #define PACKAGE_NAME "ypserv"
| #define PACKAGE_TARNAME "ypserv"
| #define PACKAGE_VERSION "4.0"
| #define PACKAGE_STRING "ypserv 4.0"
| #define PACKAGE_BUGREPORT "kukuk@linux-nis.org"
| #define PACKAGE_URL ""
| #define PACKAGE "ypserv"
| #define VERSION "4.0"
| /* end confdefs.h.  */
| #include <ac_nonexistent.h>
configure:4238: result: gcc -E
configure:4258: gcc -E  conftest.c
configure:4258: $? = 0
configure:4272: gcc -E  conftest.c
conftest.c:11:10: fatal error: ac_nonexistent.h: No such file or directory
   11 | #include <ac_nonexistent.h>
      |          ^~~~~~~~~~~~~~~~~~
compilation terminated.
configure:4272: $? = 1
configure: failed program was:
| /* confdefs.h */
| #define PACKAGE_NAME "ypserv"
| #define PACKAGE_TARNAME "ypserv"
| #define PACKAGE_VERSION "4.0"
| #define PACKAGE_STRING "ypserv 4.0"
| #define PACKAGE_BUGREPORT "kukuk@linux-nis.org"
| #define PACKAGE_URL ""
| #define PACKAGE "ypserv"
| #define VERSION "4.0"
| /* end confdefs.h.  */
| #include <ac_nonexistent.h>
configure:4301: checking whether make sets $(MAKE)
configure:4323: result: yes
configure:4375: checking for ranlib
configure:4391: found /usr/bin/ranlib
configure:4402: result: ranlib
configure:4426: checking for grep that handles long lines and -e
configure:4484: result: /usr/bin/grep
configure:4489: checking for egrep
configure:4551: result: /usr/bin/grep -E
configure:4556: checking for ANSI C header files
configure:4576: gcc -c -g -O2  conftest.c >&5
configure:4576: $? = 0
configure:4649: gcc -o conftest -g -O2   conftest.c  >&5
configure:4649: $? = 0
configure:4649: ./conftest
configure:4649: $? = 0
configure:4660: result: yes
configure:4673: checking for sys/types.h
configure:4673: gcc -c -g -O2  conftest.c >&5
configure:4673: $? = 0
configure:4673: result: yes
configure:4673: checking for sys/stat.h
configure:4673: gcc -c -g -O2  conftest.c >&5
configure:4673: $? = 0
configure:4673: result: yes
configure:4673: checking for stdlib.h
configure:4673: gcc -c -g -O2  conftest.c >&5
configure:4673: $? = 0
configure:4673: result: yes
configure:4673: checking for string.h
configure:4673: gcc -c -g -O2  conftest.c >&5
configure:4673: $? = 0
configure:4673: result: yes
configure:4673: checking for memory.h
configure:4673: gcc -c -g -O2  conftest.c >&5
configure:4673: $? = 0
configure:4673: result: yes
configure:4673: checking for strings.h
configure:4673: gcc -c -g -O2  conftest.c >&5
configure:4673: $? = 0
configure:4673: result: yes
configure:4673: checking for inttypes.h
configure:4673: gcc -c -g -O2  conftest.c >&5
configure:4673: $? = 0
configure:4673: result: yes
configure:4673: checking for stdint.h
configure:4673: gcc -c -g -O2  conftest.c >&5
configure:4673: $? = 0
configure:4673: result: yes
configure:4673: checking for unistd.h
configure:4673: gcc -c -g -O2  conftest.c >&5
configure:4673: $? = 0
configure:4673: result: yes
configure:4686: checking minix/config.h usability
configure:4686: gcc -c -g -O2  conftest.c >&5
conftest.c:54:10: fatal error: minix/config.h: No such file or directory
   54 | #include <minix/config.h>
      |          ^~~~~~~~~~~~~~~~
compilation terminated.
configure:4686: $? = 1
configure: failed program was:
| /* confdefs.h */
| #define PACKAGE_NAME "ypserv"
| #define PACKAGE_TARNAME "ypserv"
| #define PACKAGE_VERSION "4.0"
| #define PACKAGE_STRING "ypserv 4.0"
| #define PACKAGE_BUGREPORT "kukuk@linux-nis.org"
| #define PACKAGE_URL ""
| #define PACKAGE "ypserv"
| #define VERSION "4.0"
| #define STDC_HEADERS 1
| #define HAVE_SYS_TYPES_H 1
| #define HAVE_SYS_STAT_H 1
| #define HAVE_STDLIB_H 1
| #define HAVE_STRING_H 1
| #define HAVE_MEMORY_H 1
| #define HAVE_STRINGS_H 1
| #define HAVE_INTTYPES_H 1
| #define HAVE_STDINT_H 1
| #define HAVE_UNISTD_H 1
| /* end confdefs.h.  */
| #include <stdio.h>
| #ifdef HAVE_SYS_TYPES_H
| # include <sys/types.h>
| #endif
| #ifdef HAVE_SYS_STAT_H
| # include <sys/stat.h>
| #endif
| #ifdef STDC_HEADERS
| # include <stdlib.h>
| # include <stddef.h>
| #else
| # ifdef HAVE_STDLIB_H
| #  include <stdlib.h>
| # endif
| #endif
| #ifdef HAVE_STRING_H
| # if !defined STDC_HEADERS && defined HAVE_MEMORY_H
| #  include <memory.h>
| # endif
| # include <string.h>
| #endif
| #ifdef HAVE_STRINGS_H
| # include <strings.h>
| #endif
| #ifdef HAVE_INTTYPES_H
| # include <inttypes.h>
| #endif
| #ifdef HAVE_STDINT_H
| # include <stdint.h>
| #endif
| #ifdef HAVE_UNISTD_H
| # include <unistd.h>
| #endif
| #include <minix/config.h>
configure:4686: result: no
configure:4686: checking minix/config.h presence
configure:4686: gcc -E  conftest.c
conftest.c:21:10: fatal error: minix/config.h: No such file or directory
   21 | #include <minix/config.h>
      |          ^~~~~~~~~~~~~~~~
compilation terminated.
configure:4686: $? = 1
configure: failed program was:
| /* confdefs.h */
| #define PACKAGE_NAME "ypserv"
| #define PACKAGE_TARNAME "ypserv"
| #define PACKAGE_VERSION "4.0"
| #define PACKAGE_STRING "ypserv 4.0"
| #define PACKAGE_BUGREPORT "kukuk@linux-nis.org"
| #define PACKAGE_URL ""
| #define PACKAGE "ypserv"
| #define VERSION "4.0"
| #define STDC_HEADERS 1
| #define HAVE_SYS_TYPES_H 1
| #define HAVE_SYS_STAT_H 1
| #define HAVE_STDLIB_H 1
| #define HAVE_STRING_H 1
| #define HAVE_MEMORY_H 1
| #define HAVE_STRINGS_H 1
| #define HAVE_INTTYPES_H 1
| #define HAVE_STDINT_H 1
| #define HAVE_UNISTD_H 1
| /* end confdefs.h.  */
| #include <minix/config.h>
configure:4686: result: no
configure:4686: checking for minix/config.h
configure:4686: result: no
configure:4707: checking whether it is safe to define __EXTENSIONS__
configure:4725: gcc -c -g -O2  conftest.c >&5
configure:4725: $? = 0
configure:4732: result: yes
configure:4748: checking for __attribute__
configure:4776: gcc -c -g -O2  conftest.c >&5
configure:4776: $? = 0
configure:4792: result: yes
configure:4829: checking for -fpie
configure:4841: gcc -g -O2 -W -Wall -Wbad-function-cast -Wcast-align -Wcast-qual -Wmissing-declarations -Wmissing-prototypes -Wpointer-arith -Wreturn-type -Wstrict-prototypes   -pie -fpie
                              -o conftest conftest.c 1>&5
conftest.c:2:1: warning: return type defaults to 'int' [-Wimplicit-int]
    2 | main () { return 0;}
      | ^~~~
conftest.c:2:1: warning: function declaration isn't a prototype [-Wstrict-prototypes]
configure:4844: $? = 0
configure:4857: result: yes
configure:4863: checking whether byte ordering is bigendian
configure:4878: gcc -c -g -O2 -W -Wall -Wbad-function-cast -Wcast-align -Wcast-qual -Wmissing-declarations -Wmissing-prototypes -Wpointer-arith -Wreturn-type -Wstrict-prototypes  conftest.c >&5
conftest.c:28:9: error: unknown type name 'not'
   28 |         not a universal capable compiler
      |         ^~~
conftest.c:28:15: error: expected '=', ',', ';', 'asm' or '__attribute__' before 'universal'
   28 |         not a universal capable compiler
      |               ^~~~~~~~~
conftest.c:28:15: error: unknown type name 'universal'
configure:4878: $? = 1
configure: failed program was:
| /* confdefs.h */
| #define PACKAGE_NAME "ypserv"
| #define PACKAGE_TARNAME "ypserv"
| #define PACKAGE_VERSION "4.0"
| #define PACKAGE_STRING "ypserv 4.0"
| #define PACKAGE_BUGREPORT "kukuk@linux-nis.org"
| #define PACKAGE_URL ""
| #define PACKAGE "ypserv"
| #define VERSION "4.0"
| #define STDC_HEADERS 1
| #define HAVE_SYS_TYPES_H 1
| #define HAVE_SYS_STAT_H 1
| #define HAVE_STDLIB_H 1
| #define HAVE_STRING_H 1
| #define HAVE_MEMORY_H 1
| #define HAVE_STRINGS_H 1
| #define HAVE_INTTYPES_H 1
| #define HAVE_STDINT_H 1
| #define HAVE_UNISTD_H 1
| #define __EXTENSIONS__ 1
| #define _ALL_SOURCE 1
| #define _GNU_SOURCE 1
| #define _POSIX_PTHREAD_SEMANTICS 1
| #define _TANDEM_SOURCE 1
| #define UNUSED __attribute__ ((unused))
| /* end confdefs.h.  */
| #ifndef __APPLE_CC__
| 	       not a universal capable compiler
| 	     #endif
| 	     typedef int dummy;
| 
configure:4923: gcc -c -g -O2 -W -Wall -Wbad-function-cast -Wcast-align -Wcast-qual -Wmissing-declarations -Wmissing-prototypes -Wpointer-arith -Wreturn-type -Wstrict-prototypes  conftest.c >&5
conftest.c:31:1: warning: function declaration isn't a prototype [-Wstrict-prototypes]
   31 | main ()
      | ^~~~
configure:4923: $? = 0
configure:4941: gcc -c -g -O2 -W -Wall -Wbad-function-cast -Wcast-align -Wcast-qual -Wmissing-declarations -Wmissing-prototypes -Wpointer-arith -Wreturn-type -Wstrict-prototypes  conftest.c >&5
conftest.c:31:1: warning: function declaration isn't a prototype [-Wstrict-prototypes]
   31 | main ()
      | ^~~~
conftest.c: In function 'main':
conftest.c:34:4: error: unknown type name 'not'; did you mean 'ino_t'?
   34 |    not big endian
      |    ^~~
      |    ino_t
conftest.c:34:12: error: expected '=', ',', ';', 'asm' or '__attribute__' before 'endian'
   34 |    not big endian
      |            ^~~~~~
configure:4941: $? = 1
configure: failed program was:
| /* confdefs.h */
| #define PACKAGE_NAME "ypserv"
| #define PACKAGE_TARNAME "ypserv"
| #define PACKAGE_VERSION "4.0"
| #define PACKAGE_STRING "ypserv 4.0"
| #define PACKAGE_BUGREPORT "kukuk@linux-nis.org"
| #define PACKAGE_URL ""
| #define PACKAGE "ypserv"
| #define VERSION "4.0"
| #define STDC_HEADERS 1
| #define HAVE_SYS_TYPES_H 1
| #define HAVE_SYS_STAT_H 1
| #define HAVE_STDLIB_H 1
| #define HAVE_STRING_H 1
| #define HAVE_MEMORY_H 1
| #define HAVE_STRINGS_H 1
| #define HAVE_INTTYPES_H 1
| #define HAVE_STDINT_H 1
| #define HAVE_UNISTD_H 1
| #define __EXTENSIONS__ 1
| #define _ALL_SOURCE 1
| #define _GNU_SOURCE 1
| #define _POSIX_PTHREAD_SEMANTICS 1
| #define _TANDEM_SOURCE 1
| #define UNUSED __attribute__ ((unused))
| /* end confdefs.h.  */
| #include <sys/types.h>
| 		#include <sys/param.h>
| 
| int
| main ()
| {
| #if BYTE_ORDER != BIG_ENDIAN
| 		 not big endian
| 		#endif
| 
|   ;
|   return 0;
| }
configure:5069: result: no
configure:5091: checking size of long
configure:5096: gcc -o conftest -g -O2 -W -Wall -Wbad-function-cast -Wcast-align -Wcast-qual -Wmissing-declarations -Wmissing-prototypes -Wpointer-arith -Wreturn-type -Wstrict-prototypes   conftest.c  >&5
conftest.c:60:17: warning: function declaration isn't a prototype [-Wstrict-prototypes]
   60 | static long int longval () { return (long int) (sizeof (long)); }
      |                 ^~~~~~~
conftest.c:61:26: warning: function declaration isn't a prototype [-Wstrict-prototypes]
   61 | static unsigned long int ulongval () { return (long int) (sizeof (long)); }
      |                          ^~~~~~~~
conftest.c:65:1: warning: function declaration isn't a prototype [-Wstrict-prototypes]
   65 | main ()
      | ^~~~
configure:5096: $? = 0
configure:5096: ./conftest
configure:5096: $? = 0
configure:5110: result: 8
configure:5125: checking for mawk
configure:5158: result: no
configure:5125: checking for gawk
configure:5143: found /usr/bin/gawk
configure:5155: result: /usr/bin/gawk
configure:5180: checking for bash
configure:5198: found /usr/bin/bash
configure:5210: result: /usr/bin/bash
configure:5227: checking for gmake
configure:5261: result: no
configure:5227: checking for make
configure:5246: found /usr/bin/make
configure:5258: result: /usr/bin/make
configure:5281: checking for aliases
configure:5313: result: /etc/mail/aliases
configure:5347: checking for --with-dbmliborder
configure:5367: result: 
configure:5426: checking for gdbm_open in -lgdbm
configure:5451: gcc -o conftest -g -O2 -W -Wall -Wbad-function-cast -Wcast-align -Wcast-qual -Wmissing-declarations -Wmissing-prototypes -Wpointer-arith -Wreturn-type -Wstrict-prototypes   conftest.c -lgdbm   >&5
conftest.c:35:1: warning: function declaration isn't a prototype [-Wstrict-prototypes]
   35 | char gdbm_open ();
      | ^~~~
conftest.c:37:1: warning: function declaration isn't a prototype [-Wstrict-prototypes]
   37 | main ()
      | ^~~~
configure:5451: $? = 0
configure:5460: result: yes
configure:5563: checking for crypt in -lcrypt
configure:5588: gcc -o conftest -g -O2 -W -Wall -Wbad-function-cast -Wcast-align -Wcast-qual -Wmissing-declarations -Wmissing-prototypes -Wpointer-arith -Wreturn-type -Wstrict-prototypes   conftest.c -lcrypt   >&5
conftest.c:36:1: warning: function declaration isn't a prototype [-Wstrict-prototypes]
   36 | char crypt ();
      | ^~~~
conftest.c:38:1: warning: function declaration isn't a prototype [-Wstrict-prototypes]
   38 | main ()
      | ^~~~
configure:5588: $? = 0
configure:5597: result: yes
configure:5607: checking crypt.h usability
configure:5607: gcc -c -g -O2 -W -Wall -Wbad-function-cast -Wcast-align -Wcast-qual -Wmissing-declarations -Wmissing-prototypes -Wpointer-arith -Wreturn-type -Wstrict-prototypes  conftest.c >&5
configure:5607: $? = 0
configure:5607: result: yes
configure:5607: checking crypt.h presence
configure:5607: gcc -E  conftest.c
configure:5607: $? = 0
configure:5607: result: yes
configure:5607: checking for crypt.h
configure:5607: result: yes
configure:5676: checking for pkg-config
configure:5694: found /usr/bin/pkg-config
configure:5706: result: /usr/bin/pkg-config
configure:5731: checking pkg-config is at least version 0.9.0
configure:5734: result: yes
configure:5744: checking for libnsl
configure:5751: $PKG_CONFIG --exists --print-errors "libnsl"
configure:5754: $? = 0
configure:5768: $PKG_CONFIG --exists --print-errors "libnsl"
configure:5771: $? = 0
configure:5891: result: yes
configure:5900: checking for libtirpc
configure:5907: $PKG_CONFIG --exists --print-errors "libtirpc"
configure:5910: $? = 0
configure:5924: $PKG_CONFIG --exists --print-errors "libtirpc"
configure:5927: $? = 0
configure:5965: result: yes
configure:5980: checking for getrpcport
configure:5980: gcc -o conftest -g -O2 -W -Wall -Wbad-function-cast -Wcast-align -Wcast-qual -Wmissing-declarations -Wmissing-prototypes -Wpointer-arith -Wreturn-type -Wstrict-prototypes -I/usr/include/tirpc -I/usr/include/tirpc  -I/usr/include/tirpc -I/usr/include/tirpc  conftest.c  -lnsl -ltirpc -ltirpc >&5
conftest.c:54:1: warning: function declaration isn't a prototype [-Wstrict-prototypes]
   54 | char getrpcport ();
      | ^~~~
conftest.c:63:1: warning: function declaration isn't a prototype [-Wstrict-prototypes]
   63 | main ()
      | ^~~~
configure:5980: $? = 0
configure:5980: result: yes
configure:5980: checking for rpcb_getaddr
configure:5980: gcc -o conftest -g -O2 -W -Wall -Wbad-function-cast -Wcast-align -Wcast-qual -Wmissing-declarations -Wmissing-prototypes -Wpointer-arith -Wreturn-type -Wstrict-prototypes -I/usr/include/tirpc -I/usr/include/tirpc  -I/usr/include/tirpc -I/usr/include/tirpc  conftest.c  -lnsl -ltirpc -ltirpc >&5
conftest.c:55:1: warning: function declaration isn't a prototype [-Wstrict-prototypes]
   55 | char rpcb_getaddr ();
      | ^~~~
conftest.c:64:1: warning: function declaration isn't a prototype [-Wstrict-prototypes]
   64 | main ()
      | ^~~~
configure:5980: $? = 0
configure:5980: result: yes
configure:5995: checking for libsystemd >= 209
configure:6002: $PKG_CONFIG --exists --print-errors "libsystemd >= 209"
Package libsystemd was not found in the pkg-config search path.
Perhaps you should add the directory containing `libsystemd.pc'
to the PKG_CONFIG_PATH environment variable
No package 'libsystemd' found
configure:6005: $? = 1
configure:6019: $PKG_CONFIG --exists --print-errors "libsystemd >= 209"
Package libsystemd was not found in the pkg-config search path.
Perhaps you should add the directory containing `libsystemd.pc'
to the PKG_CONFIG_PATH environment variable
No package 'libsystemd' found
configure:6022: $? = 1
configure:6036: result: no
No package 'libsystemd' found
configure:6066: checking for res_gethostbyname in -lresolv
configure:6091: gcc -o conftest -g -O2 -W -Wall -Wbad-function-cast -Wcast-align -Wcast-qual -Wmissing-declarations -Wmissing-prototypes -Wpointer-arith -Wreturn-type -Wstrict-prototypes   conftest.c -lresolv   >&5
conftest.c:40:1: warning: function declaration isn't a prototype [-Wstrict-prototypes]
   40 | char res_gethostbyname ();
      | ^~~~
conftest.c:42:1: warning: function declaration isn't a prototype [-Wstrict-prototypes]
   42 | main ()
      | ^~~~
/usr/bin/ld: /tmp/ccZlsMxX.o: in function `main':
/usr/src/void-extra/yp/ypserv-4.0/conftest.c:44: undefined reference to `res_gethostbyname'
collect2: error: ld returned 1 exit status
configure:6091: $? = 1
configure: failed program was:
| /* confdefs.h */
| #define PACKAGE_NAME "ypserv"
| #define PACKAGE_TARNAME "ypserv"
| #define PACKAGE_VERSION "4.0"
| #define PACKAGE_STRING "ypserv 4.0"
| #define PACKAGE_BUGREPORT "kukuk@linux-nis.org"
| #define PACKAGE_URL ""
| #define PACKAGE "ypserv"
| #define VERSION "4.0"
| #define STDC_HEADERS 1
| #define HAVE_SYS_TYPES_H 1
| #define HAVE_SYS_STAT_H 1
| #define HAVE_STDLIB_H 1
| #define HAVE_STRING_H 1
| #define HAVE_MEMORY_H 1
| #define HAVE_STRINGS_H 1
| #define HAVE_INTTYPES_H 1
| #define HAVE_STDINT_H 1
| #define HAVE_UNISTD_H 1
| #define __EXTENSIONS__ 1
| #define _ALL_SOURCE 1
| #define _GNU_SOURCE 1
| #define _POSIX_PTHREAD_SEMANTICS 1
| #define _TANDEM_SOURCE 1
| #define UNUSED __attribute__ ((unused))
| #define SIZEOF_LONG 8
| #define HAVE_LIBGDBM 1
| #define HAVE_CRYPT_H 1
| #define HAVE_TIRPC 1
| #define HAVE_GETRPCPORT 1
| #define HAVE_RPCB_GETADDR 1
| /* end confdefs.h.  */
| 
| /* Override any GCC internal prototype to avoid an error.
|    Use char because int might match the return type of a GCC
|    builtin and then its argument prototype would still apply.  */
| #ifdef __cplusplus
| extern "C"
| #endif
| char res_gethostbyname ();
| int
| main ()
| {
| return res_gethostbyname ();
|   ;
|   return 0;
| }
configure:6100: result: no
configure:6114: checking for gethostbyname in -lresolv+
configure:6139: gcc -o conftest -g -O2 -W -Wall -Wbad-function-cast -Wcast-align -Wcast-qual -Wmissing-declarations -Wmissing-prototypes -Wpointer-arith -Wreturn-type -Wstrict-prototypes   conftest.c -lresolv+   >&5
conftest.c:40:1: warning: function declaration isn't a prototype [-Wstrict-prototypes]
   40 | char gethostbyname ();
      | ^~~~
conftest.c:42:1: warning: function declaration isn't a prototype [-Wstrict-prototypes]
   42 | main ()
      | ^~~~
/usr/bin/ld: cannot find -lresolv+
collect2: error: ld returned 1 exit status
configure:6139: $? = 1
configure: failed program was:
| /* confdefs.h */
| #define PACKAGE_NAME "ypserv"
| #define PACKAGE_TARNAME "ypserv"
| #define PACKAGE_VERSION "4.0"
| #define PACKAGE_STRING "ypserv 4.0"
| #define PACKAGE_BUGREPORT "kukuk@linux-nis.org"
| #define PACKAGE_URL ""
| #define PACKAGE "ypserv"
| #define VERSION "4.0"
| #define STDC_HEADERS 1
| #define HAVE_SYS_TYPES_H 1
| #define HAVE_SYS_STAT_H 1
| #define HAVE_STDLIB_H 1
| #define HAVE_STRING_H 1
| #define HAVE_MEMORY_H 1
| #define HAVE_STRINGS_H 1
| #define HAVE_INTTYPES_H 1
| #define HAVE_STDINT_H 1
| #define HAVE_UNISTD_H 1
| #define __EXTENSIONS__ 1
| #define _ALL_SOURCE 1
| #define _GNU_SOURCE 1
| #define _POSIX_PTHREAD_SEMANTICS 1
| #define _TANDEM_SOURCE 1
| #define UNUSED __attribute__ ((unused))
| #define SIZEOF_LONG 8
| #define HAVE_LIBGDBM 1
| #define HAVE_CRYPT_H 1
| #define HAVE_TIRPC 1
| #define HAVE_GETRPCPORT 1
| #define HAVE_RPCB_GETADDR 1
| /* end confdefs.h.  */
| 
| /* Override any GCC internal prototype to avoid an error.
|    Use char because int might match the return type of a GCC
|    builtin and then its argument prototype would still apply.  */
| #ifdef __cplusplus
| extern "C"
| #endif
| char gethostbyname ();
| int
| main ()
| {
| return gethostbyname ();
|   ;
|   return 0;
| }
configure:6148: result: no
configure:6162: checking for xsltproc
configure:6180: found /usr/bin/xsltproc
configure:6192: result: /usr/bin/xsltproc
configure:6205: checking for xmllint
configure:6223: found /usr/bin/xmllint
configure:6236: result: /usr/bin/xmllint
configure:6257: checking for XML catalog (/etc/xml/catalog)
configure:6260: result: found
configure:6271: checking for xmlcatalog
configure:6289: found /usr/bin/xmlcatalog
configure:6302: result: /usr/bin/xmlcatalog
configure:6321: checking for DocBook XML DTD V4.3 in XML catalog
configure:6324: $XMLCATALOG --noout "$XML_CATALOG_FILE" "-//OASIS//DTD DocBook XML V4.3//EN" >&2
/usr/share/xml/docbook/4.3/docbookx.dtd
configure:6327: $? = 0
configure:6329: result: found
configure:6338: checking for DocBook XSL Stylesheets in XML catalog
configure:6341: $XMLCATALOG --noout "$XML_CATALOG_FILE" "http://docbook.sourceforge.net/release/xsl/current/manpages/docbook.xsl" >&2
/usr/share/xsl/docbook/manpages/docbook.xsl
configure:6344: $? = 0
configure:6346: result: found
configure:6474: checking that generated files are newer than configure
configure:6480: result: done
configure:6508: creating ./config.status

## ---------------------- ##
## Running config.status. ##
## ---------------------- ##

This file was extended by ypserv config.status 4.0, which was
generated by GNU Autoconf 2.69.  Invocation command line was

  CONFIG_FILES    = 
  CONFIG_HEADERS  = 
  CONFIG_LINKS    = 
  CONFIG_COMMANDS = 
  $ ./config.status 

on quicksand64.local

config.status:916: creating Makefile
config.status:916: creating lib/Makefile
config.status:916: creating etc/Makefile
config.status:916: creating ypserv/Makefile
config.status:916: creating ypxfr/Makefile
config.status:916: creating yppush/Makefile
config.status:916: creating makedbm/Makefile
config.status:916: creating mknetid/Makefile
config.status:916: creating revnetgroup/Makefile
config.status:916: creating rpc.yppasswdd/Makefile
config.status:916: creating rpc.ypxfrd/Makefile
config.status:916: creating yphelper/Makefile
config.status:916: creating scripts/Makefile
config.status:916: creating scripts/ypxfr_1perhour
config.status:916: creating scripts/ypxfr_1perday
config.status:916: creating scripts/ypxfr_2perday
config.status:916: creating scripts/pwupdate
config.status:916: creating scripts/create_printcap
config.status:916: creating scripts/match_printcap
config.status:916: creating scripts/ypinit
config.status:916: creating scripts/ypMakefile
config.status:916: creating config.h
config.status:1097: config.h is unchanged
config.status:1145: executing depfiles commands
config.status:1220: cd lib       && sed -e '/# am--include-marker/d' Makefile         | /usr/bin/make -f - am--depfiles
make: Nothing to be done for 'am--depfiles'.
config.status:1227: $? = 0
config.status:1220: cd ypserv       && sed -e '/# am--include-marker/d' Makefile         | /usr/bin/make -f - am--depfiles
make: Nothing to be done for 'am--depfiles'.
config.status:1227: $? = 0
config.status:1220: cd ypxfr       && sed -e '/# am--include-marker/d' Makefile         | /usr/bin/make -f - am--depfiles
make: Nothing to be done for 'am--depfiles'.
config.status:1227: $? = 0
config.status:1220: cd yppush       && sed -e '/# am--include-marker/d' Makefile         | /usr/bin/make -f - am--depfiles
make: Nothing to be done for 'am--depfiles'.
config.status:1227: $? = 0
config.status:1220: cd makedbm       && sed -e '/# am--include-marker/d' Makefile         | /usr/bin/make -f - am--depfiles
make: Nothing to be done for 'am--depfiles'.
config.status:1227: $? = 0
config.status:1220: cd mknetid       && sed -e '/# am--include-marker/d' Makefile         | /usr/bin/make -f - am--depfiles
make: Nothing to be done for 'am--depfiles'.
config.status:1227: $? = 0
config.status:1220: cd revnetgroup       && sed -e '/# am--include-marker/d' Makefile         | /usr/bin/make -f - am--depfiles
make: Nothing to be done for 'am--depfiles'.
config.status:1227: $? = 0
config.status:1220: cd rpc.yppasswdd       && sed -e '/# am--include-marker/d' Makefile         | /usr/bin/make -f - am--depfiles
make: Nothing to be done for 'am--depfiles'.
config.status:1227: $? = 0
config.status:1220: cd rpc.ypxfrd       && sed -e '/# am--include-marker/d' Makefile         | /usr/bin/make -f - am--depfiles
make: Nothing to be done for 'am--depfiles'.
config.status:1227: $? = 0
config.status:1220: cd yphelper       && sed -e '/# am--include-marker/d' Makefile         | /usr/bin/make -f - am--depfiles
make: Nothing to be done for 'am--depfiles'.
config.status:1227: $? = 0

## ---------------- ##
## Cache variables. ##
## ---------------- ##

ac_cv___attribute__='yes'
ac_cv_c_bigendian='no'
ac_cv_c_compiler_gnu='yes'
ac_cv_env_CC_set=''
ac_cv_env_CC_value=''
ac_cv_env_CFLAGS_set=''
ac_cv_env_CFLAGS_value=''
ac_cv_env_CPPFLAGS_set=''
ac_cv_env_CPPFLAGS_value=''
ac_cv_env_CPP_set=''
ac_cv_env_CPP_value=''
ac_cv_env_LDFLAGS_set=''
ac_cv_env_LDFLAGS_value=''
ac_cv_env_LIBS_set=''
ac_cv_env_LIBS_value=''
ac_cv_env_NSL_CFLAGS_set=''
ac_cv_env_NSL_CFLAGS_value=''
ac_cv_env_NSL_LIBS_set=''
ac_cv_env_NSL_LIBS_value=''
ac_cv_env_PKG_CONFIG_LIBDIR_set=''
ac_cv_env_PKG_CONFIG_LIBDIR_value=''
ac_cv_env_PKG_CONFIG_PATH_set=''
ac_cv_env_PKG_CONFIG_PATH_value=''
ac_cv_env_PKG_CONFIG_set=''
ac_cv_env_PKG_CONFIG_value=''
ac_cv_env_SYSTEMD_CFLAGS_set=''
ac_cv_env_SYSTEMD_CFLAGS_value=''
ac_cv_env_SYSTEMD_LIBS_set=''
ac_cv_env_SYSTEMD_LIBS_value=''
ac_cv_env_TIRPC_CFLAGS_set=''
ac_cv_env_TIRPC_CFLAGS_value=''
ac_cv_env_TIRPC_LIBS_set=''
ac_cv_env_TIRPC_LIBS_value=''
ac_cv_env_build_alias_set=''
ac_cv_env_build_alias_value=''
ac_cv_env_host_alias_set=''
ac_cv_env_host_alias_value=''
ac_cv_env_target_alias_set=''
ac_cv_env_target_alias_value=''
ac_cv_func_getrpcport='yes'
ac_cv_func_rpcb_getaddr='yes'
ac_cv_header_crypt_h='yes'
ac_cv_header_inttypes_h='yes'
ac_cv_header_memory_h='yes'
ac_cv_header_minix_config_h='no'
ac_cv_header_stdc='yes'
ac_cv_header_stdint_h='yes'
ac_cv_header_stdlib_h='yes'
ac_cv_header_string_h='yes'
ac_cv_header_strings_h='yes'
ac_cv_header_sys_stat_h='yes'
ac_cv_header_sys_types_h='yes'
ac_cv_header_unistd_h='yes'
ac_cv_lib_crypt_crypt='yes'
ac_cv_lib_gdbm_gdbm_open='yes'
ac_cv_lib_resolv_res_gethostbyname='no'
ac_cv_lib_resolvp_gethostbyname='no'
ac_cv_objext='o'
ac_cv_path_ALIASES='/etc/mail/aliases'
ac_cv_path_AWK='/usr/bin/gawk'
ac_cv_path_BASH='/usr/bin/bash'
ac_cv_path_EGREP='/usr/bin/grep -E'
ac_cv_path_GREP='/usr/bin/grep'
ac_cv_path_MAKE='/usr/bin/make'
ac_cv_path_XMLCATALOG='/usr/bin/xmlcatalog'
ac_cv_path_XMLLINT='/usr/bin/xmllint'
ac_cv_path_XSLTPROC='/usr/bin/xsltproc'
ac_cv_path_ac_pt_PKG_CONFIG='/usr/bin/pkg-config'
ac_cv_path_install='/usr/bin/install -c'
ac_cv_path_mkdir='/usr/bin/mkdir'
ac_cv_prog_AWK='gawk'
ac_cv_prog_CPP='gcc -E'
ac_cv_prog_ac_ct_CC='gcc'
ac_cv_prog_ac_ct_RANLIB='ranlib'
ac_cv_prog_cc_c89=''
ac_cv_prog_cc_g='yes'
ac_cv_prog_make_make_set='yes'
ac_cv_safe_to_define___extensions__='yes'
ac_cv_search_strerror='none required'
ac_cv_sizeof_long='8'
am_cv_CC_dependencies_compiler_type='gcc3'
am_cv_make_support_nested_variables='yes'
am_cv_prog_cc_c_o='yes'
libc_cv_fpie='yes'
pkg_cv_NSL_CFLAGS='-I/usr/include/tirpc'
pkg_cv_NSL_LIBS='-lnsl -ltirpc'
pkg_cv_TIRPC_CFLAGS='-I/usr/include/tirpc'
pkg_cv_TIRPC_LIBS='-ltirpc'

## ----------------- ##
## Output variables. ##
## ----------------- ##

ACLOCAL='${SHELL} /usr/src/void-extra/yp/ypserv-4.0/missing aclocal-1.16'
ALIASES='/etc/mail/aliases'
AMDEPBACKSLASH='\'
AMDEP_FALSE='#'
AMDEP_TRUE=''
AMTAR='$${TAR-tar}'
AM_BACKSLASH='\'
AM_DEFAULT_V='$(AM_DEFAULT_VERBOSITY)'
AM_DEFAULT_VERBOSITY='1'
AM_V='$(V)'
AUTOCONF='${SHELL} /usr/src/void-extra/yp/ypserv-4.0/missing autoconf'
AUTOHEADER='${SHELL} /usr/src/void-extra/yp/ypserv-4.0/missing autoheader'
AUTOMAKE='${SHELL} /usr/src/void-extra/yp/ypserv-4.0/missing automake-1.16'
AWK='/usr/bin/gawk'
BASH='/usr/bin/bash'
CC='gcc'
CCDEPMODE='depmode=gcc3'
CFLAGS='-g -O2 -W -Wall -Wbad-function-cast -Wcast-align -Wcast-qual -Wmissing-declarations -Wmissing-prototypes -Wpointer-arith -Wreturn-type -Wstrict-prototypes'
CHECKROOT='yes'
CPP='gcc -E'
CPPFLAGS=''
CYGPATH_W='echo'
DEFS='-DHAVE_CONFIG_H'
DEPDIR='.deps'
ECHO_C=''
ECHO_N='-n'
ECHO_T=''
EGREP='/usr/bin/grep -E'
ENABLE_REGENERATE_MAN_FALSE='#'
ENABLE_REGENERATE_MAN_TRUE=''
EXEEXT=''
GREP='/usr/bin/grep'
INSTALL_DATA='${INSTALL} -m 644'
INSTALL_PROGRAM='${INSTALL}'
INSTALL_SCRIPT='${INSTALL}'
INSTALL_STRIP_PROGRAM='$(install_sh) -c -s'
LDFLAGS=''
LIBCRYPT='-lcrypt'
LIBDBM='-lgdbm'
LIBOBJS=''
LIBS=''
LTLIBOBJS=''
MAKE='/usr/bin/make'
MAKEINFO='${SHELL} /usr/src/void-extra/yp/ypserv-4.0/missing makeinfo'
MKDIR_P='/usr/bin/mkdir -p'
NSL_CFLAGS='-I/usr/include/tirpc'
NSL_LIBS='-lnsl -ltirpc'
OBJEXT='o'
PACKAGE='ypserv'
PACKAGE_BUGREPORT='kukuk@linux-nis.org'
PACKAGE_NAME='ypserv'
PACKAGE_STRING='ypserv 4.0'
PACKAGE_TARNAME='ypserv'
PACKAGE_URL=''
PACKAGE_VERSION='4.0'
PATH_SEPARATOR=':'
PIE_CFLAGS='-fpie'
PIE_LDFLAGS='-pie'
PKG_CONFIG='/usr/bin/pkg-config'
PKG_CONFIG_LIBDIR=''
PKG_CONFIG_PATH=''
RANLIB='ranlib'
RESOLV=''
SBINDIR='/usr/sbin'
SET_MAKE=''
SHELL='/bin/sh'
STRIP=''
SYSTEMD_CFLAGS=''
SYSTEMD_LIBS=''
TIRPC_CFLAGS='-I/usr/include/tirpc'
TIRPC_LIBS='-ltirpc'
USE_FQDN='1'
USE_SD_NOTIFY='0'
VERSION='4.0'
XMLCATALOG='/usr/bin/xmlcatalog'
XMLLINT='/usr/bin/xmllint'
XML_CATALOG_FILE='/etc/xml/catalog'
XSLTPROC='/usr/bin/xsltproc'
YPBINDIR='/usr/lib/yp'
YPMAPDIR='/var/yp'
ac_ct_CC='gcc'
am__EXEEXT_FALSE=''
am__EXEEXT_TRUE='#'
am__fastdepCC_FALSE='#'
am__fastdepCC_TRUE=''
am__include='include'
am__isrc=''
am__leading_dot='.'
am__nodep='_no'
am__quote=''
am__tar='$${TAR-tar} chof - "$$tardir"'
am__untar='$${TAR-tar} xf -'
bindir='${exec_prefix}/bin'
build_alias=''
datadir='${datarootdir}'
datarootdir='${prefix}/share'
docdir='${datarootdir}/doc/${PACKAGE_TARNAME}'
dvidir='${docdir}'
exec_prefix='${prefix}'
host_alias=''
htmldir='${docdir}'
includedir='${prefix}/include'
infodir='${datarootdir}/info'
install_sh='${SHELL} /usr/src/void-extra/yp/ypserv-4.0/install-sh'
libc_cv_fpie='yes'
libdir='${exec_prefix}/lib'
libexecdir='${exec_prefix}/lib/yp'
localedir='${datarootdir}/locale'
localstatedir='${prefix}/var'
mandir='${datarootdir}/man'
mkdir_p='$(MKDIR_P)'
oldincludedir='/usr/include'
pdfdir='${docdir}'
prefix='/usr'
program_transform_name='s,x,x,'
psdir='${docdir}'
sbindir='${exec_prefix}/sbin'
sharedstatedir='${prefix}/com'
sysconfdir='/etc'
target_alias=''

## ----------- ##
## confdefs.h. ##
## ----------- ##

/* confdefs.h */
#define PACKAGE_NAME "ypserv"
#define PACKAGE_TARNAME "ypserv"
#define PACKAGE_VERSION "4.0"
#define PACKAGE_STRING "ypserv 4.0"
#define PACKAGE_BUGREPORT "kukuk@linux-nis.org"
#define PACKAGE_URL ""
#define PACKAGE "ypserv"
#define VERSION "4.0"
#define STDC_HEADERS 1
#define HAVE_SYS_TYPES_H 1
#define HAVE_SYS_STAT_H 1
#define HAVE_STDLIB_H 1
#define HAVE_STRING_H 1
#define HAVE_MEMORY_H 1
#define HAVE_STRINGS_H 1
#define HAVE_INTTYPES_H 1
#define HAVE_STDINT_H 1
#define HAVE_UNISTD_H 1
#define __EXTENSIONS__ 1
#define _ALL_SOURCE 1
#define _GNU_SOURCE 1
#define _POSIX_PTHREAD_SEMANTICS 1
#define _TANDEM_SOURCE 1
#define UNUSED __attribute__ ((unused))
#define SIZEOF_LONG 8
#define HAVE_LIBGDBM 1
#define HAVE_CRYPT_H 1
#define HAVE_TIRPC 1
#define HAVE_GETRPCPORT 1
#define HAVE_RPCB_GETADDR 1

configure: exit 0
