This file contains any messages produced by compilers while
running configure, to aid debugging if configure makes a mistake.

It was created by ypbind-mt configure 2.4, which was
generated by GNU Autoconf 2.69.  Invocation command line was

  $ ./configure --prefix=/usr

## --------- ##
## Platform. ##
## --------- ##

hostname = quicksand64.local
uname -m = x86_64
uname -r = 5.7.13_1
uname -s = Linux
uname -v = #1 SMP Wed Aug 5 09:23:30 UTC 2020

/usr/bin/uname -p = unknown
/bin/uname -X     = unknown

/bin/arch              = x86_64
/usr/bin/arch -k       = unknown
/usr/convex/getsysinfo = unknown
/usr/bin/hostinfo      = unknown
/bin/machine           = unknown
/usr/bin/oslevel       = unknown
/bin/universe          = unknown

PATH: /usr/local/bin
PATH: /usr/bin
PATH: /bin
PATH: /usr/local/sbin
PATH: /usr/sbin
PATH: /sbin
PATH: /opt/texlive/2020/bin/x86_64-linux
PATH: /home/nikosc/.bin
PATH: /home/nikosc/.help
PATH: /root/.bin
PATH: /root/.help


## ----------- ##
## Core tests. ##
## ----------- ##

configure:2274: checking for a BSD-compatible install
configure:2342: result: /usr/bin/install -c
configure:2353: checking whether build environment is sane
configure:2408: result: yes
configure:2559: checking for a thread-safe mkdir -p
configure:2598: result: /usr/bin/mkdir -p
configure:2605: checking for gawk
configure:2621: found /usr/bin/gawk
configure:2632: result: gawk
configure:2643: checking whether make sets $(MAKE)
configure:2665: result: yes
configure:2694: checking whether make supports nested variables
configure:2711: result: yes
configure:2846: checking build system type
configure:2860: result: x86_64-unknown-linux-gnu
configure:2880: checking host system type
configure:2893: result: x86_64-unknown-linux-gnu
configure:2962: checking for gcc
configure:2978: found /usr/bin/gcc
configure:2989: result: gcc
configure:3218: checking for C compiler version
configure:3227: gcc --version >&5
gcc (GCC) 9.3.0
Copyright (C) 2019 Free Software Foundation, Inc.
This is free software; see the source for copying conditions.  There is NO
warranty; not even for MERCHANTABILITY or FITNESS FOR A PARTICULAR PURPOSE.

configure:3238: $? = 0
configure:3227: gcc -v >&5
Using built-in specs.
COLLECT_GCC=gcc
COLLECT_LTO_WRAPPER=/usr/lib/gcc/x86_64-unknown-linux-gnu/9.3.0/lto-wrapper
Target: x86_64-unknown-linux-gnu
Configured with: /builddir/gcc-9.3.0/configure --build=x86_64-unknown-linux-gnu --enable-fast-character --enable-vtable-verify --prefix=/usr --mandir=/usr/share/man --infodir=/usr/share/info --libexecdir=/usr/lib --libdir=/usr/lib --enable-threads=posix --enable-__cxa_atexit --disable-multilib --with-system-zlib --enable-shared --enable-lto --enable-plugins --enable-linker-build-id --disable-werror --disable-nls --enable-default-pie --enable-default-ssp --enable-checking=release --disable-libstdcxx-pch --with-isl --with-linker-hash-style=gnu --disable-libunwind-exceptions --disable-target-libiberty --enable-serial-configure --enable-languages=c,c++,objc,obj-c++,fortran,lto,go,ada
Thread model: posix
gcc version 9.3.0 (GCC) 
configure:3238: $? = 0
configure:3227: gcc -V >&5
gcc: error: unrecognized command line option '-V'
gcc: fatal error: no input files
compilation terminated.
configure:3238: $? = 1
configure:3227: gcc -qversion >&5
gcc: error: unrecognized command line option '-qversion'; did you mean '--version'?
gcc: fatal error: no input files
compilation terminated.
configure:3238: $? = 1
configure:3258: checking whether the C compiler works
configure:3280: gcc    conftest.c  >&5
configure:3284: $? = 0
configure:3332: result: yes
configure:3335: checking for C compiler default output file name
configure:3337: result: a.out
configure:3343: checking for suffix of executables
configure:3350: gcc -o conftest    conftest.c  >&5
configure:3354: $? = 0
configure:3376: result: 
configure:3398: checking whether we are cross compiling
configure:3406: gcc -o conftest    conftest.c  >&5
configure:3410: $? = 0
configure:3417: ./conftest
configure:3421: $? = 0
configure:3436: result: no
configure:3441: checking for suffix of object files
configure:3463: gcc -c   conftest.c >&5
configure:3467: $? = 0
configure:3488: result: o
configure:3492: checking whether we are using the GNU C compiler
configure:3511: gcc -c   conftest.c >&5
configure:3511: $? = 0
configure:3520: result: yes
configure:3529: checking whether gcc accepts -g
configure:3549: gcc -c -g  conftest.c >&5
configure:3549: $? = 0
configure:3590: result: yes
configure:3607: checking for gcc option to accept ISO C89
configure:3670: gcc  -c -g -O2  conftest.c >&5
configure:3670: $? = 0
configure:3683: result: none needed
configure:3708: checking whether gcc understands -c and -o together
configure:3730: gcc -c conftest.c -o conftest2.o
configure:3733: $? = 0
configure:3730: gcc -c conftest.c -o conftest2.o
configure:3733: $? = 0
configure:3745: result: yes
configure:3765: checking whether make supports the include directive
configure:3780: make -f confmf.GNU && cat confinc.out
this is the am__doit target
configure:3783: $? = 0
configure:3802: result: yes (GNU style)
configure:3827: checking dependency style of gcc
configure:3938: result: gcc3
configure:3958: checking for strerror in -lcposix
configure:3983: gcc -o conftest -g -O2   conftest.c -lcposix   >&5
/usr/bin/ld: cannot find -lcposix
collect2: error: ld returned 1 exit status
configure:3983: $? = 1
configure: failed program was:
| /* confdefs.h */
| #define PACKAGE_NAME "ypbind-mt"
| #define PACKAGE_TARNAME "ypbind-mt"
| #define PACKAGE_VERSION "2.4"
| #define PACKAGE_STRING "ypbind-mt 2.4"
| #define PACKAGE_BUGREPORT ""
| #define PACKAGE_URL ""
| #define PACKAGE "ypbind-mt"
| #define VERSION "2.4"
| /* end confdefs.h.  */
| 
| /* Override any GCC internal prototype to avoid an error.
|    Use char because int might match the return type of a GCC
|    builtin and then its argument prototype would still apply.  */
| #ifdef __cplusplus
| extern "C"
| #endif
| char strerror ();
| int
| main ()
| {
| return strerror ();
|   ;
|   return 0;
| }
configure:3992: result: no
configure:4001: checking whether make sets $(MAKE)
configure:4023: result: yes
configure:4075: checking for ranlib
configure:4091: found /usr/bin/ranlib
configure:4102: result: ranlib
configure:4129: checking how to run the C preprocessor
configure:4160: gcc -E  conftest.c
configure:4160: $? = 0
configure:4174: gcc -E  conftest.c
conftest.c:11:10: fatal error: ac_nonexistent.h: No such file or directory
   11 | #include <ac_nonexistent.h>
      |          ^~~~~~~~~~~~~~~~~~
compilation terminated.
configure:4174: $? = 1
configure: failed program was:
| /* confdefs.h */
| #define PACKAGE_NAME "ypbind-mt"
| #define PACKAGE_TARNAME "ypbind-mt"
| #define PACKAGE_VERSION "2.4"
| #define PACKAGE_STRING "ypbind-mt 2.4"
| #define PACKAGE_BUGREPORT ""
| #define PACKAGE_URL ""
| #define PACKAGE "ypbind-mt"
| #define VERSION "2.4"
| /* end confdefs.h.  */
| #include <ac_nonexistent.h>
configure:4199: result: gcc -E
configure:4219: gcc -E  conftest.c
configure:4219: $? = 0
configure:4233: gcc -E  conftest.c
conftest.c:11:10: fatal error: ac_nonexistent.h: No such file or directory
   11 | #include <ac_nonexistent.h>
      |          ^~~~~~~~~~~~~~~~~~
compilation terminated.
configure:4233: $? = 1
configure: failed program was:
| /* confdefs.h */
| #define PACKAGE_NAME "ypbind-mt"
| #define PACKAGE_TARNAME "ypbind-mt"
| #define PACKAGE_VERSION "2.4"
| #define PACKAGE_STRING "ypbind-mt 2.4"
| #define PACKAGE_BUGREPORT ""
| #define PACKAGE_URL ""
| #define PACKAGE "ypbind-mt"
| #define VERSION "2.4"
| /* end confdefs.h.  */
| #include <ac_nonexistent.h>
configure:4262: checking for grep that handles long lines and -e
configure:4320: result: /usr/bin/grep
configure:4325: checking for egrep
configure:4387: result: /usr/bin/grep -E
configure:4392: checking for ANSI C header files
configure:4412: gcc -c -g -O2  conftest.c >&5
configure:4412: $? = 0
configure:4485: gcc -o conftest -g -O2   conftest.c  >&5
configure:4485: $? = 0
configure:4485: ./conftest
configure:4485: $? = 0
configure:4496: result: yes
configure:4509: checking for sys/types.h
configure:4509: gcc -c -g -O2  conftest.c >&5
configure:4509: $? = 0
configure:4509: result: yes
configure:4509: checking for sys/stat.h
configure:4509: gcc -c -g -O2  conftest.c >&5
configure:4509: $? = 0
configure:4509: result: yes
configure:4509: checking for stdlib.h
configure:4509: gcc -c -g -O2  conftest.c >&5
configure:4509: $? = 0
configure:4509: result: yes
configure:4509: checking for string.h
configure:4509: gcc -c -g -O2  conftest.c >&5
configure:4509: $? = 0
configure:4509: result: yes
configure:4509: checking for memory.h
configure:4509: gcc -c -g -O2  conftest.c >&5
configure:4509: $? = 0
configure:4509: result: yes
configure:4509: checking for strings.h
configure:4509: gcc -c -g -O2  conftest.c >&5
configure:4509: $? = 0
configure:4509: result: yes
configure:4509: checking for inttypes.h
configure:4509: gcc -c -g -O2  conftest.c >&5
configure:4509: $? = 0
configure:4509: result: yes
configure:4509: checking for stdint.h
configure:4509: gcc -c -g -O2  conftest.c >&5
configure:4509: $? = 0
configure:4509: result: yes
configure:4509: checking for unistd.h
configure:4509: gcc -c -g -O2  conftest.c >&5
configure:4509: $? = 0
configure:4509: result: yes
configure:4522: checking minix/config.h usability
configure:4522: gcc -c -g -O2  conftest.c >&5
conftest.c:54:10: fatal error: minix/config.h: No such file or directory
   54 | #include <minix/config.h>
      |          ^~~~~~~~~~~~~~~~
compilation terminated.
configure:4522: $? = 1
configure: failed program was:
| /* confdefs.h */
| #define PACKAGE_NAME "ypbind-mt"
| #define PACKAGE_TARNAME "ypbind-mt"
| #define PACKAGE_VERSION "2.4"
| #define PACKAGE_STRING "ypbind-mt 2.4"
| #define PACKAGE_BUGREPORT ""
| #define PACKAGE_URL ""
| #define PACKAGE "ypbind-mt"
| #define VERSION "2.4"
| #define STDC_HEADERS 1
| #define HAVE_SYS_TYPES_H 1
| #define HAVE_SYS_STAT_H 1
| #define HAVE_STDLIB_H 1
| #define HAVE_STRING_H 1
| #define HAVE_MEMORY_H 1
| #define HAVE_STRINGS_H 1
| #define HAVE_INTTYPES_H 1
| #define HAVE_STDINT_H 1
| #define HAVE_UNISTD_H 1
| /* end confdefs.h.  */
| #include <stdio.h>
| #ifdef HAVE_SYS_TYPES_H
| # include <sys/types.h>
| #endif
| #ifdef HAVE_SYS_STAT_H
| # include <sys/stat.h>
| #endif
| #ifdef STDC_HEADERS
| # include <stdlib.h>
| # include <stddef.h>
| #else
| # ifdef HAVE_STDLIB_H
| #  include <stdlib.h>
| # endif
| #endif
| #ifdef HAVE_STRING_H
| # if !defined STDC_HEADERS && defined HAVE_MEMORY_H
| #  include <memory.h>
| # endif
| # include <string.h>
| #endif
| #ifdef HAVE_STRINGS_H
| # include <strings.h>
| #endif
| #ifdef HAVE_INTTYPES_H
| # include <inttypes.h>
| #endif
| #ifdef HAVE_STDINT_H
| # include <stdint.h>
| #endif
| #ifdef HAVE_UNISTD_H
| # include <unistd.h>
| #endif
| #include <minix/config.h>
configure:4522: result: no
configure:4522: checking minix/config.h presence
configure:4522: gcc -E  conftest.c
conftest.c:21:10: fatal error: minix/config.h: No such file or directory
   21 | #include <minix/config.h>
      |          ^~~~~~~~~~~~~~~~
compilation terminated.
configure:4522: $? = 1
configure: failed program was:
| /* confdefs.h */
| #define PACKAGE_NAME "ypbind-mt"
| #define PACKAGE_TARNAME "ypbind-mt"
| #define PACKAGE_VERSION "2.4"
| #define PACKAGE_STRING "ypbind-mt 2.4"
| #define PACKAGE_BUGREPORT ""
| #define PACKAGE_URL ""
| #define PACKAGE "ypbind-mt"
| #define VERSION "2.4"
| #define STDC_HEADERS 1
| #define HAVE_SYS_TYPES_H 1
| #define HAVE_SYS_STAT_H 1
| #define HAVE_STDLIB_H 1
| #define HAVE_STRING_H 1
| #define HAVE_MEMORY_H 1
| #define HAVE_STRINGS_H 1
| #define HAVE_INTTYPES_H 1
| #define HAVE_STDINT_H 1
| #define HAVE_UNISTD_H 1
| /* end confdefs.h.  */
| #include <minix/config.h>
configure:4522: result: no
configure:4522: checking for minix/config.h
configure:4522: result: no
configure:4543: checking whether it is safe to define __EXTENSIONS__
configure:4561: gcc -c -g -O2  conftest.c >&5
configure:4561: $? = 0
configure:4568: result: yes
configure:4584: checking for pthread_create in -lpthread
configure:4609: gcc -o conftest -g -O2   conftest.c -lpthread   >&5
configure:4609: $? = 0
configure:4618: result: yes
configure:4684: checking for pkg-config
configure:4702: found /usr/bin/pkg-config
configure:4714: result: /usr/bin/pkg-config
configure:4739: checking pkg-config is at least version 0.9.0
configure:4742: result: yes
configure:4752: checking for libsystemd >= 209
configure:4759: $PKG_CONFIG --exists --print-errors "libsystemd >= 209"
Package libsystemd was not found in the pkg-config search path.
Perhaps you should add the directory containing `libsystemd.pc'
to the PKG_CONFIG_PATH environment variable
No package 'libsystemd' found
configure:4762: $? = 1
configure:4776: $PKG_CONFIG --exists --print-errors "libsystemd >= 209"
Package libsystemd was not found in the pkg-config search path.
Perhaps you should add the directory containing `libsystemd.pc'
to the PKG_CONFIG_PATH environment variable
No package 'libsystemd' found
configure:4779: $? = 1
configure:4793: result: no
No package 'libsystemd' found
configure:4825: checking for libnsl
configure:4832: $PKG_CONFIG --exists --print-errors "libnsl"
configure:4835: $? = 0
configure:4849: $PKG_CONFIG --exists --print-errors "libnsl"
configure:4852: $? = 0
configure:4910: result: yes
configure:4916: checking for libtirpc
configure:4923: $PKG_CONFIG --exists --print-errors "libtirpc"
configure:4926: $? = 0
configure:4940: $PKG_CONFIG --exists --print-errors "libtirpc"
configure:4943: $? = 0
configure:4981: result: yes
configure:4993: checking for __nss_configure_lookup
configure:4993: gcc -o conftest -g -O2   conftest.c -lpthread  >&5
configure:4993: $? = 0
configure:4993: result: yes
configure:5050: checking for an ANSI C-conforming const
configure:5116: gcc -c -g -O2  conftest.c >&5
configure:5116: $? = 0
configure:5123: result: yes
configure:5135: checking for xsltproc
configure:5153: found /usr/bin/xsltproc
configure:5165: result: /usr/bin/xsltproc
configure:5178: checking for xmllint
configure:5196: found /usr/bin/xmllint
configure:5209: result: /usr/bin/xmllint
configure:5230: checking for XML catalog (/etc/xml/catalog)
configure:5233: result: found
configure:5244: checking for xmlcatalog
configure:5262: found /usr/bin/xmlcatalog
configure:5275: result: /usr/bin/xmlcatalog
configure:5294: checking for DocBook XML DTD V4.3 in XML catalog
configure:5297: $XMLCATALOG --noout "$XML_CATALOG_FILE" "-//OASIS//DTD DocBook XML V4.3//EN" >&2
/usr/share/xml/docbook/4.3/docbookx.dtd
configure:5300: $? = 0
configure:5302: result: found
configure:5311: checking for DocBook XSL Stylesheets in XML catalog
configure:5314: $XMLCATALOG --noout "$XML_CATALOG_FILE" "http://docbook.sourceforge.net/release/xsl/current/manpages/docbook.xsl" >&2
/usr/share/xsl/docbook/manpages/docbook.xsl
configure:5317: $? = 0
configure:5319: result: found
configure:5337: checking for a sed that does not truncate output
configure:5401: result: /usr/bin/sed
configure:5407: checking whether NLS is requested
configure:5416: result: yes
configure:5456: checking for msgfmt
configure: trying /usr/bin/msgfmt...
0 translated messages.
configure:5488: result: /usr/bin/msgfmt
configure:5497: checking for gmsgfmt
configure:5528: result: /usr/bin/msgfmt
configure:5578: checking for xgettext
configure: trying /usr/bin/xgettext...
/usr/bin/xgettext: warning: file '/dev/null' extension '' is unknown; will try C
configure:5610: result: /usr/bin/xgettext
configure:5655: checking for msgmerge
configure: trying /usr/bin/msgmerge...
configure:5686: result: /usr/bin/msgmerge
configure:5744: checking for ld used by gcc
configure:5811: result: /usr/bin/ld
configure:5818: checking if the linker (/usr/bin/ld) is GNU ld
configure:5833: result: yes
configure:5840: checking for shared library run path origin
configure:5853: result: done
configure:6425: checking for CFPreferencesCopyAppValue
configure:6443: gcc -o conftest -g -O2   conftest.c -lpthread  -Wl,-framework -Wl,CoreFoundation >&5
conftest.c:29:10: fatal error: CoreFoundation/CFPreferences.h: No such file or directory
   29 | #include <CoreFoundation/CFPreferences.h>
      |          ^~~~~~~~~~~~~~~~~~~~~~~~~~~~~~~~
compilation terminated.
configure:6443: $? = 1
configure: failed program was:
| /* confdefs.h */
| #define PACKAGE_NAME "ypbind-mt"
| #define PACKAGE_TARNAME "ypbind-mt"
| #define PACKAGE_VERSION "2.4"
| #define PACKAGE_STRING "ypbind-mt 2.4"
| #define PACKAGE_BUGREPORT ""
| #define PACKAGE_URL ""
| #define PACKAGE "ypbind-mt"
| #define VERSION "2.4"
| #define STDC_HEADERS 1
| #define HAVE_SYS_TYPES_H 1
| #define HAVE_SYS_STAT_H 1
| #define HAVE_STDLIB_H 1
| #define HAVE_STRING_H 1
| #define HAVE_MEMORY_H 1
| #define HAVE_STRINGS_H 1
| #define HAVE_INTTYPES_H 1
| #define HAVE_STDINT_H 1
| #define HAVE_UNISTD_H 1
| #define __EXTENSIONS__ 1
| #define _ALL_SOURCE 1
| #define _GNU_SOURCE 1
| #define _POSIX_PTHREAD_SEMANTICS 1
| #define _TANDEM_SOURCE 1
| #define HAVE_LIBPTHREAD 1
| #define HAVE_TIRPC 1
| #define HAVE___NSS_CONFIGURE_LOOKUP 1
| /* end confdefs.h.  */
| #include <CoreFoundation/CFPreferences.h>
| int
| main ()
| {
| CFPreferencesCopyAppValue(NULL, NULL)
|   ;
|   return 0;
| }
configure:6452: result: no
configure:6459: checking for CFLocaleCopyPreferredLanguages
configure:6477: gcc -o conftest -g -O2   conftest.c -lpthread  -Wl,-framework -Wl,CoreFoundation >&5
conftest.c:29:10: fatal error: CoreFoundation/CFLocale.h: No such file or directory
   29 | #include <CoreFoundation/CFLocale.h>
      |          ^~~~~~~~~~~~~~~~~~~~~~~~~~~
compilation terminated.
configure:6477: $? = 1
configure: failed program was:
| /* confdefs.h */
| #define PACKAGE_NAME "ypbind-mt"
| #define PACKAGE_TARNAME "ypbind-mt"
| #define PACKAGE_VERSION "2.4"
| #define PACKAGE_STRING "ypbind-mt 2.4"
| #define PACKAGE_BUGREPORT ""
| #define PACKAGE_URL ""
| #define PACKAGE "ypbind-mt"
| #define VERSION "2.4"
| #define STDC_HEADERS 1
| #define HAVE_SYS_TYPES_H 1
| #define HAVE_SYS_STAT_H 1
| #define HAVE_STDLIB_H 1
| #define HAVE_STRING_H 1
| #define HAVE_MEMORY_H 1
| #define HAVE_STRINGS_H 1
| #define HAVE_INTTYPES_H 1
| #define HAVE_STDINT_H 1
| #define HAVE_UNISTD_H 1
| #define __EXTENSIONS__ 1
| #define _ALL_SOURCE 1
| #define _GNU_SOURCE 1
| #define _POSIX_PTHREAD_SEMANTICS 1
| #define _TANDEM_SOURCE 1
| #define HAVE_LIBPTHREAD 1
| #define HAVE_TIRPC 1
| #define HAVE___NSS_CONFIGURE_LOOKUP 1
| /* end confdefs.h.  */
| #include <CoreFoundation/CFLocale.h>
| int
| main ()
| {
| CFLocaleCopyPreferredLanguages();
|   ;
|   return 0;
| }
configure:6486: result: no
configure:6536: checking for GNU gettext in libc
configure:6560: gcc -o conftest -g -O2   conftest.c -lpthread  >&5
configure:6560: $? = 0
configure:6569: result: yes
configure:7397: checking whether to use NLS
configure:7399: result: yes
configure:7402: checking where the gettext function comes from
configure:7413: result: libc
configure:7582: checking that generated files are newer than configure
configure:7588: result: done
configure:7615: creating ./config.status

## ---------------------- ##
## Running config.status. ##
## ---------------------- ##

This file was extended by ypbind-mt config.status 2.4, which was
generated by GNU Autoconf 2.69.  Invocation command line was

  CONFIG_FILES    = 
  CONFIG_HEADERS  = 
  CONFIG_LINKS    = 
  CONFIG_COMMANDS = 
  $ ./config.status 

on quicksand64.local

config.status:919: creating Makefile
config.status:919: creating lib/Makefile
config.status:919: creating src/Makefile
config.status:919: creating man/Makefile
config.status:919: creating po/Makefile.in
config.status:919: creating config.h
config.status:1100: config.h is unchanged
config.status:1148: executing depfiles commands
config.status:1223: cd lib       && sed -e '/# am--include-marker/d' Makefile         | make -f - am--depfiles
make: Nothing to be done for 'am--depfiles'.
config.status:1230: $? = 0
config.status:1223: cd src       && sed -e '/# am--include-marker/d' Makefile         | make -f - am--depfiles
make: Nothing to be done for 'am--depfiles'.
config.status:1230: $? = 0
config.status:1148: executing po-directories commands

## ---------------- ##
## Cache variables. ##
## ---------------- ##

ac_cv_build='x86_64-unknown-linux-gnu'
ac_cv_c_compiler_gnu='yes'
ac_cv_c_const='yes'
ac_cv_env_CC_set=''
ac_cv_env_CC_value=''
ac_cv_env_CFLAGS_set=''
ac_cv_env_CFLAGS_value=''
ac_cv_env_CPPFLAGS_set=''
ac_cv_env_CPPFLAGS_value=''
ac_cv_env_CPP_set=''
ac_cv_env_CPP_value=''
ac_cv_env_LDFLAGS_set=''
ac_cv_env_LDFLAGS_value=''
ac_cv_env_LIBS_set=''
ac_cv_env_LIBS_value=''
ac_cv_env_NSL_CFLAGS_set=''
ac_cv_env_NSL_CFLAGS_value=''
ac_cv_env_NSL_LIBS_set=''
ac_cv_env_NSL_LIBS_value=''
ac_cv_env_PKG_CONFIG_LIBDIR_set=''
ac_cv_env_PKG_CONFIG_LIBDIR_value=''
ac_cv_env_PKG_CONFIG_PATH_set=''
ac_cv_env_PKG_CONFIG_PATH_value=''
ac_cv_env_PKG_CONFIG_set=''
ac_cv_env_PKG_CONFIG_value=''
ac_cv_env_SYSTEMD_CFLAGS_set=''
ac_cv_env_SYSTEMD_CFLAGS_value=''
ac_cv_env_SYSTEMD_LIBS_set=''
ac_cv_env_SYSTEMD_LIBS_value=''
ac_cv_env_TIRPC_CFLAGS_set=''
ac_cv_env_TIRPC_CFLAGS_value=''
ac_cv_env_TIRPC_LIBS_set=''
ac_cv_env_TIRPC_LIBS_value=''
ac_cv_env_build_alias_set=''
ac_cv_env_build_alias_value=''
ac_cv_env_host_alias_set=''
ac_cv_env_host_alias_value=''
ac_cv_env_target_alias_set=''
ac_cv_env_target_alias_value=''
ac_cv_func___nss_configure_lookup='yes'
ac_cv_header_inttypes_h='yes'
ac_cv_header_memory_h='yes'
ac_cv_header_minix_config_h='no'
ac_cv_header_stdc='yes'
ac_cv_header_stdint_h='yes'
ac_cv_header_stdlib_h='yes'
ac_cv_header_string_h='yes'
ac_cv_header_strings_h='yes'
ac_cv_header_sys_stat_h='yes'
ac_cv_header_sys_types_h='yes'
ac_cv_header_unistd_h='yes'
ac_cv_host='x86_64-unknown-linux-gnu'
ac_cv_lib_cposix_strerror='no'
ac_cv_lib_pthread_pthread_create='yes'
ac_cv_objext='o'
ac_cv_path_EGREP='/usr/bin/grep -E'
ac_cv_path_GMSGFMT='/usr/bin/msgfmt'
ac_cv_path_GREP='/usr/bin/grep'
ac_cv_path_MSGFMT='/usr/bin/msgfmt'
ac_cv_path_MSGMERGE='/usr/bin/msgmerge'
ac_cv_path_SED='/usr/bin/sed'
ac_cv_path_XGETTEXT='/usr/bin/xgettext'
ac_cv_path_XMLCATALOG='/usr/bin/xmlcatalog'
ac_cv_path_XMLLINT='/usr/bin/xmllint'
ac_cv_path_XSLTPROC='/usr/bin/xsltproc'
ac_cv_path_ac_pt_PKG_CONFIG='/usr/bin/pkg-config'
ac_cv_path_install='/usr/bin/install -c'
ac_cv_path_mkdir='/usr/bin/mkdir'
ac_cv_prog_AWK='gawk'
ac_cv_prog_CPP='gcc -E'
ac_cv_prog_ac_ct_CC='gcc'
ac_cv_prog_ac_ct_RANLIB='ranlib'
ac_cv_prog_cc_c89=''
ac_cv_prog_cc_g='yes'
ac_cv_prog_make_make_set='yes'
ac_cv_safe_to_define___extensions__='yes'
acl_cv_hardcode_direct='no'
acl_cv_hardcode_libdir_flag_spec='${wl}-rpath ${wl}$libdir'
acl_cv_hardcode_libdir_separator=''
acl_cv_hardcode_minus_L='no'
acl_cv_libext='a'
acl_cv_libname_spec='lib$name'
acl_cv_library_names_spec='$libname$shrext'
acl_cv_path_LD='/usr/bin/ld'
acl_cv_prog_gnu_ld='yes'
acl_cv_rpath='done'
acl_cv_shlibext='so'
acl_cv_wl='-Wl,'
am_cv_CC_dependencies_compiler_type='gcc3'
am_cv_make_support_nested_variables='yes'
am_cv_prog_cc_c_o='yes'
gt_cv_func_CFLocaleCopyPreferredLanguages='no'
gt_cv_func_CFPreferencesCopyAppValue='no'
gt_cv_func_gnugettext1_libc='yes'
pkg_cv_NSL_CFLAGS='-I/usr/include/tirpc'
pkg_cv_NSL_LIBS='-lnsl -ltirpc'
pkg_cv_TIRPC_CFLAGS='-I/usr/include/tirpc'
pkg_cv_TIRPC_LIBS='-ltirpc'

## ----------------- ##
## Output variables. ##
## ----------------- ##

ACLOCAL='${SHELL} /usr/src/void-extra/yp/ypbind-mt-2.4/missing aclocal-1.16'
AMDEPBACKSLASH='\'
AMDEP_FALSE='#'
AMDEP_TRUE=''
AMTAR='$${TAR-tar}'
AM_BACKSLASH='\'
AM_DEFAULT_V='$(AM_DEFAULT_VERBOSITY)'
AM_DEFAULT_VERBOSITY='1'
AM_V='$(V)'
AUTOCONF='${SHELL} /usr/src/void-extra/yp/ypbind-mt-2.4/missing autoconf'
AUTOHEADER='${SHELL} /usr/src/void-extra/yp/ypbind-mt-2.4/missing autoheader'
AUTOMAKE='${SHELL} /usr/src/void-extra/yp/ypbind-mt-2.4/missing automake-1.16'
AWK='gawk'
CC='gcc'
CCDEPMODE='depmode=gcc3'
CFLAGS='-g -O2'
CPP='gcc -E'
CPPFLAGS=''
CYGPATH_W='echo'
DEFS='-DHAVE_CONFIG_H'
DEPDIR='.deps'
ECHO_C=''
ECHO_N='-n'
ECHO_T=''
EGREP='/usr/bin/grep -E'
ENABLE_REGENERATE_MAN_FALSE='#'
ENABLE_REGENERATE_MAN_TRUE=''
EXEEXT=''
GETTEXT_MACRO_VERSION='0.19'
GMSGFMT='/usr/bin/msgfmt'
GMSGFMT_015='/usr/bin/msgfmt'
GREP='/usr/bin/grep'
INSTALL_DATA='${INSTALL} -m 644'
INSTALL_PROGRAM='${INSTALL}'
INSTALL_SCRIPT='${INSTALL}'
INSTALL_STRIP_PROGRAM='$(install_sh) -c -s'
INTLLIBS=''
INTL_MACOSX_LIBS=''
LDFLAGS=''
LIBICONV='-liconv'
LIBINTL=''
LIBOBJS=''
LIBS='-lpthread '
LTLIBICONV='-liconv'
LTLIBINTL=''
LTLIBOBJS=''
MAKEINFO='${SHELL} /usr/src/void-extra/yp/ypbind-mt-2.4/missing makeinfo'
MKDIR_P='/usr/bin/mkdir -p'
MSGFMT='/usr/bin/msgfmt'
MSGFMT_015='/usr/bin/msgfmt'
MSGMERGE='/usr/bin/msgmerge'
NSL_CFLAGS='-I/usr/include/tirpc'
NSL_LIBS='-lnsl -ltirpc'
OBJEXT='o'
PACKAGE='ypbind-mt'
PACKAGE_BUGREPORT=''
PACKAGE_NAME='ypbind-mt'
PACKAGE_STRING='ypbind-mt 2.4'
PACKAGE_TARNAME='ypbind-mt'
PACKAGE_URL=''
PACKAGE_VERSION='2.4'
PATH_SEPARATOR=':'
PKG_CONFIG='/usr/bin/pkg-config'
PKG_CONFIG_LIBDIR=''
PKG_CONFIG_PATH=''
POSUB='po'
RANLIB='ranlib'
SED='/usr/bin/sed'
SET_MAKE=''
SHELL='/bin/sh'
STRIP=''
SYSTEMD_CFLAGS=''
SYSTEMD_LIBS=''
TIRPC_CFLAGS='-I/usr/include/tirpc'
TIRPC_LIBS='-ltirpc'
USE_NLS='yes'
USE_SD_NOTIFY='0'
VERSION='2.4'
WARNFLAGS=''
XGETTEXT='/usr/bin/xgettext'
XGETTEXT_015='/usr/bin/xgettext'
XGETTEXT_EXTRA_OPTIONS=''
XMLCATALOG='/usr/bin/xmlcatalog'
XMLLINT='/usr/bin/xmllint'
XML_CATALOG_FILE='/etc/xml/catalog'
XSLTPROC='/usr/bin/xsltproc'
ac_ct_CC='gcc'
am__EXEEXT_FALSE=''
am__EXEEXT_TRUE='#'
am__fastdepCC_FALSE='#'
am__fastdepCC_TRUE=''
am__include='include'
am__isrc=''
am__leading_dot='.'
am__nodep='_no'
am__quote=''
am__tar='$${TAR-tar} chof - "$$tardir"'
am__untar='$${TAR-tar} xf -'
bindir='${exec_prefix}/bin'
build='x86_64-unknown-linux-gnu'
build_alias=''
build_cpu='x86_64'
build_os='linux-gnu'
build_vendor='unknown'
datadir='${datarootdir}'
datarootdir='${prefix}/share'
docdir='${datarootdir}/doc/${PACKAGE_TARNAME}'
dvidir='${docdir}'
exec_prefix='${prefix}'
host='x86_64-unknown-linux-gnu'
host_alias=''
host_cpu='x86_64'
host_os='linux-gnu'
host_vendor='unknown'
htmldir='${docdir}'
includedir='${prefix}/include'
infodir='${datarootdir}/info'
install_sh='${SHELL} /usr/src/void-extra/yp/ypbind-mt-2.4/install-sh'
libdir='${exec_prefix}/lib'
libexecdir='${exec_prefix}/libexec'
localedir='${datarootdir}/locale'
localstatedir='${prefix}/var'
mandir='${datarootdir}/man'
mkdir_p='$(MKDIR_P)'
oldincludedir='/usr/include'
pdfdir='${docdir}'
prefix='/usr'
program_transform_name='s,x,x,'
psdir='${docdir}'
sbindir='${exec_prefix}/sbin'
sharedstatedir='${prefix}/com'
sysconfdir='${prefix}/etc'
target_alias=''

## ----------- ##
## confdefs.h. ##
## ----------- ##

/* confdefs.h */
#define PACKAGE_NAME "ypbind-mt"
#define PACKAGE_TARNAME "ypbind-mt"
#define PACKAGE_VERSION "2.4"
#define PACKAGE_STRING "ypbind-mt 2.4"
#define PACKAGE_BUGREPORT ""
#define PACKAGE_URL ""
#define PACKAGE "ypbind-mt"
#define VERSION "2.4"
#define STDC_HEADERS 1
#define HAVE_SYS_TYPES_H 1
#define HAVE_SYS_STAT_H 1
#define HAVE_STDLIB_H 1
#define HAVE_STRING_H 1
#define HAVE_MEMORY_H 1
#define HAVE_STRINGS_H 1
#define HAVE_INTTYPES_H 1
#define HAVE_STDINT_H 1
#define HAVE_UNISTD_H 1
#define __EXTENSIONS__ 1
#define _ALL_SOURCE 1
#define _GNU_SOURCE 1
#define _POSIX_PTHREAD_SEMANTICS 1
#define _TANDEM_SOURCE 1
#define HAVE_LIBPTHREAD 1
#define HAVE_TIRPC 1
#define HAVE___NSS_CONFIGURE_LOOKUP 1
#define ENABLE_NLS 1
#define HAVE_GETTEXT 1
#define HAVE_DCGETTEXT 1

configure: exit 0
