This is pdfTeX, Version 3.14159265-2.6-1.40.21 (TeX Live 2020) (preloaded format=pdfetex 2020.5.19)  1 AUG 2020 05:57
entering extended mode
 restricted \write18 enabled.
 file:line:error style messages enabled.
 %&-line parsing enabled.
**\nonstopmode \input ./uucp.texi
(./uucp.texi (/usr/src/void-extra/uucp-1.07/texinfo.tex
Loading texinfo [version 2000-12-12.07]: Basics,
\bindingoffset=\dimen16
\normaloffset=\dimen17
\pagewidth=\dimen18
\pageheight=\dimen19
\outerhsize=\dimen20
\outervsize=\dimen21
\cornerlong=\dimen22
\cornerthick=\dimen23
\topandbottommargin=\dimen24
\headlinebox=\box16
\footlinebox=\box17
\margin=\insert252
\EMsimple=\toks13
\singlespaceskip=\skip18
\groupinvalidhelp=\toks14
\mil=\dimen25
\exdentamount=\skip19
\inmarginspacing=\skip20
 pdf,
\tempnum=\count27
\lnkcount=\count28
\filename=\toks15
\filenamelength=\count29
\pgn=\count30
\toksA=\toks16
\toksB=\toks17
\toksC=\toks18
\toksD=\toks19
\boxA=\box18
\countA=\count31

(/opt/texlive/2020/texmf-dist/tex/generic/pdftex/pdfcolor.tex) fonts,
\sffam=\fam8
\mainmagstep=\count32
\fontdepth=\count33

page headings,
\titlepagetopglue=\skip21
\titlepagebottomglue=\skip22
\evenheadline=\toks20
\oddheadline=\toks21
\evenfootline=\toks22
\oddfootline=\toks23
 tables,
\tableindent=\dimen26
\itemindent=\dimen27
\itemmargin=\dimen28
\itemmax=\dimen29
\itemno=\count34
\multitableparskip=\skip23
\multitableparindent=\skip24
\multitablecolspace=\dimen30
\multitablelinespace=\skip25
\colcount=\count35
 conditionals, indexing,
\secondaryindent=\skip26
\partialpage=\box19
\doublecolumnhsize=\dimen31
 sectioning,
\chapno=\count36
\secno=\count37
\subsecno=\count38
\subsubsecno=\count39
\appendixno=\count40
\absseclevel=\count41
\secbase=\count42
\chapheadingskip=\skip27
\secheadingskip=\skip28
\subsecheadingskip=\skip29
 toc,
\tocfile=\write0
\contentsrightmargin=\skip30
\savepageno=\count43
\lastnegativepageno=\count44
\shortappendixwidth=\dimen32
\tocindent=\dimen33
 environments,
\dblarrowbox=\box20
\longdblarrowbox=\box21
\pushcharbox=\box22
\bullbox=\box23
\equivbox=\box24
\errorbox=\box25
\lispnarrowing=\skip31
\envskipamount=\skip32
\circthick=\dimen34
\cartouter=\dimen35
\cartinner=\dimen36
\normbskip=\skip33
\normpskip=\skip34
\normlskip=\skip35
\lskip=\skip36
\rskip=\skip37
\tabw=\dimen37

defuns,
\defbodyindent=\skip38
\defargsindent=\skip39
\deftypemargin=\skip40
\deflastargmargin=\skip41
\parencount=\count45
 macros,
\paramno=\count46
\macname=\toks24
 cross references,
\auxfile=\write1
\savesfregister=\count47
\footnoteno=\count48
\noepsfhelp=\toks25
 localization,
\nolanghelp=\toks26
\defaultparindent=\dimen38

and turning on texinfo input format.) (/usr/src/void-extra/uucp-1.07/uucp.aux)
@cpindfile=@write2
@fnindfile=@write3
@vrindfile=@write4
@tpindfile=@write5
@kyindfile=@write6
@pgindfile=@write7

[1
\openout1 = `uucp.aux'.

\openout2 = `uucp.cp'.

\openout3 = `uucp.fn'.

\openout4 = `uucp.vr'.

\openout5 = `uucp.tp'.

\openout6 = `uucp.ky'.

\openout7 = `uucp.pg'.

{/opt/texlive/2020/texmf-var/fonts/map/pdftex/updmap/pdftex.map}] [2]
(Taylor UUCP 1.07)
\openout0 = `uucp.toc'.

 (Taylor UUCP Copying Conditions) [1] [2] Chapter 1 [3]
[4] [5] [6] Chapter 2 [7] [8]
Underfull \hbox (badness 5607) in paragraph at lines 608--610
[]@textrm A file may be trans-ferred to or from `@texttt system2[]@textrm '[] v
ia `@texttt system1[]@textrm '[] by us-ing

@hbox(7.60416+2.43333)x433.62, glue set 3.8307
.@hbox(0.0+0.0)x15.0
.@textrm A
.@glue 3.65 plus 1.82317 minus 1.21786
.@textrm ^^L (ligature fi)
.@textrm l
.etc.

[9] [10] [11] [12] [13]
Overfull \hbox (14.94176pt too wide) in paragraph at lines 939--939
 []       @texttt [--not-system system ] [--older-than hours] [--younger-than h
ours][] 

@hbox(7.60416+2.43333)x433.62
.@glue(@leftskip) 28.90755
.@hbox(0.0+0.0)x0.0
.@penalty 10000
.@glue 5.74869
.@penalty 10000
.etc.

[14] [15] [16] [17]
Overfull \hbox (43.6852pt too wide) in paragraph at lines 1155--1155
 []@texttt bugsA027h bugs ian 04-01 13:50 Executing rmail ian@airs.com (sending
 12 bytes)[] 

@hbox(7.60416+2.43333)x433.62
.@glue(@leftskip) 28.90755
.@hbox(0.0+0.0)x0.0
.@texttt b
.@texttt u
.@texttt g
.etc.


Underfull \hbox (badness 10000) in paragraph at lines 1181--1185
[]@textrm The `@texttt --system[]@textrm '[], `@texttt --not-system[]@textrm '[
], `@texttt --user[]@textrm '[], `@texttt --not-user[]@textrm '[], `@texttt --c
ommand[]@textrm '[],

@hbox(7.60416+2.43333)x433.62, glue set 7.04987
.@hbox(0.0+0.0)x15.0
.@textrm T
.@textrm h
.@textrm e
.@glue 3.65 plus 1.825 minus 1.21666
.etc.

[18] [19] [20] [21] [22] [23] [24] [25] [26] [27] [28] [29] Chapter 3 [30]
[31] [32] [33] [34] Chapter 4 [35] [36] [37] [38] [39] [40] [41] [42]
Chapter 5 [43] [44] [45] [46] [47] [48] [49] [50] [51] [52] [53] [54] [55]
[56] [57] [58] [59] [60] [61] [62] [63] [64] [65] [66] [67]
Underfull \hbox (badness 2894) in paragraph at lines 4522--4526
 []@textrm The `@texttt v[]@textrm '[] pro-to-col is the `@texttt g[]@textrm '[
] pro-to-col as used by the DOS pro-gram

@hbox(7.60416+2.43333)x433.62, glue set 3.07274
.@glue(@leftskip) 57.81621
.@hbox(0.0+0.0)x0.0
.@textrm T
.@textrm h
.@textrm e
.etc.

[68] [69] [70] [71] [72] [73] [74] [75] [76] [77] [78] [79] [80] [81] [82]
[83] [84] Chapter 6 [85] [86] [87] [88] [89] [90] [91] [92] [93] [94] [95]
[96] [97] [98] [99] [100] [101] [102] [103]
Overfull \hbox (14.94176pt too wide) in paragraph at lines 7159--7159
 []      @texttt /* Add ichk1 xor the character position in the buffer counting
 from[] 

@hbox(7.60416+2.43333)x433.62
.@glue(@leftskip) 28.90755
.@hbox(0.0+0.0)x0.0
.@penalty 10000
.@glue 5.74869
.@penalty 10000
.etc.

[104] [105] [106] [107] [108] [109] [110] [111] [112] [113] Chapter 7 [114]
[115] Chapter 8 [116] [117] [118] [119] [120] [121] [122] [123]
(Concept Index) [124] (/usr/src/void-extra/uucp-1.07/uucp.cps [125])
(Configuration File Index) [126] (/usr/src/void-extra/uucp-1.07/uucp.fns
[127]) [128] (/usr/src/void-extra/uucp-1.07/uucp.toc [-1] [-2]) [-3] [-4]
(/usr/src/void-extra/uucp-1.07/uucp.toc)
(/usr/src/void-extra/uucp-1.07/uucp.toc) ) 
Here is how much of TeX's memory you used:
 2072 strings out of 496271
 25217 string characters out of 6187852
 73363 words of memory out of 5000000
 3115 multiletter control sequences out of 15000+600000
 30704 words of font info for 106 fonts, out of 8000000 for 9000
 558 hyphenation exceptions out of 8191
 13i,6n,16p,255b,302s stack positions out of 5000i,500n,10000p,200000b,80000s
</opt/texlive/2020/texmf-dist/fonts/t
ype1/public/amsfonts/cm/cmbx12.pfb></opt/texlive/2020/texmf-dist/fonts/type1/pu
blic/amsfonts/cm/cmbxti10.pfb></opt/texlive/2020/texmf-dist/fonts/type1/public/
amsfonts/cm/cmmi7.pfb></opt/texlive/2020/texmf-dist/fonts/type1/public/amsfonts
/cm/cmr10.pfb></opt/texlive/2020/texmf-dist/fonts/type1/public/amsfonts/cm/cmr7
.pfb></opt/texlive/2020/texmf-dist/fonts/type1/public/amsfonts/cm/cmr9.pfb></op
t/texlive/2020/texmf-dist/fonts/type1/public/amsfonts/cm/cmsl10.pfb></opt/texli
ve/2020/texmf-dist/fonts/type1/public/amsfonts/cm/cmsl9.pfb></opt/texlive/2020/
texmf-dist/fonts/type1/public/amsfonts/cm/cmsltt10.pfb></opt/texlive/2020/texmf
-dist/fonts/type1/public/amsfonts/cm/cmsy10.pfb></opt/texlive/2020/texmf-dist/f
onts/type1/public/amsfonts/cm/cmti10.pfb></opt/texlive/2020/texmf-dist/fonts/ty
pe1/public/amsfonts/cm/cmti9.pfb></opt/texlive/2020/texmf-dist/fonts/type1/publ
ic/amsfonts/cm/cmtt10.pfb></opt/texlive/2020/texmf-dist/fonts/type1/public/amsf
onts/cm/cmtt12.pfb></opt/texlive/2020/texmf-dist/fonts/type1/public/amsfonts/cm
/cmtt9.pfb>
Output written on uucp.pdf (134 pages, 572037 bytes).
PDF statistics:
 2035 PDF objects out of 2073 (max. 8388607)
 1865 compressed objects within 19 object streams
 248 named destinations out of 1000 (max. 500000)
 929 words of extra memory for PDF output out of 10000 (max. 10000000)

