This file contains any messages produced by compilers while
running configure, to aid debugging if configure makes a mistake.

It was created by yp-tools configure 4.2.2, which was
generated by GNU Autoconf 2.69.  Invocation command line was

  $ ./configure --prefix=/usr

## --------- ##
## Platform. ##
## --------- ##

hostname = quicksand64.local
uname -m = x86_64
uname -r = 5.7.13_1
uname -s = Linux
uname -v = #1 SMP Wed Aug 5 09:23:30 UTC 2020

/usr/bin/uname -p = unknown
/bin/uname -X     = unknown

/bin/arch              = x86_64
/usr/bin/arch -k       = unknown
/usr/convex/getsysinfo = unknown
/usr/bin/hostinfo      = unknown
/bin/machine           = unknown
/usr/bin/oslevel       = unknown
/bin/universe          = unknown

PATH: /usr/local/bin
PATH: /usr/bin
PATH: /bin
PATH: /usr/local/sbin
PATH: /usr/sbin
PATH: /sbin
PATH: /opt/texlive/2020/bin/x86_64-linux
PATH: /home/nikosc/.bin
PATH: /home/nikosc/.help
PATH: /root/.bin
PATH: /root/.help


## ----------- ##
## Core tests. ##
## ----------- ##

configure:2374: checking for a BSD-compatible install
configure:2442: result: /usr/bin/install -c
configure:2453: checking whether build environment is sane
configure:2508: result: yes
configure:2659: checking for a thread-safe mkdir -p
configure:2698: result: /usr/bin/mkdir -p
configure:2705: checking for gawk
configure:2721: found /usr/bin/gawk
configure:2732: result: gawk
configure:2743: checking whether make sets $(MAKE)
configure:2765: result: yes
configure:2794: checking whether make supports nested variables
configure:2811: result: yes
configure:3048: checking for gcc
configure:3064: found /usr/bin/gcc
configure:3075: result: gcc
configure:3304: checking for C compiler version
configure:3313: gcc --version >&5
gcc (GCC) 9.3.0
Copyright (C) 2019 Free Software Foundation, Inc.
This is free software; see the source for copying conditions.  There is NO
warranty; not even for MERCHANTABILITY or FITNESS FOR A PARTICULAR PURPOSE.

configure:3324: $? = 0
configure:3313: gcc -v >&5
Using built-in specs.
COLLECT_GCC=gcc
COLLECT_LTO_WRAPPER=/usr/lib/gcc/x86_64-unknown-linux-gnu/9.3.0/lto-wrapper
Target: x86_64-unknown-linux-gnu
Configured with: /builddir/gcc-9.3.0/configure --build=x86_64-unknown-linux-gnu --enable-fast-character --enable-vtable-verify --prefix=/usr --mandir=/usr/share/man --infodir=/usr/share/info --libexecdir=/usr/lib --libdir=/usr/lib --enable-threads=posix --enable-__cxa_atexit --disable-multilib --with-system-zlib --enable-shared --enable-lto --enable-plugins --enable-linker-build-id --disable-werror --disable-nls --enable-default-pie --enable-default-ssp --enable-checking=release --disable-libstdcxx-pch --with-isl --with-linker-hash-style=gnu --disable-libunwind-exceptions --disable-target-libiberty --enable-serial-configure --enable-languages=c,c++,objc,obj-c++,fortran,lto,go,ada
Thread model: posix
gcc version 9.3.0 (GCC) 
configure:3324: $? = 0
configure:3313: gcc -V >&5
gcc: error: unrecognized command line option '-V'
gcc: fatal error: no input files
compilation terminated.
configure:3324: $? = 1
configure:3313: gcc -qversion >&5
gcc: error: unrecognized command line option '-qversion'; did you mean '--version'?
gcc: fatal error: no input files
compilation terminated.
configure:3324: $? = 1
configure:3344: checking whether the C compiler works
configure:3366: gcc    conftest.c  >&5
configure:3370: $? = 0
configure:3418: result: yes
configure:3421: checking for C compiler default output file name
configure:3423: result: a.out
configure:3429: checking for suffix of executables
configure:3436: gcc -o conftest    conftest.c  >&5
configure:3440: $? = 0
configure:3462: result: 
configure:3484: checking whether we are cross compiling
configure:3492: gcc -o conftest    conftest.c  >&5
configure:3496: $? = 0
configure:3503: ./conftest
configure:3507: $? = 0
configure:3522: result: no
configure:3527: checking for suffix of object files
configure:3549: gcc -c   conftest.c >&5
configure:3553: $? = 0
configure:3574: result: o
configure:3578: checking whether we are using the GNU C compiler
configure:3597: gcc -c   conftest.c >&5
configure:3597: $? = 0
configure:3606: result: yes
configure:3615: checking whether gcc accepts -g
configure:3635: gcc -c -g  conftest.c >&5
configure:3635: $? = 0
configure:3676: result: yes
configure:3693: checking for gcc option to accept ISO C89
configure:3756: gcc  -c -g -O2  conftest.c >&5
configure:3756: $? = 0
configure:3769: result: none needed
configure:3794: checking whether gcc understands -c and -o together
configure:3816: gcc -c conftest.c -o conftest2.o
configure:3819: $? = 0
configure:3816: gcc -c conftest.c -o conftest2.o
configure:3819: $? = 0
configure:3831: result: yes
configure:3851: checking whether make supports the include directive
configure:3866: make -f confmf.GNU && cat confinc.out
this is the am__doit target
configure:3869: $? = 0
configure:3888: result: yes (GNU style)
configure:3913: checking dependency style of gcc
configure:4024: result: gcc3
configure:4045: checking how to run the C preprocessor
configure:4076: gcc -E  conftest.c
configure:4076: $? = 0
configure:4090: gcc -E  conftest.c
conftest.c:11:10: fatal error: ac_nonexistent.h: No such file or directory
   11 | #include <ac_nonexistent.h>
      |          ^~~~~~~~~~~~~~~~~~
compilation terminated.
configure:4090: $? = 1
configure: failed program was:
| /* confdefs.h */
| #define PACKAGE_NAME "yp-tools"
| #define PACKAGE_TARNAME "yp-tools"
| #define PACKAGE_VERSION "4.2.2"
| #define PACKAGE_STRING "yp-tools 4.2.2"
| #define PACKAGE_BUGREPORT "kukuk@linux-nis.org"
| #define PACKAGE_URL ""
| #define PACKAGE "yp-tools"
| #define VERSION "4.2.2"
| /* end confdefs.h.  */
| #include <ac_nonexistent.h>
configure:4115: result: gcc -E
configure:4135: gcc -E  conftest.c
configure:4135: $? = 0
configure:4149: gcc -E  conftest.c
conftest.c:11:10: fatal error: ac_nonexistent.h: No such file or directory
   11 | #include <ac_nonexistent.h>
      |          ^~~~~~~~~~~~~~~~~~
compilation terminated.
configure:4149: $? = 1
configure: failed program was:
| /* confdefs.h */
| #define PACKAGE_NAME "yp-tools"
| #define PACKAGE_TARNAME "yp-tools"
| #define PACKAGE_VERSION "4.2.2"
| #define PACKAGE_STRING "yp-tools 4.2.2"
| #define PACKAGE_BUGREPORT "kukuk@linux-nis.org"
| #define PACKAGE_URL ""
| #define PACKAGE "yp-tools"
| #define VERSION "4.2.2"
| /* end confdefs.h.  */
| #include <ac_nonexistent.h>
configure:4178: checking for grep that handles long lines and -e
configure:4236: result: /usr/bin/grep
configure:4241: checking for egrep
configure:4303: result: /usr/bin/grep -E
configure:4308: checking for ANSI C header files
configure:4328: gcc -c -g -O2  conftest.c >&5
configure:4328: $? = 0
configure:4401: gcc -o conftest -g -O2   conftest.c  >&5
configure:4401: $? = 0
configure:4401: ./conftest
configure:4401: $? = 0
configure:4412: result: yes
configure:4425: checking for sys/types.h
configure:4425: gcc -c -g -O2  conftest.c >&5
configure:4425: $? = 0
configure:4425: result: yes
configure:4425: checking for sys/stat.h
configure:4425: gcc -c -g -O2  conftest.c >&5
configure:4425: $? = 0
configure:4425: result: yes
configure:4425: checking for stdlib.h
configure:4425: gcc -c -g -O2  conftest.c >&5
configure:4425: $? = 0
configure:4425: result: yes
configure:4425: checking for string.h
configure:4425: gcc -c -g -O2  conftest.c >&5
configure:4425: $? = 0
configure:4425: result: yes
configure:4425: checking for memory.h
configure:4425: gcc -c -g -O2  conftest.c >&5
configure:4425: $? = 0
configure:4425: result: yes
configure:4425: checking for strings.h
configure:4425: gcc -c -g -O2  conftest.c >&5
configure:4425: $? = 0
configure:4425: result: yes
configure:4425: checking for inttypes.h
configure:4425: gcc -c -g -O2  conftest.c >&5
configure:4425: $? = 0
configure:4425: result: yes
configure:4425: checking for stdint.h
configure:4425: gcc -c -g -O2  conftest.c >&5
configure:4425: $? = 0
configure:4425: result: yes
configure:4425: checking for unistd.h
configure:4425: gcc -c -g -O2  conftest.c >&5
configure:4425: $? = 0
configure:4425: result: yes
configure:4438: checking minix/config.h usability
configure:4438: gcc -c -g -O2  conftest.c >&5
conftest.c:54:10: fatal error: minix/config.h: No such file or directory
   54 | #include <minix/config.h>
      |          ^~~~~~~~~~~~~~~~
compilation terminated.
configure:4438: $? = 1
configure: failed program was:
| /* confdefs.h */
| #define PACKAGE_NAME "yp-tools"
| #define PACKAGE_TARNAME "yp-tools"
| #define PACKAGE_VERSION "4.2.2"
| #define PACKAGE_STRING "yp-tools 4.2.2"
| #define PACKAGE_BUGREPORT "kukuk@linux-nis.org"
| #define PACKAGE_URL ""
| #define PACKAGE "yp-tools"
| #define VERSION "4.2.2"
| #define STDC_HEADERS 1
| #define HAVE_SYS_TYPES_H 1
| #define HAVE_SYS_STAT_H 1
| #define HAVE_STDLIB_H 1
| #define HAVE_STRING_H 1
| #define HAVE_MEMORY_H 1
| #define HAVE_STRINGS_H 1
| #define HAVE_INTTYPES_H 1
| #define HAVE_STDINT_H 1
| #define HAVE_UNISTD_H 1
| /* end confdefs.h.  */
| #include <stdio.h>
| #ifdef HAVE_SYS_TYPES_H
| # include <sys/types.h>
| #endif
| #ifdef HAVE_SYS_STAT_H
| # include <sys/stat.h>
| #endif
| #ifdef STDC_HEADERS
| # include <stdlib.h>
| # include <stddef.h>
| #else
| # ifdef HAVE_STDLIB_H
| #  include <stdlib.h>
| # endif
| #endif
| #ifdef HAVE_STRING_H
| # if !defined STDC_HEADERS && defined HAVE_MEMORY_H
| #  include <memory.h>
| # endif
| # include <string.h>
| #endif
| #ifdef HAVE_STRINGS_H
| # include <strings.h>
| #endif
| #ifdef HAVE_INTTYPES_H
| # include <inttypes.h>
| #endif
| #ifdef HAVE_STDINT_H
| # include <stdint.h>
| #endif
| #ifdef HAVE_UNISTD_H
| # include <unistd.h>
| #endif
| #include <minix/config.h>
configure:4438: result: no
configure:4438: checking minix/config.h presence
configure:4438: gcc -E  conftest.c
conftest.c:21:10: fatal error: minix/config.h: No such file or directory
   21 | #include <minix/config.h>
      |          ^~~~~~~~~~~~~~~~
compilation terminated.
configure:4438: $? = 1
configure: failed program was:
| /* confdefs.h */
| #define PACKAGE_NAME "yp-tools"
| #define PACKAGE_TARNAME "yp-tools"
| #define PACKAGE_VERSION "4.2.2"
| #define PACKAGE_STRING "yp-tools 4.2.2"
| #define PACKAGE_BUGREPORT "kukuk@linux-nis.org"
| #define PACKAGE_URL ""
| #define PACKAGE "yp-tools"
| #define VERSION "4.2.2"
| #define STDC_HEADERS 1
| #define HAVE_SYS_TYPES_H 1
| #define HAVE_SYS_STAT_H 1
| #define HAVE_STDLIB_H 1
| #define HAVE_STRING_H 1
| #define HAVE_MEMORY_H 1
| #define HAVE_STRINGS_H 1
| #define HAVE_INTTYPES_H 1
| #define HAVE_STDINT_H 1
| #define HAVE_UNISTD_H 1
| /* end confdefs.h.  */
| #include <minix/config.h>
configure:4438: result: no
configure:4438: checking for minix/config.h
configure:4438: result: no
configure:4459: checking whether it is safe to define __EXTENSIONS__
configure:4477: gcc -c -g -O2  conftest.c >&5
configure:4477: $? = 0
configure:4484: result: yes
configure:4507: checking how to run the C preprocessor
configure:4577: result: gcc -E
configure:4597: gcc -E  conftest.c
configure:4597: $? = 0
configure:4611: gcc -E  conftest.c
conftest.c:26:10: fatal error: ac_nonexistent.h: No such file or directory
   26 | #include <ac_nonexistent.h>
      |          ^~~~~~~~~~~~~~~~~~
compilation terminated.
configure:4611: $? = 1
configure: failed program was:
| /* confdefs.h */
| #define PACKAGE_NAME "yp-tools"
| #define PACKAGE_TARNAME "yp-tools"
| #define PACKAGE_VERSION "4.2.2"
| #define PACKAGE_STRING "yp-tools 4.2.2"
| #define PACKAGE_BUGREPORT "kukuk@linux-nis.org"
| #define PACKAGE_URL ""
| #define PACKAGE "yp-tools"
| #define VERSION "4.2.2"
| #define STDC_HEADERS 1
| #define HAVE_SYS_TYPES_H 1
| #define HAVE_SYS_STAT_H 1
| #define HAVE_STDLIB_H 1
| #define HAVE_STRING_H 1
| #define HAVE_MEMORY_H 1
| #define HAVE_STRINGS_H 1
| #define HAVE_INTTYPES_H 1
| #define HAVE_STDINT_H 1
| #define HAVE_UNISTD_H 1
| #define __EXTENSIONS__ 1
| #define _ALL_SOURCE 1
| #define _GNU_SOURCE 1
| #define _POSIX_PTHREAD_SEMANTICS 1
| #define _TANDEM_SOURCE 1
| /* end confdefs.h.  */
| #include <ac_nonexistent.h>
configure:4640: checking for strerror in -lcposix
configure:4665: gcc -o conftest -g -O2   conftest.c -lcposix   >&5
/usr/bin/ld: cannot find -lcposix
collect2: error: ld returned 1 exit status
configure:4665: $? = 1
configure: failed program was:
| /* confdefs.h */
| #define PACKAGE_NAME "yp-tools"
| #define PACKAGE_TARNAME "yp-tools"
| #define PACKAGE_VERSION "4.2.2"
| #define PACKAGE_STRING "yp-tools 4.2.2"
| #define PACKAGE_BUGREPORT "kukuk@linux-nis.org"
| #define PACKAGE_URL ""
| #define PACKAGE "yp-tools"
| #define VERSION "4.2.2"
| #define STDC_HEADERS 1
| #define HAVE_SYS_TYPES_H 1
| #define HAVE_SYS_STAT_H 1
| #define HAVE_STDLIB_H 1
| #define HAVE_STRING_H 1
| #define HAVE_MEMORY_H 1
| #define HAVE_STRINGS_H 1
| #define HAVE_INTTYPES_H 1
| #define HAVE_STDINT_H 1
| #define HAVE_UNISTD_H 1
| #define __EXTENSIONS__ 1
| #define _ALL_SOURCE 1
| #define _GNU_SOURCE 1
| #define _POSIX_PTHREAD_SEMANTICS 1
| #define _TANDEM_SOURCE 1
| /* end confdefs.h.  */
| 
| /* Override any GCC internal prototype to avoid an error.
|    Use char because int might match the return type of a GCC
|    builtin and then its argument prototype would still apply.  */
| #ifdef __cplusplus
| extern "C"
| #endif
| char strerror ();
| int
| main ()
| {
| return strerror ();
|   ;
|   return 0;
| }
configure:4674: result: no
configure:4683: checking whether make sets $(MAKE)
configure:4705: result: yes
configure:4757: checking for ranlib
configure:4773: found /usr/bin/ranlib
configure:4784: result: ranlib
configure:4835: checking build system type
configure:4849: result: x86_64-unknown-linux-gnu
configure:4869: checking host system type
configure:4882: result: x86_64-unknown-linux-gnu
configure:4923: checking how to print strings
configure:4950: result: printf
configure:4971: checking for a sed that does not truncate output
configure:5035: result: /usr/bin/sed
configure:5053: checking for fgrep
configure:5115: result: /usr/bin/grep -F
configure:5150: checking for ld used by gcc
configure:5217: result: /usr/bin/ld
configure:5224: checking if the linker (/usr/bin/ld) is GNU ld
configure:5239: result: yes
configure:5251: checking for BSD- or MS-compatible name lister (nm)
configure:5300: result: /usr/bin/nm -B
configure:5430: checking the name lister (/usr/bin/nm -B) interface
configure:5437: gcc -c -g -O2  conftest.c >&5
configure:5440: /usr/bin/nm -B "conftest.o"
configure:5443: output
0000000000000000 B some_variable
configure:5450: result: BSD nm
configure:5453: checking whether ln -s works
configure:5457: result: yes
configure:5465: checking the maximum length of command line arguments
configure:5595: result: 1572864
configure:5612: checking whether the shell understands some XSI constructs
configure:5622: result: yes
configure:5626: checking whether the shell understands "+="
configure:5632: result: no
configure:5667: checking how to convert x86_64-unknown-linux-gnu file names to x86_64-unknown-linux-gnu format
configure:5707: result: func_convert_file_noop
configure:5714: checking how to convert x86_64-unknown-linux-gnu file names to toolchain format
configure:5734: result: func_convert_file_noop
configure:5741: checking for /usr/bin/ld option to reload object files
configure:5748: result: -r
configure:5822: checking for objdump
configure:5838: found /usr/bin/objdump
configure:5849: result: objdump
configure:5881: checking how to recognize dependent libraries
configure:6083: result: pass_all
configure:6168: checking for dlltool
configure:6198: result: no
configure:6228: checking how to associate runtime and link libraries
configure:6255: result: printf %s\n
configure:6315: checking for ar
configure:6331: found /usr/bin/ar
configure:6342: result: ar
configure:6379: checking for archiver @FILE support
configure:6396: gcc -c -g -O2  conftest.c >&5
configure:6396: $? = 0
configure:6399: ar cru libconftest.a @conftest.lst >&5
ar: `u' modifier ignored since `D' is the default (see `U')
configure:6402: $? = 0
configure:6407: ar cru libconftest.a @conftest.lst >&5
ar: `u' modifier ignored since `D' is the default (see `U')
ar: conftest.o: No such file or directory
configure:6410: $? = 1
configure:6422: result: @
configure:6480: checking for strip
configure:6496: found /usr/bin/strip
configure:6507: result: strip
configure:6579: checking for ranlib
configure:6606: result: ranlib
configure:6708: checking command to parse /usr/bin/nm -B output from gcc object
configure:6828: gcc -c -g -O2  conftest.c >&5
configure:6831: $? = 0
configure:6835: /usr/bin/nm -B conftest.o \| sed -n -e 's/^.*[ ]\([ABCDGIRSTW][ABCDGIRSTW]*\)[ ][ ]*\([_A-Za-z][_A-Za-z0-9]*\)$/  /p' | sed '/ __gnu_lto/d' \> conftest.nm
configure:6838: $? = 0
configure:6904: gcc -o conftest -g -O2   conftest.c conftstm.o >&5
configure:6907: $? = 0
configure:6945: result: ok
configure:6982: checking for sysroot
configure:7012: result: no
configure:7089: gcc -c -g -O2  conftest.c >&5
configure:7092: $? = 0
configure:7274: checking for mt
configure:7304: result: no
configure:7324: checking if : is a manifest tool
configure:7330: : '-?'
configure:7338: result: no
configure:7977: checking for dlfcn.h
configure:7977: gcc -c -g -O2  conftest.c >&5
configure:7977: $? = 0
configure:7977: result: yes
configure:8183: checking for objdir
configure:8198: result: .libs
configure:8469: checking if gcc supports -fno-rtti -fno-exceptions
configure:8487: gcc -c -g -O2  -fno-rtti -fno-exceptions conftest.c >&5
cc1: warning: command line option '-fno-rtti' is valid for C++/D/ObjC++ but not for C
configure:8491: $? = 0
configure:8504: result: no
configure:8831: checking for gcc option to produce PIC
configure:8838: result: -fPIC -DPIC
configure:8846: checking if gcc PIC flag -fPIC -DPIC works
configure:8864: gcc -c -g -O2  -fPIC -DPIC -DPIC conftest.c >&5
configure:8868: $? = 0
configure:8881: result: yes
configure:8910: checking if gcc static flag -static works
configure:8938: result: yes
configure:8953: checking if gcc supports -c -o file.o
configure:8974: gcc -c -g -O2  -o out/conftest2.o conftest.c >&5
configure:8978: $? = 0
configure:9000: result: yes
configure:9008: checking if gcc supports -c -o file.o
configure:9055: result: yes
configure:9088: checking whether the gcc linker (/usr/bin/ld -m elf_x86_64) supports shared libraries
configure:10241: result: yes
configure:10278: checking whether -lc should be explicitly linked in
configure:10286: gcc -c -g -O2  conftest.c >&5
configure:10289: $? = 0
configure:10304: gcc -shared  -fPIC -DPIC conftest.o  -v -Wl,-soname -Wl,conftest -o conftest 2\>\&1 \| /usr/bin/grep  -lc  \>/dev/null 2\>\&1
configure:10307: $? = 0
configure:10321: result: no
configure:10481: checking dynamic linker characteristics
configure:10992: gcc -o conftest -g -O2   -Wl,-rpath -Wl,/foo conftest.c  >&5
configure:10992: $? = 0
configure:11214: result: GNU/Linux ld.so
configure:11321: checking how to hardcode library paths into programs
configure:11346: result: immediate
configure:11886: checking whether stripping libraries is possible
configure:11891: result: yes
configure:11926: checking if libtool supports shared libraries
configure:11928: result: yes
configure:11931: checking whether to build shared libraries
configure:11952: result: yes
configure:11955: checking whether to build static libraries
configure:11959: result: yes
configure:12180: checking for pkg-config
configure:12198: found /usr/bin/pkg-config
configure:12210: result: /usr/bin/pkg-config
configure:12235: checking pkg-config is at least version 0.9.0
configure:12238: result: yes
configure:12248: checking for libtirpc
configure:12255: $PKG_CONFIG --exists --print-errors "libtirpc"
configure:12258: $? = 0
configure:12272: $PKG_CONFIG --exists --print-errors "libtirpc"
configure:12275: $? = 0
configure:12313: result: yes
configure:12324: checking for libnsl
configure:12331: $PKG_CONFIG --exists --print-errors "libnsl"
configure:12334: $? = 0
configure:12348: $PKG_CONFIG --exists --print-errors "libnsl"
configure:12351: $? = 0
configure:12471: result: yes
configure:12478: checking for ypbind3_binding
configure:12478: gcc -c -g -O2 -I/usr/include/tirpc -I/usr/include/tirpc  conftest.c >&5
configure:12478: $? = 0
configure:12478: gcc -c -g -O2 -I/usr/include/tirpc -I/usr/include/tirpc  conftest.c >&5
conftest.c: In function 'main':
conftest.c:34:30: error: expected expression before ')' token
   34 | if (sizeof ((ypbind3_binding)))
      |                              ^
configure:12478: $? = 1
configure: failed program was:
| /* confdefs.h */
| #define PACKAGE_NAME "yp-tools"
| #define PACKAGE_TARNAME "yp-tools"
| #define PACKAGE_VERSION "4.2.2"
| #define PACKAGE_STRING "yp-tools 4.2.2"
| #define PACKAGE_BUGREPORT "kukuk@linux-nis.org"
| #define PACKAGE_URL ""
| #define PACKAGE "yp-tools"
| #define VERSION "4.2.2"
| #define STDC_HEADERS 1
| #define HAVE_SYS_TYPES_H 1
| #define HAVE_SYS_STAT_H 1
| #define HAVE_STDLIB_H 1
| #define HAVE_STRING_H 1
| #define HAVE_MEMORY_H 1
| #define HAVE_STRINGS_H 1
| #define HAVE_INTTYPES_H 1
| #define HAVE_STDINT_H 1
| #define HAVE_UNISTD_H 1
| #define __EXTENSIONS__ 1
| #define _ALL_SOURCE 1
| #define _GNU_SOURCE 1
| #define _POSIX_PTHREAD_SEMANTICS 1
| #define _TANDEM_SOURCE 1
| #define HAVE_DLFCN_H 1
| #define LT_OBJDIR ".libs/"
| #define HAVE_TIRPC 1
| /* end confdefs.h.  */
| #include <rpcsvc/yp_prot.h>
| 
| int
| main ()
| {
| if (sizeof ((ypbind3_binding)))
| 	    return 0;
|   ;
|   return 0;
| }
configure:12478: result: yes
configure:12487: checking for ANSI C header files
configure:12591: result: yes
configure:12602: checking getopt.h usability
configure:12602: gcc -c -g -O2 -I/usr/include/tirpc -I/usr/include/tirpc  conftest.c >&5
configure:12602: $? = 0
configure:12602: result: yes
configure:12602: checking getopt.h presence
configure:12602: gcc -E  conftest.c
configure:12602: $? = 0
configure:12602: result: yes
configure:12602: checking for getopt.h
configure:12602: result: yes
configure:12602: checking rpc/clnt_soc.h usability
configure:12602: gcc -c -g -O2 -I/usr/include/tirpc -I/usr/include/tirpc  conftest.c >&5
In file included from conftest.c:65:
/usr/include/tirpc/rpc/clnt_soc.h:66:8: error: unknown type name 'CLIENT'
   66 | extern CLIENT *clnttcp_create(struct sockaddr_in *, u_long, u_long, int *,
      |        ^~~~~~
/usr/include/tirpc/rpc/clnt_soc.h:66:38: warning: 'struct sockaddr_in' declared inside parameter list will not be visible outside of this definition or declaration
   66 | extern CLIENT *clnttcp_create(struct sockaddr_in *, u_long, u_long, int *,
      |                                      ^~~~~~~~~~~
/usr/include/tirpc/rpc/clnt_soc.h:78:8: error: unknown type name 'CLIENT'
   78 | extern CLIENT *clntraw_create(u_long, u_long);
      |        ^~~~~~
/usr/include/tirpc/rpc/clnt_soc.h:122:8: error: unknown type name 'CLIENT'
  122 | extern CLIENT *clntudp_create(struct sockaddr_in *, u_long, u_long,
      |        ^~~~~~
/usr/include/tirpc/rpc/clnt_soc.h:122:38: warning: 'struct sockaddr_in' declared inside parameter list will not be visible outside of this definition or declaration
  122 | extern CLIENT *clntudp_create(struct sockaddr_in *, u_long, u_long,
      |                                      ^~~~~~~~~~~
/usr/include/tirpc/rpc/clnt_soc.h:124:8: error: unknown type name 'CLIENT'
  124 | extern CLIENT *clntudp_bufcreate(struct sockaddr_in *, u_long, u_long,
      |        ^~~~~~
/usr/include/tirpc/rpc/clnt_soc.h:124:41: warning: 'struct sockaddr_in' declared inside parameter list will not be visible outside of this definition or declaration
  124 | extern CLIENT *clntudp_bufcreate(struct sockaddr_in *, u_long, u_long,
      |                                         ^~~~~~~~~~~
configure:12602: $? = 1
configure: failed program was:
| /* confdefs.h */
| #define PACKAGE_NAME "yp-tools"
| #define PACKAGE_TARNAME "yp-tools"
| #define PACKAGE_VERSION "4.2.2"
| #define PACKAGE_STRING "yp-tools 4.2.2"
| #define PACKAGE_BUGREPORT "kukuk@linux-nis.org"
| #define PACKAGE_URL ""
| #define PACKAGE "yp-tools"
| #define VERSION "4.2.2"
| #define STDC_HEADERS 1
| #define HAVE_SYS_TYPES_H 1
| #define HAVE_SYS_STAT_H 1
| #define HAVE_STDLIB_H 1
| #define HAVE_STRING_H 1
| #define HAVE_MEMORY_H 1
| #define HAVE_STRINGS_H 1
| #define HAVE_INTTYPES_H 1
| #define HAVE_STDINT_H 1
| #define HAVE_UNISTD_H 1
| #define __EXTENSIONS__ 1
| #define _ALL_SOURCE 1
| #define _GNU_SOURCE 1
| #define _POSIX_PTHREAD_SEMANTICS 1
| #define _TANDEM_SOURCE 1
| #define HAVE_DLFCN_H 1
| #define LT_OBJDIR ".libs/"
| #define HAVE_TIRPC 1
| #define HAVE_YPBIND3 1
| #define STDC_HEADERS 1
| #define HAVE_GETOPT_H 1
| /* end confdefs.h.  */
| #include <stdio.h>
| #ifdef HAVE_SYS_TYPES_H
| # include <sys/types.h>
| #endif
| #ifdef HAVE_SYS_STAT_H
| # include <sys/stat.h>
| #endif
| #ifdef STDC_HEADERS
| # include <stdlib.h>
| # include <stddef.h>
| #else
| # ifdef HAVE_STDLIB_H
| #  include <stdlib.h>
| # endif
| #endif
| #ifdef HAVE_STRING_H
| # if !defined STDC_HEADERS && defined HAVE_MEMORY_H
| #  include <memory.h>
| # endif
| # include <string.h>
| #endif
| #ifdef HAVE_STRINGS_H
| # include <strings.h>
| #endif
| #ifdef HAVE_INTTYPES_H
| # include <inttypes.h>
| #endif
| #ifdef HAVE_STDINT_H
| # include <stdint.h>
| #endif
| #ifdef HAVE_UNISTD_H
| # include <unistd.h>
| #endif
| #include <rpc/clnt_soc.h>
configure:12602: result: no
configure:12602: checking rpc/clnt_soc.h presence
configure:12602: gcc -E  conftest.c
conftest.c:32:10: fatal error: rpc/clnt_soc.h: No such file or directory
   32 | #include <rpc/clnt_soc.h>
      |          ^~~~~~~~~~~~~~~~
compilation terminated.
configure:12602: $? = 1
configure: failed program was:
| /* confdefs.h */
| #define PACKAGE_NAME "yp-tools"
| #define PACKAGE_TARNAME "yp-tools"
| #define PACKAGE_VERSION "4.2.2"
| #define PACKAGE_STRING "yp-tools 4.2.2"
| #define PACKAGE_BUGREPORT "kukuk@linux-nis.org"
| #define PACKAGE_URL ""
| #define PACKAGE "yp-tools"
| #define VERSION "4.2.2"
| #define STDC_HEADERS 1
| #define HAVE_SYS_TYPES_H 1
| #define HAVE_SYS_STAT_H 1
| #define HAVE_STDLIB_H 1
| #define HAVE_STRING_H 1
| #define HAVE_MEMORY_H 1
| #define HAVE_STRINGS_H 1
| #define HAVE_INTTYPES_H 1
| #define HAVE_STDINT_H 1
| #define HAVE_UNISTD_H 1
| #define __EXTENSIONS__ 1
| #define _ALL_SOURCE 1
| #define _GNU_SOURCE 1
| #define _POSIX_PTHREAD_SEMANTICS 1
| #define _TANDEM_SOURCE 1
| #define HAVE_DLFCN_H 1
| #define LT_OBJDIR ".libs/"
| #define HAVE_TIRPC 1
| #define HAVE_YPBIND3 1
| #define STDC_HEADERS 1
| #define HAVE_GETOPT_H 1
| /* end confdefs.h.  */
| #include <rpc/clnt_soc.h>
configure:12602: result: no
configure:12602: checking for rpc/clnt_soc.h
configure:12602: result: no
configure:12616: checking for crypt in -lcrypt
configure:12641: gcc -o conftest -g -O2   conftest.c -lcrypt   >&5
configure:12641: $? = 0
configure:12650: result: yes
configure:12706: checking for an ANSI C-conforming const
configure:12772: gcc -c -g -O2  conftest.c >&5
configure:12772: $? = 0
configure:12779: result: yes
configure:12791: checking whether NLS is requested
configure:12800: result: yes
configure:12840: checking for msgfmt
configure: trying /usr/bin/msgfmt...
0 translated messages.
configure:12872: result: /usr/bin/msgfmt
configure:12881: checking for gmsgfmt
configure:12912: result: /usr/bin/msgfmt
configure:12962: checking for xgettext
configure: trying /usr/bin/xgettext...
/usr/bin/xgettext: warning: file '/dev/null' extension '' is unknown; will try C
configure:12994: result: /usr/bin/xgettext
configure:13039: checking for msgmerge
configure: trying /usr/bin/msgmerge...
configure:13070: result: /usr/bin/msgmerge
configure:13128: checking for ld used by gcc
configure:13195: result: /usr/bin/ld -m elf_x86_64
configure:13202: checking if the linker (/usr/bin/ld -m elf_x86_64) is GNU ld
configure:13217: result: yes
configure:13224: checking for shared library run path origin
configure:13237: result: done
configure:13845: checking for GNU gettext in libc
configure:13869: gcc -o conftest -g -O2   conftest.c  >&5
configure:13869: $? = 0
configure:13878: result: yes
configure:14706: checking whether to use NLS
configure:14708: result: yes
configure:14711: checking where the gettext function comes from
configure:14722: result: libc
configure:14890: checking that generated files are newer than configure
configure:14896: result: done
configure:14919: creating ./config.status

## ---------------------- ##
## Running config.status. ##
## ---------------------- ##

This file was extended by yp-tools config.status 4.2.2, which was
generated by GNU Autoconf 2.69.  Invocation command line was

  CONFIG_FILES    = 
  CONFIG_HEADERS  = 
  CONFIG_LINKS    = 
  CONFIG_COMMANDS = 
  $ ./config.status 

on quicksand64.local

config.status:1146: creating Makefile
config.status:1146: creating lib/Makefile
config.status:1146: creating src/Makefile
config.status:1146: creating man/Makefile
config.status:1146: creating etc/Makefile
config.status:1146: creating po/Makefile.in
config.status:1146: creating man/domainname.8
config.status:1146: creating man/nicknames.5
config.status:1146: creating man/yp_dump_binding.8
config.status:1146: creating man/ypcat.1
config.status:1146: creating man/ypmatch.1
config.status:1146: creating man/yppasswd.1
config.status:1146: creating man/yppoll.8
config.status:1146: creating man/ypset.8
config.status:1146: creating man/yptest.8
config.status:1146: creating man/ypwhich.1
config.status:1146: creating config.h
config.status:1327: config.h is unchanged
config.status:1375: executing depfiles commands
config.status:1450: cd lib       && sed -e '/# am--include-marker/d' Makefile         | make -f - am--depfiles
make: Nothing to be done for 'am--depfiles'.
config.status:1457: $? = 0
config.status:1450: cd src       && sed -e '/# am--include-marker/d' Makefile         | make -f - am--depfiles
make: Nothing to be done for 'am--depfiles'.
config.status:1457: $? = 0
config.status:1375: executing libtool commands
config.status:1375: executing po-directories commands

## ---------------- ##
## Cache variables. ##
## ---------------- ##

ac_cv_build='x86_64-unknown-linux-gnu'
ac_cv_c_compiler_gnu='yes'
ac_cv_c_const='yes'
ac_cv_env_CC_set=''
ac_cv_env_CC_value=''
ac_cv_env_CFLAGS_set=''
ac_cv_env_CFLAGS_value=''
ac_cv_env_CPPFLAGS_set=''
ac_cv_env_CPPFLAGS_value=''
ac_cv_env_CPP_set=''
ac_cv_env_CPP_value=''
ac_cv_env_LDFLAGS_set=''
ac_cv_env_LDFLAGS_value=''
ac_cv_env_LIBS_set=''
ac_cv_env_LIBS_value=''
ac_cv_env_NSL_CFLAGS_set=''
ac_cv_env_NSL_CFLAGS_value=''
ac_cv_env_NSL_LIBS_set=''
ac_cv_env_NSL_LIBS_value=''
ac_cv_env_PKG_CONFIG_LIBDIR_set=''
ac_cv_env_PKG_CONFIG_LIBDIR_value=''
ac_cv_env_PKG_CONFIG_PATH_set=''
ac_cv_env_PKG_CONFIG_PATH_value=''
ac_cv_env_PKG_CONFIG_set=''
ac_cv_env_PKG_CONFIG_value=''
ac_cv_env_TIRPC_CFLAGS_set=''
ac_cv_env_TIRPC_CFLAGS_value=''
ac_cv_env_TIRPC_LIBS_set=''
ac_cv_env_TIRPC_LIBS_value=''
ac_cv_env_build_alias_set=''
ac_cv_env_build_alias_value=''
ac_cv_env_host_alias_set=''
ac_cv_env_host_alias_value=''
ac_cv_env_target_alias_set=''
ac_cv_env_target_alias_value=''
ac_cv_header_dlfcn_h='yes'
ac_cv_header_getopt_h='yes'
ac_cv_header_inttypes_h='yes'
ac_cv_header_memory_h='yes'
ac_cv_header_minix_config_h='no'
ac_cv_header_rpc_clnt_soc_h='no'
ac_cv_header_stdc='yes'
ac_cv_header_stdint_h='yes'
ac_cv_header_stdlib_h='yes'
ac_cv_header_string_h='yes'
ac_cv_header_strings_h='yes'
ac_cv_header_sys_stat_h='yes'
ac_cv_header_sys_types_h='yes'
ac_cv_header_unistd_h='yes'
ac_cv_host='x86_64-unknown-linux-gnu'
ac_cv_lib_cposix_strerror='no'
ac_cv_lib_crypt_crypt='yes'
ac_cv_objext='o'
ac_cv_path_EGREP='/usr/bin/grep -E'
ac_cv_path_FGREP='/usr/bin/grep -F'
ac_cv_path_GMSGFMT='/usr/bin/msgfmt'
ac_cv_path_GREP='/usr/bin/grep'
ac_cv_path_MSGFMT='/usr/bin/msgfmt'
ac_cv_path_MSGMERGE='/usr/bin/msgmerge'
ac_cv_path_SED='/usr/bin/sed'
ac_cv_path_XGETTEXT='/usr/bin/xgettext'
ac_cv_path_ac_pt_PKG_CONFIG='/usr/bin/pkg-config'
ac_cv_path_install='/usr/bin/install -c'
ac_cv_path_mkdir='/usr/bin/mkdir'
ac_cv_prog_AWK='gawk'
ac_cv_prog_CPP='gcc -E'
ac_cv_prog_ac_ct_AR='ar'
ac_cv_prog_ac_ct_CC='gcc'
ac_cv_prog_ac_ct_OBJDUMP='objdump'
ac_cv_prog_ac_ct_RANLIB='ranlib'
ac_cv_prog_ac_ct_STRIP='strip'
ac_cv_prog_cc_c89=''
ac_cv_prog_cc_g='yes'
ac_cv_prog_make_make_set='yes'
ac_cv_safe_to_define___extensions__='yes'
ac_cv_type_ypbind3_binding='yes'
acl_cv_hardcode_direct='no'
acl_cv_hardcode_libdir_flag_spec='${wl}-rpath ${wl}$libdir'
acl_cv_hardcode_libdir_separator=''
acl_cv_hardcode_minus_L='no'
acl_cv_libext='a'
acl_cv_libname_spec='lib$name'
acl_cv_library_names_spec='$libname$shrext'
acl_cv_path_LD='/usr/bin/ld -m elf_x86_64'
acl_cv_prog_gnu_ld='yes'
acl_cv_rpath='done'
acl_cv_shlibext='so'
acl_cv_wl='-Wl,'
am_cv_CC_dependencies_compiler_type='gcc3'
am_cv_make_support_nested_variables='yes'
am_cv_prog_cc_c_o='yes'
gt_cv_func_gnugettext1_libc='yes'
lt_cv_ar_at_file='@'
lt_cv_archive_cmds_need_lc='no'
lt_cv_deplibs_check_method='pass_all'
lt_cv_file_magic_cmd='$MAGIC_CMD'
lt_cv_file_magic_test_file=''
lt_cv_ld_reload_flag='-r'
lt_cv_nm_interface='BSD nm'
lt_cv_objdir='.libs'
lt_cv_path_LD='/usr/bin/ld'
lt_cv_path_NM='/usr/bin/nm -B'
lt_cv_path_mainfest_tool='no'
lt_cv_prog_compiler_c_o='yes'
lt_cv_prog_compiler_pic='-fPIC -DPIC'
lt_cv_prog_compiler_pic_works='yes'
lt_cv_prog_compiler_rtti_exceptions='no'
lt_cv_prog_compiler_static_works='yes'
lt_cv_prog_gnu_ld='yes'
lt_cv_sharedlib_from_linklib_cmd='printf %s\n'
lt_cv_shlibpath_overrides_runpath='no'
lt_cv_sys_global_symbol_pipe='sed -n -e '"'"'s/^.*[	 ]\([ABCDGIRSTW][ABCDGIRSTW]*\)[	 ][	 ]*\([_A-Za-z][_A-Za-z0-9]*\)$/\1 \2 \2/p'"'"' | sed '"'"'/ __gnu_lto/d'"'"
lt_cv_sys_global_symbol_to_c_name_address='sed -n -e '"'"'s/^: \([^ ]*\)[ ]*$/  {\"\1\", (void *) 0},/p'"'"' -e '"'"'s/^[ABCDGIRSTW]* \([^ ]*\) \([^ ]*\)$/  {"\2", (void *) \&\2},/p'"'"
lt_cv_sys_global_symbol_to_c_name_address_lib_prefix='sed -n -e '"'"'s/^: \([^ ]*\)[ ]*$/  {\"\1\", (void *) 0},/p'"'"' -e '"'"'s/^[ABCDGIRSTW]* \([^ ]*\) \(lib[^ ]*\)$/  {"\2", (void *) \&\2},/p'"'"' -e '"'"'s/^[ABCDGIRSTW]* \([^ ]*\) \([^ ]*\)$/  {"lib\2", (void *) \&\2},/p'"'"
lt_cv_sys_global_symbol_to_cdecl='sed -n -e '"'"'s/^T .* \(.*\)$/extern int \1();/p'"'"' -e '"'"'s/^[ABCDGIRSTW]* .* \(.*\)$/extern char \1;/p'"'"
lt_cv_sys_max_cmd_len='1572864'
lt_cv_to_host_file_cmd='func_convert_file_noop'
lt_cv_to_tool_file_cmd='func_convert_file_noop'
pkg_cv_NSL_CFLAGS='-I/usr/include/tirpc'
pkg_cv_NSL_LIBS='-lnsl -ltirpc'
pkg_cv_TIRPC_CFLAGS='-I/usr/include/tirpc'
pkg_cv_TIRPC_LIBS='-ltirpc'

## ----------------- ##
## Output variables. ##
## ----------------- ##

ACLOCAL='${SHELL} /usr/src/void-extra/yp/yp-tools-4.2.2/missing aclocal-1.16'
AMDEPBACKSLASH='\'
AMDEP_FALSE='#'
AMDEP_TRUE=''
AMTAR='$${TAR-tar}'
AM_BACKSLASH='\'
AM_DEFAULT_V='$(AM_DEFAULT_VERBOSITY)'
AM_DEFAULT_VERBOSITY='1'
AM_V='$(V)'
AR='ar'
AUTOCONF='${SHELL} /usr/src/void-extra/yp/yp-tools-4.2.2/missing autoconf'
AUTOHEADER='${SHELL} /usr/src/void-extra/yp/yp-tools-4.2.2/missing autoheader'
AUTOMAKE='${SHELL} /usr/src/void-extra/yp/yp-tools-4.2.2/missing automake-1.16'
AWK='gawk'
CC='gcc'
CCDEPMODE='depmode=gcc3'
CFLAGS='-g -O2'
CHFN_PROG=''
CHSH_PROG=''
CPP='gcc -E'
CPPFLAGS=''
CYGPATH_W='echo'
DEFS='-DHAVE_CONFIG_H'
DEPDIR='.deps'
DLLTOOL='false'
DOMAINNAME='domainname'
DSYMUTIL=''
DUMPBIN=''
ECHO_C=''
ECHO_N='-n'
ECHO_T=''
EGREP='/usr/bin/grep -E'
EXEEXT=''
FGREP='/usr/bin/grep -F'
GETTEXT_MACRO_VERSION='0.19'
GMSGFMT='/usr/bin/msgfmt'
GMSGFMT_015='/usr/bin/msgfmt'
GREP='/usr/bin/grep'
INSTALL_DATA='${INSTALL} -m 644'
INSTALL_PROGRAM='${INSTALL}'
INSTALL_SCRIPT='${INSTALL}'
INSTALL_STRIP_PROGRAM='$(install_sh) -c -s'
INTLLIBS=''
LD='/usr/bin/ld -m elf_x86_64'
LDFLAGS=''
LIBCRACK=''
LIBCRYPT='-lcrypt'
LIBICONV='-liconv'
LIBINTL=''
LIBOBJS=''
LIBS=''
LIBTOOL='$(SHELL) $(top_builddir)/libtool'
LIPO=''
LN_S='ln -s'
LTLIBICONV='-liconv'
LTLIBINTL=''
LTLIBOBJS=''
MAKEINFO='${SHELL} /usr/src/void-extra/yp/yp-tools-4.2.2/missing makeinfo'
MANIFEST_TOOL=':'
MAN_DOMAINNAME='domainname.8 nisdomainname.8 ypdomainname.8'
MKDIR_P='/usr/bin/mkdir -p'
MSGFMT='/usr/bin/msgfmt'
MSGFMT_015='/usr/bin/msgfmt'
MSGMERGE='/usr/bin/msgmerge'
NM='/usr/bin/nm -B'
NMEDIT=''
NSL_CFLAGS='-I/usr/include/tirpc'
NSL_LIBS='-lnsl -ltirpc'
OBJDUMP='objdump'
OBJEXT='o'
OTOOL64=''
OTOOL=''
PACKAGE='yp-tools'
PACKAGE_BUGREPORT='kukuk@linux-nis.org'
PACKAGE_NAME='yp-tools'
PACKAGE_STRING='yp-tools 4.2.2'
PACKAGE_TARNAME='yp-tools'
PACKAGE_URL=''
PACKAGE_VERSION='4.2.2'
PASSWD_PROG=''
PATH_SEPARATOR=':'
PKG_CONFIG='/usr/bin/pkg-config'
PKG_CONFIG_LIBDIR=''
PKG_CONFIG_PATH=''
POSUB='po'
RANLIB='ranlib'
SED='/usr/bin/sed'
SET_MAKE=''
SHELL='/bin/sh'
STRIP='strip'
TIRPC_CFLAGS='-I/usr/include/tirpc'
TIRPC_LIBS='-ltirpc'
USE_NLS='yes'
VERSION='4.2.2'
WARNFLAGS=''
XGETTEXT='/usr/bin/xgettext'
XGETTEXT_015='/usr/bin/xgettext'
XGETTEXT_EXTRA_OPTIONS=''
ac_ct_AR='ar'
ac_ct_CC='gcc'
ac_ct_DUMPBIN=''
am__EXEEXT_FALSE=''
am__EXEEXT_TRUE='#'
am__fastdepCC_FALSE='#'
am__fastdepCC_TRUE=''
am__include='include'
am__isrc=''
am__leading_dot='.'
am__nodep='_no'
am__quote=''
am__tar='$${TAR-tar} chof - "$$tardir"'
am__untar='$${TAR-tar} xf -'
bindir='${exec_prefix}/bin'
build='x86_64-unknown-linux-gnu'
build_alias=''
build_cpu='x86_64'
build_os='linux-gnu'
build_vendor='unknown'
datadir='${datarootdir}'
datarootdir='${prefix}/share'
docdir='${datarootdir}/doc/${PACKAGE_TARNAME}'
dvidir='${docdir}'
exec_prefix='${prefix}'
host='x86_64-unknown-linux-gnu'
host_alias=''
host_cpu='x86_64'
host_os='linux-gnu'
host_vendor='unknown'
htmldir='${docdir}'
includedir='${prefix}/include'
infodir='${datarootdir}/info'
install_sh='${SHELL} /usr/src/void-extra/yp/yp-tools-4.2.2/install-sh'
libdir='${exec_prefix}/lib'
libexecdir='${exec_prefix}/lib/yp'
localedir='${datarootdir}/locale'
localstatedir='${prefix}/var'
mandir='${datarootdir}/man'
mkdir_p='$(MKDIR_P)'
oldincludedir='/usr/include'
pdfdir='${docdir}'
prefix='/usr'
program_transform_name='s,x,x,'
psdir='${docdir}'
sbindir='${exec_prefix}/sbin'
sharedstatedir='${prefix}/com'
sysconfdir='${prefix}/etc'
target_alias=''

## ----------- ##
## confdefs.h. ##
## ----------- ##

/* confdefs.h */
#define PACKAGE_NAME "yp-tools"
#define PACKAGE_TARNAME "yp-tools"
#define PACKAGE_VERSION "4.2.2"
#define PACKAGE_STRING "yp-tools 4.2.2"
#define PACKAGE_BUGREPORT "kukuk@linux-nis.org"
#define PACKAGE_URL ""
#define PACKAGE "yp-tools"
#define VERSION "4.2.2"
#define STDC_HEADERS 1
#define HAVE_SYS_TYPES_H 1
#define HAVE_SYS_STAT_H 1
#define HAVE_STDLIB_H 1
#define HAVE_STRING_H 1
#define HAVE_MEMORY_H 1
#define HAVE_STRINGS_H 1
#define HAVE_INTTYPES_H 1
#define HAVE_STDINT_H 1
#define HAVE_UNISTD_H 1
#define __EXTENSIONS__ 1
#define _ALL_SOURCE 1
#define _GNU_SOURCE 1
#define _POSIX_PTHREAD_SEMANTICS 1
#define _TANDEM_SOURCE 1
#define HAVE_DLFCN_H 1
#define LT_OBJDIR ".libs/"
#define HAVE_TIRPC 1
#define HAVE_YPBIND3 1
#define STDC_HEADERS 1
#define HAVE_GETOPT_H 1
#define ENABLE_NLS 1
#define HAVE_GETTEXT 1
#define HAVE_DCGETTEXT 1

configure: exit 0
