This file contains any messages produced by compilers while
running configure, to aid debugging if configure makes a mistake.

It was created by ypbind-mt configure 1.38, which was
generated by GNU Autoconf 2.69.  Invocation command line was

  $ ./configure --prefix=/usr --libdir=/usr/lib64 x86_64-slackware-linux

## --------- ##
## Platform. ##
## --------- ##

hostname = srv-x230
uname -m = x86_64
uname -r = 5.7.12_1
uname -s = Linux
uname -v = #1 SMP Sat Aug 1 07:52:51 UTC 2020

/usr/bin/uname -p = unknown
/bin/uname -X     = unknown

/bin/arch              = x86_64
/usr/bin/arch -k       = unknown
/usr/convex/getsysinfo = unknown
/usr/bin/hostinfo      = unknown
/bin/machine           = unknown
/usr/bin/oslevel       = unknown
/bin/universe          = unknown

PATH: /usr/bin
PATH: /bin
PATH: /usr/sbin
PATH: /sbin
PATH: /usr/local/sbin
PATH: /usr/local/bin
PATH: /home/nikosc/.bin
PATH: /home/nikosc/.help
PATH: /usr/pkg/bin
PATH: /usr/pkg/sbin
PATH: /root/.bin
PATH: /root/.help


## ----------- ##
## Core tests. ##
## ----------- ##

configure:2282: checking for a BSD-compatible install
configure:2350: result: /usr/bin/install -c
configure:2361: checking whether build environment is sane
configure:2416: result: yes
configure:2567: checking for a thread-safe mkdir -p
configure:2606: result: /usr/bin/mkdir -p
configure:2613: checking for gawk
configure:2629: found /usr/bin/gawk
configure:2640: result: gawk
configure:2651: checking whether make sets $(MAKE)
configure:2673: result: yes
configure:2702: checking whether make supports nested variables
configure:2719: result: yes
configure:2854: checking build system type
configure:2868: result: x86_64-slackware-linux-gnu
configure:2888: checking host system type
configure:2901: result: x86_64-slackware-linux-gnu
configure:2930: checking for x86_64-slackware-linux-gcc
configure:2960: result: no
configure:2970: checking for gcc
configure:2986: found /usr/bin/gcc
configure:2997: result: gcc
configure:3226: checking for C compiler version
configure:3235: gcc --version >&5
gcc (GCC) 9.3.0
Copyright (C) 2019 Free Software Foundation, Inc.
This is free software; see the source for copying conditions.  There is NO
warranty; not even for MERCHANTABILITY or FITNESS FOR A PARTICULAR PURPOSE.

configure:3246: $? = 0
configure:3235: gcc -v >&5
Using built-in specs.
COLLECT_GCC=gcc
COLLECT_LTO_WRAPPER=/usr/lib/gcc/x86_64-unknown-linux-gnu/9.3.0/lto-wrapper
Target: x86_64-unknown-linux-gnu
Configured with: /builddir/gcc-9.3.0/configure --build=x86_64-unknown-linux-gnu --enable-fast-character --enable-vtable-verify --prefix=/usr --mandir=/usr/share/man --infodir=/usr/share/info --libexecdir=/usr/lib --libdir=/usr/lib --enable-threads=posix --enable-__cxa_atexit --disable-multilib --with-system-zlib --enable-shared --enable-lto --enable-plugins --enable-linker-build-id --disable-werror --disable-nls --enable-default-pie --enable-default-ssp --enable-checking=release --disable-libstdcxx-pch --with-isl --with-linker-hash-style=gnu --disable-libunwind-exceptions --disable-target-libiberty --enable-serial-configure --enable-languages=c,c++,objc,obj-c++,fortran,lto,go,ada
Thread model: posix
gcc version 9.3.0 (GCC) 
configure:3246: $? = 0
configure:3235: gcc -V >&5
gcc: error: unrecognized command line option '-V'
gcc: fatal error: no input files
compilation terminated.
configure:3246: $? = 1
configure:3235: gcc -qversion >&5
gcc: error: unrecognized command line option '-qversion'; did you mean '--version'?
gcc: fatal error: no input files
compilation terminated.
configure:3246: $? = 1
configure:3266: checking whether the C compiler works
configure:3288: gcc    conftest.c  >&5
configure:3292: $? = 0
configure:3340: result: yes
configure:3343: checking for C compiler default output file name
configure:3345: result: a.out
configure:3351: checking for suffix of executables
configure:3358: gcc -o conftest    conftest.c  >&5
configure:3362: $? = 0
configure:3384: result: 
configure:3406: checking whether we are cross compiling
configure:3414: gcc -o conftest    conftest.c  >&5
configure:3418: $? = 0
configure:3425: ./conftest
configure:3429: $? = 0
configure:3444: result: no
configure:3449: checking for suffix of object files
configure:3471: gcc -c   conftest.c >&5
configure:3475: $? = 0
configure:3496: result: o
configure:3500: checking whether we are using the GNU C compiler
configure:3519: gcc -c   conftest.c >&5
configure:3519: $? = 0
configure:3528: result: yes
configure:3537: checking whether gcc accepts -g
configure:3557: gcc -c -g  conftest.c >&5
configure:3557: $? = 0
configure:3598: result: yes
configure:3615: checking for gcc option to accept ISO C89
configure:3678: gcc  -c -g -O2  conftest.c >&5
configure:3678: $? = 0
configure:3691: result: none needed
configure:3716: checking whether gcc understands -c and -o together
configure:3738: gcc -c conftest.c -o conftest2.o
configure:3741: $? = 0
configure:3738: gcc -c conftest.c -o conftest2.o
configure:3741: $? = 0
configure:3753: result: yes
configure:3773: checking whether make supports the include directive
configure:3788: make -f confmf.GNU && cat confinc.out
this is the am__doit target
configure:3791: $? = 0
configure:3810: result: yes (GNU style)
configure:3835: checking dependency style of gcc
configure:3946: result: gcc3
configure:3966: checking for strerror in -lcposix
configure:3991: gcc -o conftest -g -O2   conftest.c -lcposix   >&5
/usr/bin/ld: cannot find -lcposix
collect2: error: ld returned 1 exit status
configure:3991: $? = 1
configure: failed program was:
| /* confdefs.h */
| #define PACKAGE_NAME "ypbind-mt"
| #define PACKAGE_TARNAME "ypbind-mt"
| #define PACKAGE_VERSION "1.38"
| #define PACKAGE_STRING "ypbind-mt 1.38"
| #define PACKAGE_BUGREPORT ""
| #define PACKAGE_URL ""
| #define PACKAGE "ypbind-mt"
| #define VERSION "1.38"
| /* end confdefs.h.  */
| 
| /* Override any GCC internal prototype to avoid an error.
|    Use char because int might match the return type of a GCC
|    builtin and then its argument prototype would still apply.  */
| #ifdef __cplusplus
| extern "C"
| #endif
| char strerror ();
| int
| main ()
| {
| return strerror ();
|   ;
|   return 0;
| }
configure:4000: result: no
configure:4009: checking whether make sets $(MAKE)
configure:4031: result: yes
configure:4043: checking for x86_64-slackware-linux-ranlib
configure:4073: result: no
configure:4083: checking for ranlib
configure:4099: found /usr/bin/ranlib
configure:4110: result: ranlib
configure:4133: checking if malloc debugging is wanted
configure:4151: result: no
configure:4156: checking if malloc debugging with efence is wanted
configure:4175: result: no
configure:4192: checking how to run the C preprocessor
configure:4223: gcc -E  conftest.c
configure:4223: $? = 0
configure:4237: gcc -E  conftest.c
conftest.c:11:10: fatal error: ac_nonexistent.h: No such file or directory
   11 | #include <ac_nonexistent.h>
      |          ^~~~~~~~~~~~~~~~~~
compilation terminated.
configure:4237: $? = 1
configure: failed program was:
| /* confdefs.h */
| #define PACKAGE_NAME "ypbind-mt"
| #define PACKAGE_TARNAME "ypbind-mt"
| #define PACKAGE_VERSION "1.38"
| #define PACKAGE_STRING "ypbind-mt 1.38"
| #define PACKAGE_BUGREPORT ""
| #define PACKAGE_URL ""
| #define PACKAGE "ypbind-mt"
| #define VERSION "1.38"
| /* end confdefs.h.  */
| #include <ac_nonexistent.h>
configure:4262: result: gcc -E
configure:4282: gcc -E  conftest.c
configure:4282: $? = 0
configure:4296: gcc -E  conftest.c
conftest.c:11:10: fatal error: ac_nonexistent.h: No such file or directory
   11 | #include <ac_nonexistent.h>
      |          ^~~~~~~~~~~~~~~~~~
compilation terminated.
configure:4296: $? = 1
configure: failed program was:
| /* confdefs.h */
| #define PACKAGE_NAME "ypbind-mt"
| #define PACKAGE_TARNAME "ypbind-mt"
| #define PACKAGE_VERSION "1.38"
| #define PACKAGE_STRING "ypbind-mt 1.38"
| #define PACKAGE_BUGREPORT ""
| #define PACKAGE_URL ""
| #define PACKAGE "ypbind-mt"
| #define VERSION "1.38"
| /* end confdefs.h.  */
| #include <ac_nonexistent.h>
configure:4325: checking for grep that handles long lines and -e
configure:4383: result: /usr/bin/grep
configure:4388: checking for egrep
configure:4450: result: /usr/bin/grep -E
configure:4455: checking for ANSI C header files
configure:4475: gcc -c -g -O2  conftest.c >&5
configure:4475: $? = 0
configure:4548: gcc -o conftest -g -O2   conftest.c  >&5
configure:4548: $? = 0
configure:4548: ./conftest
configure:4548: $? = 0
configure:4559: result: yes
configure:4572: checking for sys/types.h
configure:4572: gcc -c -g -O2  conftest.c >&5
configure:4572: $? = 0
configure:4572: result: yes
configure:4572: checking for sys/stat.h
configure:4572: gcc -c -g -O2  conftest.c >&5
configure:4572: $? = 0
configure:4572: result: yes
configure:4572: checking for stdlib.h
configure:4572: gcc -c -g -O2  conftest.c >&5
configure:4572: $? = 0
configure:4572: result: yes
configure:4572: checking for string.h
configure:4572: gcc -c -g -O2  conftest.c >&5
configure:4572: $? = 0
configure:4572: result: yes
configure:4572: checking for memory.h
configure:4572: gcc -c -g -O2  conftest.c >&5
configure:4572: $? = 0
configure:4572: result: yes
configure:4572: checking for strings.h
configure:4572: gcc -c -g -O2  conftest.c >&5
configure:4572: $? = 0
configure:4572: result: yes
configure:4572: checking for inttypes.h
configure:4572: gcc -c -g -O2  conftest.c >&5
configure:4572: $? = 0
configure:4572: result: yes
configure:4572: checking for stdint.h
configure:4572: gcc -c -g -O2  conftest.c >&5
configure:4572: $? = 0
configure:4572: result: yes
configure:4572: checking for unistd.h
configure:4572: gcc -c -g -O2  conftest.c >&5
configure:4572: $? = 0
configure:4572: result: yes
configure:4586: checking slp.h usability
configure:4586: gcc -c -g -O2  conftest.c >&5
conftest.c:54:10: fatal error: slp.h: No such file or directory
   54 | #include <slp.h>
      |          ^~~~~~~
compilation terminated.
configure:4586: $? = 1
configure: failed program was:
| /* confdefs.h */
| #define PACKAGE_NAME "ypbind-mt"
| #define PACKAGE_TARNAME "ypbind-mt"
| #define PACKAGE_VERSION "1.38"
| #define PACKAGE_STRING "ypbind-mt 1.38"
| #define PACKAGE_BUGREPORT ""
| #define PACKAGE_URL ""
| #define PACKAGE "ypbind-mt"
| #define VERSION "1.38"
| #define STDC_HEADERS 1
| #define HAVE_SYS_TYPES_H 1
| #define HAVE_SYS_STAT_H 1
| #define HAVE_STDLIB_H 1
| #define HAVE_STRING_H 1
| #define HAVE_MEMORY_H 1
| #define HAVE_STRINGS_H 1
| #define HAVE_INTTYPES_H 1
| #define HAVE_STDINT_H 1
| #define HAVE_UNISTD_H 1
| /* end confdefs.h.  */
| #include <stdio.h>
| #ifdef HAVE_SYS_TYPES_H
| # include <sys/types.h>
| #endif
| #ifdef HAVE_SYS_STAT_H
| # include <sys/stat.h>
| #endif
| #ifdef STDC_HEADERS
| # include <stdlib.h>
| # include <stddef.h>
| #else
| # ifdef HAVE_STDLIB_H
| #  include <stdlib.h>
| # endif
| #endif
| #ifdef HAVE_STRING_H
| # if !defined STDC_HEADERS && defined HAVE_MEMORY_H
| #  include <memory.h>
| # endif
| # include <string.h>
| #endif
| #ifdef HAVE_STRINGS_H
| # include <strings.h>
| #endif
| #ifdef HAVE_INTTYPES_H
| # include <inttypes.h>
| #endif
| #ifdef HAVE_STDINT_H
| # include <stdint.h>
| #endif
| #ifdef HAVE_UNISTD_H
| # include <unistd.h>
| #endif
| #include <slp.h>
configure:4586: result: no
configure:4586: checking slp.h presence
configure:4586: gcc -E  conftest.c
conftest.c:21:10: fatal error: slp.h: No such file or directory
   21 | #include <slp.h>
      |          ^~~~~~~
compilation terminated.
configure:4586: $? = 1
configure: failed program was:
| /* confdefs.h */
| #define PACKAGE_NAME "ypbind-mt"
| #define PACKAGE_TARNAME "ypbind-mt"
| #define PACKAGE_VERSION "1.38"
| #define PACKAGE_STRING "ypbind-mt 1.38"
| #define PACKAGE_BUGREPORT ""
| #define PACKAGE_URL ""
| #define PACKAGE "ypbind-mt"
| #define VERSION "1.38"
| #define STDC_HEADERS 1
| #define HAVE_SYS_TYPES_H 1
| #define HAVE_SYS_STAT_H 1
| #define HAVE_STDLIB_H 1
| #define HAVE_STRING_H 1
| #define HAVE_MEMORY_H 1
| #define HAVE_STRINGS_H 1
| #define HAVE_INTTYPES_H 1
| #define HAVE_STDINT_H 1
| #define HAVE_UNISTD_H 1
| /* end confdefs.h.  */
| #include <slp.h>
configure:4586: result: no
configure:4586: checking for slp.h
configure:4586: result: no
configure:4600: checking for SLPReg in -lslp
configure:4625: gcc -o conftest -g -O2   conftest.c -lslp   >&5
/usr/bin/ld: cannot find -lslp
collect2: error: ld returned 1 exit status
configure:4625: $? = 1
configure: failed program was:
| /* confdefs.h */
| #define PACKAGE_NAME "ypbind-mt"
| #define PACKAGE_TARNAME "ypbind-mt"
| #define PACKAGE_VERSION "1.38"
| #define PACKAGE_STRING "ypbind-mt 1.38"
| #define PACKAGE_BUGREPORT ""
| #define PACKAGE_URL ""
| #define PACKAGE "ypbind-mt"
| #define VERSION "1.38"
| #define STDC_HEADERS 1
| #define HAVE_SYS_TYPES_H 1
| #define HAVE_SYS_STAT_H 1
| #define HAVE_STDLIB_H 1
| #define HAVE_STRING_H 1
| #define HAVE_MEMORY_H 1
| #define HAVE_STRINGS_H 1
| #define HAVE_INTTYPES_H 1
| #define HAVE_STDINT_H 1
| #define HAVE_UNISTD_H 1
| /* end confdefs.h.  */
| 
| /* Override any GCC internal prototype to avoid an error.
|    Use char because int might match the return type of a GCC
|    builtin and then its argument prototype would still apply.  */
| #ifdef __cplusplus
| extern "C"
| #endif
| char SLPReg ();
| int
| main ()
| {
| return SLPReg ();
|   ;
|   return 0;
| }
configure:4634: result: no
configure:4651: checking for yp_get_default_domain in -lnsl
configure:4676: gcc -o conftest -g -O2   conftest.c -lnsl   >&5
configure:4676: $? = 0
configure:4685: result: yes
configure:4696: checking for bind in -lsocket
configure:4721: gcc -o conftest -g -O2   conftest.c -lsocket  -lnsl  >&5
/usr/bin/ld: cannot find -lsocket
collect2: error: ld returned 1 exit status
configure:4721: $? = 1
configure: failed program was:
| /* confdefs.h */
| #define PACKAGE_NAME "ypbind-mt"
| #define PACKAGE_TARNAME "ypbind-mt"
| #define PACKAGE_VERSION "1.38"
| #define PACKAGE_STRING "ypbind-mt 1.38"
| #define PACKAGE_BUGREPORT ""
| #define PACKAGE_URL ""
| #define PACKAGE "ypbind-mt"
| #define VERSION "1.38"
| #define STDC_HEADERS 1
| #define HAVE_SYS_TYPES_H 1
| #define HAVE_SYS_STAT_H 1
| #define HAVE_STDLIB_H 1
| #define HAVE_STRING_H 1
| #define HAVE_MEMORY_H 1
| #define HAVE_STRINGS_H 1
| #define HAVE_INTTYPES_H 1
| #define HAVE_STDINT_H 1
| #define HAVE_UNISTD_H 1
| #define HAVE_LIBNSL 1
| /* end confdefs.h.  */
| 
| /* Override any GCC internal prototype to avoid an error.
|    Use char because int might match the return type of a GCC
|    builtin and then its argument prototype would still apply.  */
| #ifdef __cplusplus
| extern "C"
| #endif
| char bind ();
| int
| main ()
| {
| return bind ();
|   ;
|   return 0;
| }
configure:4730: result: no
configure:4741: checking for pthread_create in -lpthread
configure:4766: gcc -o conftest -g -O2   conftest.c -lpthread  -lnsl  >&5
configure:4766: $? = 0
configure:4775: result: yes
configure:4798: checking for x86_64-slackware-linux-pkg-config
configure:4831: result: no
configure:4841: checking for pkg-config
configure:4859: found /usr/bin/pkg-config
configure:4871: result: /usr/bin/pkg-config
configure:4896: checking pkg-config is at least version 0.9.0
configure:4899: result: yes
configure:4909: checking for libsystemd >= 209
configure:4916: $PKG_CONFIG --exists --print-errors "libsystemd >= 209"
Package libsystemd was not found in the pkg-config search path.
Perhaps you should add the directory containing `libsystemd.pc'
to the PKG_CONFIG_PATH environment variable
No package 'libsystemd' found
configure:4919: $? = 1
configure:4933: $PKG_CONFIG --exists --print-errors "libsystemd >= 209"
Package libsystemd was not found in the pkg-config search path.
Perhaps you should add the directory containing `libsystemd.pc'
to the PKG_CONFIG_PATH environment variable
No package 'libsystemd' found
configure:4936: $? = 1
configure:4950: result: no
No package 'libsystemd' found
configure:5206: checking for __nss_configure_lookup
configure:5206: gcc -o conftest -g -O2   conftest.c -lpthread -lnsl  >&5
configure:5206: $? = 0
configure:5206: result: yes
configure:5263: checking for an ANSI C-conforming const
configure:5329: gcc -c -g -O2  conftest.c >&5
configure:5329: $? = 0
configure:5336: result: yes
configure:5345: checking wether <sys/socket.h> defiens socklen_t
configure:5358: gcc -c -g -O2  conftest.c >&5
configure:5358: $? = 0
configure:5365: result: yes
configure:5378: checking paths.h usability
configure:5378: gcc -c -g -O2  conftest.c >&5
configure:5378: $? = 0
configure:5378: result: yes
configure:5378: checking paths.h presence
configure:5378: gcc -E  conftest.c
configure:5378: $? = 0
configure:5378: result: yes
configure:5378: checking for paths.h
configure:5378: result: yes
configure:5378: checking sys/filio.h usability
configure:5378: gcc -c -g -O2  conftest.c >&5
conftest.c:59:10: fatal error: sys/filio.h: No such file or directory
   59 | #include <sys/filio.h>
      |          ^~~~~~~~~~~~~
compilation terminated.
configure:5378: $? = 1
configure: failed program was:
| /* confdefs.h */
| #define PACKAGE_NAME "ypbind-mt"
| #define PACKAGE_TARNAME "ypbind-mt"
| #define PACKAGE_VERSION "1.38"
| #define PACKAGE_STRING "ypbind-mt 1.38"
| #define PACKAGE_BUGREPORT ""
| #define PACKAGE_URL ""
| #define PACKAGE "ypbind-mt"
| #define VERSION "1.38"
| #define STDC_HEADERS 1
| #define HAVE_SYS_TYPES_H 1
| #define HAVE_SYS_STAT_H 1
| #define HAVE_STDLIB_H 1
| #define HAVE_STRING_H 1
| #define HAVE_MEMORY_H 1
| #define HAVE_STRINGS_H 1
| #define HAVE_INTTYPES_H 1
| #define HAVE_STDINT_H 1
| #define HAVE_UNISTD_H 1
| #define HAVE_LIBNSL 1
| #define HAVE_LIBPTHREAD 1
| #define HAVE___NSS_CONFIGURE_LOOKUP 1
| #define HAVE_SOCKLEN_T 1
| #define HAVE_PATHS_H 1
| /* end confdefs.h.  */
| #include <stdio.h>
| #ifdef HAVE_SYS_TYPES_H
| # include <sys/types.h>
| #endif
| #ifdef HAVE_SYS_STAT_H
| # include <sys/stat.h>
| #endif
| #ifdef STDC_HEADERS
| # include <stdlib.h>
| # include <stddef.h>
| #else
| # ifdef HAVE_STDLIB_H
| #  include <stdlib.h>
| # endif
| #endif
| #ifdef HAVE_STRING_H
| # if !defined STDC_HEADERS && defined HAVE_MEMORY_H
| #  include <memory.h>
| # endif
| # include <string.h>
| #endif
| #ifdef HAVE_STRINGS_H
| # include <strings.h>
| #endif
| #ifdef HAVE_INTTYPES_H
| # include <inttypes.h>
| #endif
| #ifdef HAVE_STDINT_H
| # include <stdint.h>
| #endif
| #ifdef HAVE_UNISTD_H
| # include <unistd.h>
| #endif
| #include <sys/filio.h>
configure:5378: result: no
configure:5378: checking sys/filio.h presence
configure:5378: gcc -E  conftest.c
conftest.c:26:10: fatal error: sys/filio.h: No such file or directory
   26 | #include <sys/filio.h>
      |          ^~~~~~~~~~~~~
compilation terminated.
configure:5378: $? = 1
configure: failed program was:
| /* confdefs.h */
| #define PACKAGE_NAME "ypbind-mt"
| #define PACKAGE_TARNAME "ypbind-mt"
| #define PACKAGE_VERSION "1.38"
| #define PACKAGE_STRING "ypbind-mt 1.38"
| #define PACKAGE_BUGREPORT ""
| #define PACKAGE_URL ""
| #define PACKAGE "ypbind-mt"
| #define VERSION "1.38"
| #define STDC_HEADERS 1
| #define HAVE_SYS_TYPES_H 1
| #define HAVE_SYS_STAT_H 1
| #define HAVE_STDLIB_H 1
| #define HAVE_STRING_H 1
| #define HAVE_MEMORY_H 1
| #define HAVE_STRINGS_H 1
| #define HAVE_INTTYPES_H 1
| #define HAVE_STDINT_H 1
| #define HAVE_UNISTD_H 1
| #define HAVE_LIBNSL 1
| #define HAVE_LIBPTHREAD 1
| #define HAVE___NSS_CONFIGURE_LOOKUP 1
| #define HAVE_SOCKLEN_T 1
| #define HAVE_PATHS_H 1
| /* end confdefs.h.  */
| #include <sys/filio.h>
configure:5378: result: no
configure:5378: checking for sys/filio.h
configure:5378: result: no
configure:5378: checking rpc/svc_soc.h usability
configure:5378: gcc -c -g -O2  conftest.c >&5
conftest.c:59:10: fatal error: rpc/svc_soc.h: No such file or directory
   59 | #include <rpc/svc_soc.h>
      |          ^~~~~~~~~~~~~~~
compilation terminated.
configure:5378: $? = 1
configure: failed program was:
| /* confdefs.h */
| #define PACKAGE_NAME "ypbind-mt"
| #define PACKAGE_TARNAME "ypbind-mt"
| #define PACKAGE_VERSION "1.38"
| #define PACKAGE_STRING "ypbind-mt 1.38"
| #define PACKAGE_BUGREPORT ""
| #define PACKAGE_URL ""
| #define PACKAGE "ypbind-mt"
| #define VERSION "1.38"
| #define STDC_HEADERS 1
| #define HAVE_SYS_TYPES_H 1
| #define HAVE_SYS_STAT_H 1
| #define HAVE_STDLIB_H 1
| #define HAVE_STRING_H 1
| #define HAVE_MEMORY_H 1
| #define HAVE_STRINGS_H 1
| #define HAVE_INTTYPES_H 1
| #define HAVE_STDINT_H 1
| #define HAVE_UNISTD_H 1
| #define HAVE_LIBNSL 1
| #define HAVE_LIBPTHREAD 1
| #define HAVE___NSS_CONFIGURE_LOOKUP 1
| #define HAVE_SOCKLEN_T 1
| #define HAVE_PATHS_H 1
| /* end confdefs.h.  */
| #include <stdio.h>
| #ifdef HAVE_SYS_TYPES_H
| # include <sys/types.h>
| #endif
| #ifdef HAVE_SYS_STAT_H
| # include <sys/stat.h>
| #endif
| #ifdef STDC_HEADERS
| # include <stdlib.h>
| # include <stddef.h>
| #else
| # ifdef HAVE_STDLIB_H
| #  include <stdlib.h>
| # endif
| #endif
| #ifdef HAVE_STRING_H
| # if !defined STDC_HEADERS && defined HAVE_MEMORY_H
| #  include <memory.h>
| # endif
| # include <string.h>
| #endif
| #ifdef HAVE_STRINGS_H
| # include <strings.h>
| #endif
| #ifdef HAVE_INTTYPES_H
| # include <inttypes.h>
| #endif
| #ifdef HAVE_STDINT_H
| # include <stdint.h>
| #endif
| #ifdef HAVE_UNISTD_H
| # include <unistd.h>
| #endif
| #include <rpc/svc_soc.h>
configure:5378: result: no
configure:5378: checking rpc/svc_soc.h presence
configure:5378: gcc -E  conftest.c
conftest.c:26:10: fatal error: rpc/svc_soc.h: No such file or directory
   26 | #include <rpc/svc_soc.h>
      |          ^~~~~~~~~~~~~~~
compilation terminated.
configure:5378: $? = 1
configure: failed program was:
| /* confdefs.h */
| #define PACKAGE_NAME "ypbind-mt"
| #define PACKAGE_TARNAME "ypbind-mt"
| #define PACKAGE_VERSION "1.38"
| #define PACKAGE_STRING "ypbind-mt 1.38"
| #define PACKAGE_BUGREPORT ""
| #define PACKAGE_URL ""
| #define PACKAGE "ypbind-mt"
| #define VERSION "1.38"
| #define STDC_HEADERS 1
| #define HAVE_SYS_TYPES_H 1
| #define HAVE_SYS_STAT_H 1
| #define HAVE_STDLIB_H 1
| #define HAVE_STRING_H 1
| #define HAVE_MEMORY_H 1
| #define HAVE_STRINGS_H 1
| #define HAVE_INTTYPES_H 1
| #define HAVE_STDINT_H 1
| #define HAVE_UNISTD_H 1
| #define HAVE_LIBNSL 1
| #define HAVE_LIBPTHREAD 1
| #define HAVE___NSS_CONFIGURE_LOOKUP 1
| #define HAVE_SOCKLEN_T 1
| #define HAVE_PATHS_H 1
| /* end confdefs.h.  */
| #include <rpc/svc_soc.h>
configure:5378: result: no
configure:5378: checking for rpc/svc_soc.h
configure:5378: result: no
configure:5378: checking rpc/clnt_soc.h usability
configure:5378: gcc -c -g -O2  conftest.c >&5
conftest.c:59:10: fatal error: rpc/clnt_soc.h: No such file or directory
   59 | #include <rpc/clnt_soc.h>
      |          ^~~~~~~~~~~~~~~~
compilation terminated.
configure:5378: $? = 1
configure: failed program was:
| /* confdefs.h */
| #define PACKAGE_NAME "ypbind-mt"
| #define PACKAGE_TARNAME "ypbind-mt"
| #define PACKAGE_VERSION "1.38"
| #define PACKAGE_STRING "ypbind-mt 1.38"
| #define PACKAGE_BUGREPORT ""
| #define PACKAGE_URL ""
| #define PACKAGE "ypbind-mt"
| #define VERSION "1.38"
| #define STDC_HEADERS 1
| #define HAVE_SYS_TYPES_H 1
| #define HAVE_SYS_STAT_H 1
| #define HAVE_STDLIB_H 1
| #define HAVE_STRING_H 1
| #define HAVE_MEMORY_H 1
| #define HAVE_STRINGS_H 1
| #define HAVE_INTTYPES_H 1
| #define HAVE_STDINT_H 1
| #define HAVE_UNISTD_H 1
| #define HAVE_LIBNSL 1
| #define HAVE_LIBPTHREAD 1
| #define HAVE___NSS_CONFIGURE_LOOKUP 1
| #define HAVE_SOCKLEN_T 1
| #define HAVE_PATHS_H 1
| /* end confdefs.h.  */
| #include <stdio.h>
| #ifdef HAVE_SYS_TYPES_H
| # include <sys/types.h>
| #endif
| #ifdef HAVE_SYS_STAT_H
| # include <sys/stat.h>
| #endif
| #ifdef STDC_HEADERS
| # include <stdlib.h>
| # include <stddef.h>
| #else
| # ifdef HAVE_STDLIB_H
| #  include <stdlib.h>
| # endif
| #endif
| #ifdef HAVE_STRING_H
| # if !defined STDC_HEADERS && defined HAVE_MEMORY_H
| #  include <memory.h>
| # endif
| # include <string.h>
| #endif
| #ifdef HAVE_STRINGS_H
| # include <strings.h>
| #endif
| #ifdef HAVE_INTTYPES_H
| # include <inttypes.h>
| #endif
| #ifdef HAVE_STDINT_H
| # include <stdint.h>
| #endif
| #ifdef HAVE_UNISTD_H
| # include <unistd.h>
| #endif
| #include <rpc/clnt_soc.h>
configure:5378: result: no
configure:5378: checking rpc/clnt_soc.h presence
configure:5378: gcc -E  conftest.c
conftest.c:26:10: fatal error: rpc/clnt_soc.h: No such file or directory
   26 | #include <rpc/clnt_soc.h>
      |          ^~~~~~~~~~~~~~~~
compilation terminated.
configure:5378: $? = 1
configure: failed program was:
| /* confdefs.h */
| #define PACKAGE_NAME "ypbind-mt"
| #define PACKAGE_TARNAME "ypbind-mt"
| #define PACKAGE_VERSION "1.38"
| #define PACKAGE_STRING "ypbind-mt 1.38"
| #define PACKAGE_BUGREPORT ""
| #define PACKAGE_URL ""
| #define PACKAGE "ypbind-mt"
| #define VERSION "1.38"
| #define STDC_HEADERS 1
| #define HAVE_SYS_TYPES_H 1
| #define HAVE_SYS_STAT_H 1
| #define HAVE_STDLIB_H 1
| #define HAVE_STRING_H 1
| #define HAVE_MEMORY_H 1
| #define HAVE_STRINGS_H 1
| #define HAVE_INTTYPES_H 1
| #define HAVE_STDINT_H 1
| #define HAVE_UNISTD_H 1
| #define HAVE_LIBNSL 1
| #define HAVE_LIBPTHREAD 1
| #define HAVE___NSS_CONFIGURE_LOOKUP 1
| #define HAVE_SOCKLEN_T 1
| #define HAVE_PATHS_H 1
| /* end confdefs.h.  */
| #include <rpc/clnt_soc.h>
configure:5378: result: no
configure:5378: checking for rpc/clnt_soc.h
configure:5378: result: no
configure:5378: checking nss.h usability
configure:5378: gcc -c -g -O2  conftest.c >&5
configure:5378: $? = 0
configure:5378: result: yes
configure:5378: checking nss.h presence
configure:5378: gcc -E  conftest.c
configure:5378: $? = 0
configure:5378: result: yes
configure:5378: checking for nss.h
configure:5378: result: yes
configure:5392: checking for getline
configure:5392: gcc -o conftest -g -O2   conftest.c -lpthread -lnsl  >&5
configure:5392: $? = 0
configure:5392: result: yes
configure:5392: checking for getdelim
configure:5392: gcc -o conftest -g -O2   conftest.c -lpthread -lnsl  >&5
configure:5392: $? = 0
configure:5392: result: yes
configure:5392: checking for vsyslog
configure:5392: gcc -o conftest -g -O2   conftest.c -lpthread -lnsl  >&5
configure:5392: $? = 0
configure:5392: result: yes
configure:5392: checking for res_gethostbyname
configure:5392: gcc -o conftest -g -O2   conftest.c -lpthread -lnsl  >&5
/usr/bin/ld: /tmp/ccN1Vuvq.o: in function `main':
/root/src/void-extra/yp/ypbind-mt-1.38/conftest.c:64: undefined reference to `res_gethostbyname'
collect2: error: ld returned 1 exit status
configure:5392: $? = 1
configure: failed program was:
| /* confdefs.h */
| #define PACKAGE_NAME "ypbind-mt"
| #define PACKAGE_TARNAME "ypbind-mt"
| #define PACKAGE_VERSION "1.38"
| #define PACKAGE_STRING "ypbind-mt 1.38"
| #define PACKAGE_BUGREPORT ""
| #define PACKAGE_URL ""
| #define PACKAGE "ypbind-mt"
| #define VERSION "1.38"
| #define STDC_HEADERS 1
| #define HAVE_SYS_TYPES_H 1
| #define HAVE_SYS_STAT_H 1
| #define HAVE_STDLIB_H 1
| #define HAVE_STRING_H 1
| #define HAVE_MEMORY_H 1
| #define HAVE_STRINGS_H 1
| #define HAVE_INTTYPES_H 1
| #define HAVE_STDINT_H 1
| #define HAVE_UNISTD_H 1
| #define HAVE_LIBNSL 1
| #define HAVE_LIBPTHREAD 1
| #define HAVE___NSS_CONFIGURE_LOOKUP 1
| #define HAVE_SOCKLEN_T 1
| #define HAVE_PATHS_H 1
| #define HAVE_NSS_H 1
| #define HAVE_GETLINE 1
| #define HAVE_GETDELIM 1
| #define HAVE_VSYSLOG 1
| /* end confdefs.h.  */
| /* Define res_gethostbyname to an innocuous variant, in case <limits.h> declares res_gethostbyname.
|    For example, HP-UX 11i <limits.h> declares gettimeofday.  */
| #define res_gethostbyname innocuous_res_gethostbyname
| 
| /* System header to define __stub macros and hopefully few prototypes,
|     which can conflict with char res_gethostbyname (); below.
|     Prefer <limits.h> to <assert.h> if __STDC__ is defined, since
|     <limits.h> exists even on freestanding compilers.  */
| 
| #ifdef __STDC__
| # include <limits.h>
| #else
| # include <assert.h>
| #endif
| 
| #undef res_gethostbyname
| 
| /* Override any GCC internal prototype to avoid an error.
|    Use char because int might match the return type of a GCC
|    builtin and then its argument prototype would still apply.  */
| #ifdef __cplusplus
| extern "C"
| #endif
| char res_gethostbyname ();
| /* The GNU C library defines this for functions which it implements
|     to always fail with ENOSYS.  Some functions are actually named
|     something starting with __ and the normal name is an alias.  */
| #if defined __stub_res_gethostbyname || defined __stub___res_gethostbyname
| choke me
| #endif
| 
| int
| main ()
| {
| return res_gethostbyname ();
|   ;
|   return 0;
| }
configure:5392: result: no
configure:5392: checking for _dns_gethostbyname
configure:5392: gcc -o conftest -g -O2   conftest.c -lpthread -lnsl  >&5
/usr/bin/ld: /tmp/cc5irnNN.o: in function `main':
/root/src/void-extra/yp/ypbind-mt-1.38/conftest.c:64: undefined reference to `_dns_gethostbyname'
collect2: error: ld returned 1 exit status
configure:5392: $? = 1
configure: failed program was:
| /* confdefs.h */
| #define PACKAGE_NAME "ypbind-mt"
| #define PACKAGE_TARNAME "ypbind-mt"
| #define PACKAGE_VERSION "1.38"
| #define PACKAGE_STRING "ypbind-mt 1.38"
| #define PACKAGE_BUGREPORT ""
| #define PACKAGE_URL ""
| #define PACKAGE "ypbind-mt"
| #define VERSION "1.38"
| #define STDC_HEADERS 1
| #define HAVE_SYS_TYPES_H 1
| #define HAVE_SYS_STAT_H 1
| #define HAVE_STDLIB_H 1
| #define HAVE_STRING_H 1
| #define HAVE_MEMORY_H 1
| #define HAVE_STRINGS_H 1
| #define HAVE_INTTYPES_H 1
| #define HAVE_STDINT_H 1
| #define HAVE_UNISTD_H 1
| #define HAVE_LIBNSL 1
| #define HAVE_LIBPTHREAD 1
| #define HAVE___NSS_CONFIGURE_LOOKUP 1
| #define HAVE_SOCKLEN_T 1
| #define HAVE_PATHS_H 1
| #define HAVE_NSS_H 1
| #define HAVE_GETLINE 1
| #define HAVE_GETDELIM 1
| #define HAVE_VSYSLOG 1
| /* end confdefs.h.  */
| /* Define _dns_gethostbyname to an innocuous variant, in case <limits.h> declares _dns_gethostbyname.
|    For example, HP-UX 11i <limits.h> declares gettimeofday.  */
| #define _dns_gethostbyname innocuous__dns_gethostbyname
| 
| /* System header to define __stub macros and hopefully few prototypes,
|     which can conflict with char _dns_gethostbyname (); below.
|     Prefer <limits.h> to <assert.h> if __STDC__ is defined, since
|     <limits.h> exists even on freestanding compilers.  */
| 
| #ifdef __STDC__
| # include <limits.h>
| #else
| # include <assert.h>
| #endif
| 
| #undef _dns_gethostbyname
| 
| /* Override any GCC internal prototype to avoid an error.
|    Use char because int might match the return type of a GCC
|    builtin and then its argument prototype would still apply.  */
| #ifdef __cplusplus
| extern "C"
| #endif
| char _dns_gethostbyname ();
| /* The GNU C library defines this for functions which it implements
|     to always fail with ENOSYS.  Some functions are actually named
|     something starting with __ and the normal name is an alias.  */
| #if defined __stub__dns_gethostbyname || defined __stub____dns_gethostbyname
| choke me
| #endif
| 
| int
| main ()
| {
| return _dns_gethostbyname ();
|   ;
|   return 0;
| }
configure:5392: result: no
configure:5405: checking for xsltproc
configure:5423: found /usr/bin/xsltproc
configure:5435: result: /usr/bin/xsltproc
configure:5448: checking for xmllint
configure:5466: found /usr/bin/xmllint
configure:5479: result: /usr/bin/xmllint
configure:5500: checking for XML catalog (/etc/xml/catalog)
configure:5503: result: found
configure:5514: checking for xmlcatalog
configure:5532: found /usr/bin/xmlcatalog
configure:5545: result: /usr/bin/xmlcatalog
configure:5564: checking for DocBook XML DTD V4.3 in XML catalog
configure:5567: $XMLCATALOG --noout "$XML_CATALOG_FILE" "-//OASIS//DTD DocBook XML V4.3//EN" >&2
/usr/share/xml/docbook/4.3/docbookx.dtd
configure:5570: $? = 0
configure:5572: result: found
configure:5581: checking for DocBook XSL Stylesheets in XML catalog
configure:5584: $XMLCATALOG --noout "$XML_CATALOG_FILE" "http://docbook.sourceforge.net/release/xsl/current/manpages/docbook.xsl" >&2
/usr/share/xsl/docbook/manpages/docbook.xsl
configure:5587: $? = 0
configure:5589: result: found
configure:5607: checking for a sed that does not truncate output
configure:5671: result: /usr/bin/sed
configure:5677: checking whether NLS is requested
configure:5686: result: yes
configure:5726: checking for msgfmt
configure: trying /usr/bin/msgfmt...
0 translated messages.
configure:5758: result: /usr/bin/msgfmt
configure:5767: checking for gmsgfmt
configure:5798: result: /usr/bin/msgfmt
configure:5848: checking for xgettext
configure: trying /usr/bin/xgettext...
/usr/bin/xgettext: warning: file '/dev/null' extension '' is unknown; will try C
configure:5880: result: /usr/bin/xgettext
configure:5925: checking for msgmerge
configure: trying /usr/bin/msgmerge...
configure:5956: result: /usr/bin/msgmerge
configure:6014: checking for ld used by gcc
configure:6081: result: /usr/bin/ld
configure:6088: checking if the linker (/usr/bin/ld) is GNU ld
configure:6103: result: yes
configure:6110: checking for shared library run path origin
configure:6123: result: done
configure:6731: checking for GNU gettext in libc
configure:6755: gcc -o conftest -g -O2   conftest.c -lpthread -lnsl  >&5
configure:6755: $? = 0
configure:6764: result: yes
configure:7592: checking whether to use NLS
configure:7594: result: yes
configure:7597: checking where the gettext function comes from
configure:7608: result: libc
configure:7688: checking wether we have glibc 2.1 or later
configure:7705: gcc -c -g -O2  conftest.c >&5
configure:7705: $? = 0
configure:7712: result: yes
configure:7856: checking that generated files are newer than configure
configure:7862: result: done
configure:7889: creating ./config.status

## ---------------------- ##
## Running config.status. ##
## ---------------------- ##

This file was extended by ypbind-mt config.status 1.38, which was
generated by GNU Autoconf 2.69.  Invocation command line was

  CONFIG_FILES    = 
  CONFIG_HEADERS  = 
  CONFIG_LINKS    = 
  CONFIG_COMMANDS = 
  $ ./config.status 

on srv-x230

config.status:921: creating Makefile
config.status:921: creating lib/Makefile
config.status:921: creating src/Makefile
config.status:921: creating man/Makefile
config.status:921: creating po/Makefile.in
config.status:921: creating config.h
config.status:1102: config.h is unchanged
config.status:1150: executing depfiles commands
config.status:1225: cd lib       && sed -e '/# am--include-marker/d' Makefile         | make -f - am--depfiles
make: Nothing to be done for 'am--depfiles'.
config.status:1232: $? = 0
config.status:1225: cd src       && sed -e '/# am--include-marker/d' Makefile         | make -f - am--depfiles
make: Nothing to be done for 'am--depfiles'.
config.status:1232: $? = 0
config.status:1150: executing po-directories commands

## ---------------- ##
## Cache variables. ##
## ---------------- ##

ac_cv_build='x86_64-slackware-linux-gnu'
ac_cv_c_compiler_gnu='yes'
ac_cv_c_const='yes'
ac_cv_env_CC_set=''
ac_cv_env_CC_value=''
ac_cv_env_CFLAGS_set=''
ac_cv_env_CFLAGS_value=''
ac_cv_env_CPPFLAGS_set=''
ac_cv_env_CPPFLAGS_value=''
ac_cv_env_CPP_set=''
ac_cv_env_CPP_value=''
ac_cv_env_DBUS_CFLAGS_set=''
ac_cv_env_DBUS_CFLAGS_value=''
ac_cv_env_DBUS_LIBS_set=''
ac_cv_env_DBUS_LIBS_value=''
ac_cv_env_GLIB_CFLAGS_set=''
ac_cv_env_GLIB_CFLAGS_value=''
ac_cv_env_GLIB_LIBS_set=''
ac_cv_env_GLIB_LIBS_value=''
ac_cv_env_LDFLAGS_set=''
ac_cv_env_LDFLAGS_value=''
ac_cv_env_LIBS_set=''
ac_cv_env_LIBS_value=''
ac_cv_env_PKG_CONFIG_LIBDIR_set=''
ac_cv_env_PKG_CONFIG_LIBDIR_value=''
ac_cv_env_PKG_CONFIG_PATH_set=''
ac_cv_env_PKG_CONFIG_PATH_value=''
ac_cv_env_PKG_CONFIG_set=''
ac_cv_env_PKG_CONFIG_value=''
ac_cv_env_SYSTEMD_CFLAGS_set=''
ac_cv_env_SYSTEMD_CFLAGS_value=''
ac_cv_env_SYSTEMD_LIBS_set=''
ac_cv_env_SYSTEMD_LIBS_value=''
ac_cv_env_build_alias_set='set'
ac_cv_env_build_alias_value='x86_64-slackware-linux'
ac_cv_env_host_alias_set='set'
ac_cv_env_host_alias_value='x86_64-slackware-linux'
ac_cv_env_target_alias_set='set'
ac_cv_env_target_alias_value='x86_64-slackware-linux'
ac_cv_func___nss_configure_lookup='yes'
ac_cv_func__dns_gethostbyname='no'
ac_cv_func_getdelim='yes'
ac_cv_func_getline='yes'
ac_cv_func_res_gethostbyname='no'
ac_cv_func_vsyslog='yes'
ac_cv_header_inttypes_h='yes'
ac_cv_header_memory_h='yes'
ac_cv_header_nss_h='yes'
ac_cv_header_paths_h='yes'
ac_cv_header_rpc_clnt_soc_h='no'
ac_cv_header_rpc_svc_soc_h='no'
ac_cv_header_slp_h='no'
ac_cv_header_stdc='yes'
ac_cv_header_stdint_h='yes'
ac_cv_header_stdlib_h='yes'
ac_cv_header_string_h='yes'
ac_cv_header_strings_h='yes'
ac_cv_header_sys_filio_h='no'
ac_cv_header_sys_stat_h='yes'
ac_cv_header_sys_types_h='yes'
ac_cv_header_unistd_h='yes'
ac_cv_host='x86_64-slackware-linux-gnu'
ac_cv_lib_cposix_strerror='no'
ac_cv_lib_nsl_yp_get_default_domain='yes'
ac_cv_lib_pthread_pthread_create='yes'
ac_cv_lib_slp_SLPReg='no'
ac_cv_lib_socket_bind='no'
ac_cv_objext='o'
ac_cv_path_EGREP='/usr/bin/grep -E'
ac_cv_path_GMSGFMT='/usr/bin/msgfmt'
ac_cv_path_GREP='/usr/bin/grep'
ac_cv_path_MSGFMT='/usr/bin/msgfmt'
ac_cv_path_MSGMERGE='/usr/bin/msgmerge'
ac_cv_path_SED='/usr/bin/sed'
ac_cv_path_XGETTEXT='/usr/bin/xgettext'
ac_cv_path_XMLCATALOG='/usr/bin/xmlcatalog'
ac_cv_path_XMLLINT='/usr/bin/xmllint'
ac_cv_path_XSLTPROC='/usr/bin/xsltproc'
ac_cv_path_ac_pt_PKG_CONFIG='/usr/bin/pkg-config'
ac_cv_path_install='/usr/bin/install -c'
ac_cv_path_mkdir='/usr/bin/mkdir'
ac_cv_prog_AWK='gawk'
ac_cv_prog_CPP='gcc -E'
ac_cv_prog_ac_ct_CC='gcc'
ac_cv_prog_ac_ct_RANLIB='ranlib'
ac_cv_prog_cc_c89=''
ac_cv_prog_cc_g='yes'
ac_cv_prog_make_make_set='yes'
acl_cv_hardcode_direct='no'
acl_cv_hardcode_libdir_flag_spec='${wl}-rpath ${wl}$libdir'
acl_cv_hardcode_libdir_separator=''
acl_cv_hardcode_minus_L='no'
acl_cv_libext='a'
acl_cv_libname_spec='lib$name'
acl_cv_library_names_spec='$libname$shrext'
acl_cv_path_LD='/usr/bin/ld'
acl_cv_prog_gnu_ld='yes'
acl_cv_rpath='done'
acl_cv_shlibext='so'
acl_cv_wl='-Wl,'
am_cv_CC_dependencies_compiler_type='gcc3'
am_cv_make_support_nested_variables='yes'
am_cv_prog_cc_c_o='yes'
gt_cv_func_gnugettext1_libc='yes'

## ----------------- ##
## Output variables. ##
## ----------------- ##

ACLOCAL='${SHELL} /root/src/void-extra/yp/ypbind-mt-1.38/missing aclocal-1.16'
AMDEPBACKSLASH='\'
AMDEP_FALSE='#'
AMDEP_TRUE=''
AMTAR='$${TAR-tar}'
AM_BACKSLASH='\'
AM_DEFAULT_V='$(AM_DEFAULT_VERBOSITY)'
AM_DEFAULT_VERBOSITY='1'
AM_V='$(V)'
AUTOCONF='${SHELL} /root/src/void-extra/yp/ypbind-mt-1.38/missing autoconf'
AUTOHEADER='${SHELL} /root/src/void-extra/yp/ypbind-mt-1.38/missing autoheader'
AUTOMAKE='${SHELL} /root/src/void-extra/yp/ypbind-mt-1.38/missing automake-1.16'
AWK='gawk'
CC='gcc'
CCDEPMODE='depmode=gcc3'
CFLAGS='-g -O2'
CPP='gcc -E'
CPPFLAGS=''
CYGPATH_W='echo'
DBUS_CFLAGS=''
DBUS_LIBS=''
DEFS='-DHAVE_CONFIG_H'
DEPDIR='.deps'
ECHO_C=''
ECHO_N='-n'
ECHO_T=''
EGREP='/usr/bin/grep -E'
ENABLE_REGENERATE_MAN_FALSE='#'
ENABLE_REGENERATE_MAN_TRUE=''
EXEEXT=''
GETTEXT_MACRO_VERSION='0.19'
GLIB_CFLAGS=''
GLIB_LIBS=''
GMSGFMT='/usr/bin/msgfmt'
GMSGFMT_015='/usr/bin/msgfmt'
GREP='/usr/bin/grep'
INSTALL_DATA='${INSTALL} -m 644'
INSTALL_PROGRAM='${INSTALL}'
INSTALL_SCRIPT='${INSTALL}'
INSTALL_STRIP_PROGRAM='$(install_sh) -c -s'
INTLLIBS=''
LDFLAGS=''
LIBICONV='-liconv'
LIBINTL=''
LIBOBJS=''
LIBS='-lpthread -lnsl '
LTLIBICONV='-liconv'
LTLIBINTL=''
LTLIBOBJS=''
MAKEINFO='${SHELL} /root/src/void-extra/yp/ypbind-mt-1.38/missing makeinfo'
MKDIR_P='/usr/bin/mkdir -p'
MSGFMT='/usr/bin/msgfmt'
MSGFMT_015='/usr/bin/msgfmt'
MSGMERGE='/usr/bin/msgmerge'
OBJEXT='o'
PACKAGE='ypbind-mt'
PACKAGE_BUGREPORT=''
PACKAGE_NAME='ypbind-mt'
PACKAGE_STRING='ypbind-mt 1.38'
PACKAGE_TARNAME='ypbind-mt'
PACKAGE_URL=''
PACKAGE_VERSION='1.38'
PATH_SEPARATOR=':'
PKG_CONFIG='/usr/bin/pkg-config'
PKG_CONFIG_LIBDIR=''
PKG_CONFIG_PATH=''
POSUB='po'
RANLIB='ranlib'
SED='/usr/bin/sed'
SET_MAKE=''
SHELL='/bin/sh'
SLP_LIBS=''
STRIP=''
SYSTEMD_CFLAGS=''
SYSTEMD_LIBS=''
USE_BROADCAST='1'
USE_NLS='yes'
USE_SD_NOTIFY='0'
VERSION='1.38'
WARNFLAGS='-Wall'
XGETTEXT='/usr/bin/xgettext'
XGETTEXT_015='/usr/bin/xgettext'
XGETTEXT_EXTRA_OPTIONS=''
XMLCATALOG='/usr/bin/xmlcatalog'
XMLLINT='/usr/bin/xmllint'
XML_CATALOG_FILE='/etc/xml/catalog'
XSLTPROC='/usr/bin/xsltproc'
ac_ct_CC='gcc'
am__EXEEXT_FALSE=''
am__EXEEXT_TRUE='#'
am__fastdepCC_FALSE='#'
am__fastdepCC_TRUE=''
am__include='include'
am__isrc=''
am__leading_dot='.'
am__nodep='_no'
am__quote=''
am__tar='$${TAR-tar} chof - "$$tardir"'
am__untar='$${TAR-tar} xf -'
bindir='${exec_prefix}/bin'
build='x86_64-slackware-linux-gnu'
build_alias='x86_64-slackware-linux'
build_cpu='x86_64'
build_os='linux-gnu'
build_vendor='slackware'
datadir='${datarootdir}'
datarootdir='${prefix}/share'
docdir='${datarootdir}/doc/${PACKAGE_TARNAME}'
dvidir='${docdir}'
exec_prefix='${prefix}'
host='x86_64-slackware-linux-gnu'
host_alias='x86_64-slackware-linux'
host_cpu='x86_64'
host_os='linux-gnu'
host_vendor='slackware'
htmldir='${docdir}'
includedir='${prefix}/include'
infodir='${datarootdir}/info'
install_sh='${SHELL} /root/src/void-extra/yp/ypbind-mt-1.38/install-sh'
libdir='/usr/lib64'
libexecdir='${exec_prefix}/libexec'
localedir='${datarootdir}/locale'
localstatedir='${prefix}/var'
mandir='${datarootdir}/man'
mkdir_p='$(MKDIR_P)'
oldincludedir='/usr/include'
pdfdir='${docdir}'
prefix='/usr'
program_transform_name='s,x,x,'
psdir='${docdir}'
sbindir='${exec_prefix}/sbin'
sharedstatedir='${prefix}/com'
sysconfdir='${prefix}/etc'
target_alias='x86_64-slackware-linux'

## ----------- ##
## confdefs.h. ##
## ----------- ##

/* confdefs.h */
#define PACKAGE_NAME "ypbind-mt"
#define PACKAGE_TARNAME "ypbind-mt"
#define PACKAGE_VERSION "1.38"
#define PACKAGE_STRING "ypbind-mt 1.38"
#define PACKAGE_BUGREPORT ""
#define PACKAGE_URL ""
#define PACKAGE "ypbind-mt"
#define VERSION "1.38"
#define STDC_HEADERS 1
#define HAVE_SYS_TYPES_H 1
#define HAVE_SYS_STAT_H 1
#define HAVE_STDLIB_H 1
#define HAVE_STRING_H 1
#define HAVE_MEMORY_H 1
#define HAVE_STRINGS_H 1
#define HAVE_INTTYPES_H 1
#define HAVE_STDINT_H 1
#define HAVE_UNISTD_H 1
#define HAVE_LIBNSL 1
#define HAVE_LIBPTHREAD 1
#define HAVE___NSS_CONFIGURE_LOOKUP 1
#define HAVE_SOCKLEN_T 1
#define HAVE_PATHS_H 1
#define HAVE_NSS_H 1
#define HAVE_GETLINE 1
#define HAVE_GETDELIM 1
#define HAVE_VSYSLOG 1
#define ENABLE_NLS 1
#define HAVE_GETTEXT 1
#define HAVE_DCGETTEXT 1

configure: exit 0
